1 INO80B
2 INO80C
3 MAP3K8
4 NFKB1
5 PSMD14
6 PSMD3
7 WDR20
8 USP12
9 EIF2C4
10 EIF2C3
11 PSMC4
12 PSMC2
13 PRKAG2
14 PRKAB1
15 PCGF2
16 RNF2
17 PSMA1
18 PSMA4
19 PPP2R2D
20 TCP1
21 LLGL1
22 PARD6B
23 USP3
24 EIF3F
25 MED18
26 MED8
27 HAUS6
28 HAUS7
29 SCML1
30 PHC3
31 TRIP4
32 MED10
33 PRKAA2
34 PSMC6
35 PSMD6
36 NFRKB
37 UCHL5
38 RIN1
39 MLLT4
40 YY1
41 MED15
42 ZC3H13
43 PARD6A
44 PRKCI
45 PSMD12
46 EZH2
47 SUZ12
48 YWHAQ
49 YWHAZ
50 DNMT3L
51 DNMT3B
52 WIPF1
53 PACSIN3
54 GOLGA2
55 GORASP1
56 PPP4C
57 CCT5
58 NCOA6
59 WDR5
60 EIF3E
61 EIF3H
62 UBA2
63 SUMO3
64 MED23
65 SREBF1
66 CHMP4C
67 CHMP4A
68 RECQL5
69 NBN
70 SOX2
71 HDAC1
72 TAF12
73 TAF10
74 SF3A2
75 SRRM2
76 CREB1
77 FHL3
78 INTS12
79 INTS3
80 MAP1LC3B
81 STK3
82 FKBP8
83 PSMD2
84 FAS
85 FADD
86 PSMD4
87 STK16
88 EXT2
89 MEPCE
90 USP39
91 DNM2
92 CUEDC2
93 CHUK
94 ASF1A
95 MCM4
96 TRADD
97 SNRPB
98 EFTUD2
99 BCL7C
100 BRD7
101 NDEL1
102 CEP63
103 C7ORF26
104 INTS1
105 USP21
106 MARK1
107 GYG1
108 POLR2C
109 PSMB7
110 NOP56
111 TOP1
112 SF3B2
113 GABARAP
114 IPO5
115 MED13L
116 STRN3
117 CCT4
118 ZMYM2
119 RELB
120 NR1I2
121 SRC
122 DLGAP1
123 DLG3
124 NONO
125 FUCA1
126 LSM5
127 SNRPF
128 KHDRBS2
129 HNRNPD
130 NHP2L1
131 NOLC1
132 THRA
133 RXRA
134 GABARAPL1
135 LIN7C
136 AMOT
137 PCK1
138 PSMA2
139 ITSN2
140 YLPM1
141 PPIE
142 CDC5L
143 JUP
144 PTPN14
145 DVL2
146 TIFA
147 EIF2C2
148 NCKAP1
149 RYK
150 C14ORF1
151 ALDH2
152 UBC
153 RPL3
154 LSM7
155 SNRPD3
156 EXOC4
157 CSNK2A1
158 MGMT
159 EEF1B2
160 EMD
161 AR
162 UBE2I
163 MORF4L1
164 TUBA1A
165 PMS2
166 ATAD3A
167 RPAP2
168 BMI1
169 RYBP
170 TAF4
171 TAF13
172 H2AFX
173 PKM2
174 SPRY2
175 SASS6
176 PPP1CB
177 HIPK3
178 PSMC1
179 AXIN1
180 GSK3B
181 KIF5B
182 APC
183 KRTAP4-12
184 SLC25A6
185 SUMO2
186 PDS5A
187 PGR
188 ACTB
189 HNRNPH3
190 ARRB1
191 HNRNPU
192 HIST1H1C
193 PSMC5
194 RNF185
195 XRCC5
196 HIST1H4A
197 SFN
198 MPRIP
199 PSMD11
200 CDT1
201 BAZ1B
202 PRPF3
203 PHIP
204 CUL4A
205 H3F3A
206 KRT15
207 MED16
208 ITSN1
209 HIP1
210 H2AFZ
211 USP11
212 EIF4B
213 EBNA1BP2
214 CCNT2
215 MLLT3
216 MAPK13
217 DDX1
218 COPS2
219 HTT
220 RAI14
221 YWHAB
222 MAP1B
223 ARID1A
224 PRKDC
225 EXOSC5
226 CDK9
227 SMARCAD1
228 CDC23
229 SRP14
230 TRRAP
231 FAF1
232 DNAJB11
233 CNOT7
234 CNOT3
235 SCYL2
236 AP3B1
237 MAPK8IP2
238 VCP
239 PIK3R1
240 NPM1
241 UBE2K
242 BARD1
243 SMARCA5
244 SSRP1
245 WDTC1
246 MED4
247 SP100
248 SUMO1
249 DISC1
250 ACTG1
251 ARID1B
252 DYNC1I1
253 RCC1
254 CUL3
255 GAPDH
256 TOP2B
257 EIF4A1
258 DYRK2
259 INSIG2
260 SIRT7
261 EWSR1
262 NUDT21
263 UCP3
264 TNFRSF8
265 TRAF2
266 CLK1
267 TRIM24
268 UTP18
269 G3BP1
270 PRPF40A
271 MED20
272 UNC119
273 RGL2
274 CLTC
275 STAT1
276 PIAS1
277 NUP214
278 NFKB2
279 USP22
280 MAPK14
281 WDR26
282 RAE1
283 RPS16
284 COPG
285 HSPH1
286 DRG1
287 HIST1H4C
288 WHSC1L1
289 HYOU1
290 TRA2A
291 RBBP6
292 RPL10
293 SALL1
294 TRIM63
295 USP13
296 INTS9
297 PRKRA
298 NKRF
299 PHF21A
300 FUS
301 PNKP
302 TSR2
303 RAN
304 TFAP2C
305 PPME1
306 WIPF2
307 GRB2
308 NUP62CL
309 OGT
310 NDRG1
311 SRPK1
312 HDAC5
313 IARS
314 NUP205
315 SNCA
316 BPTF
317 CFL1
318 CTPS
319 USP9X
320 USP45
321 ATF2
322 ARHGEF2
323 YBX1
324 SNAPIN
325 TARDBP
326 NSFL1C
327 USP42
328 SIN3B
329 CDKN2A
330 UBE4B
331 SMNDC1
332 TSR1
333 IRF3
334 RB1
335 CPT1A
336 SAP18
337 G3BP2
338 RIPK1
339 BCS1L
340 DDX24
341 RPL7A
342 ROBO1
343 TUBB3
344 ASCC2
345 CHD8
346 RNF5
347 DYNLRB1
348 DLST
349 RXRB
350 TRAF6
351 VDAC1
352 PPP2R2C
353 HSPD1
354 TRAF4
355 FTH1
356 XRCC4
357 ACTN1
358 CEP78
359 SH3BP4
360 SHC1
361 TTC1
362 SIRT1
363 GIPC1
364 SLC2A1
365 PHF8
366 RPAP1
367 TUBA1B
368 RICTOR
369 LONP1
370 YOD1
371 MAGEH1
372 RARS
373 UEVLD
374 CSNK2B
375 GADD45GIP1
376 DBN1
377 NXF1
378 U2AF1
379 BANF1
380 MYH10
381 RNF219
382 EIF3J
383 ARHGDIA
384 SDHC
385 BBS10
386 FXYD6
387 TP53
388 CLN3
389 FANCI
390 PRPF31
391 PWP1
392 USP20
393 VAPA
394 ZFP36L1
395 FLNA
396 TAF1C
397 TK1
398 MSH2
399 ZNF638
400 FHL2
401 KLC1
402 MFAP1
403 AHCTF1
404 RBM6
405 DHX36
406 KPNA3
407 APEX1
408 VAT1
409 TXNL1
410 PRSS23
411 RGS2
412 MICALL1
413 FAM82A2
414 TP53BP2
415 PLK1
416 SPTA1
417 EZR
418 MLL
419 GPAA1
420 MGRN1
421 USP4
422 ASAP1
423 SMTN
424 HIST1H1D
425 POLA2
426 ATP5C1
427 C3ORF26
428 SART3
429 MPP6
430 FTL
431 RFK
432 RAB1A
433 TTC28
434 BRE
435 TFG
436 CFLAR
437 SF3B3
438 THOC3
439 UBE2J2
440 RNF10
441 CA2
442 PCNA
443 TRIP10
444 WIPI2
445 NIPSNAP3A
446 IKBKAP
447 LLGL2
448 BNIP2
449 USP25
450 KRT4
451 ALDH7A1
452 DDA1
453 ZNF426
454 CALCOCO2
455 SND1
456 KLF6
457 EHMT2
458 TMEM173
459 STT3A
460 ACACA
461 PRKAR1A
462 CBS
463 SNUPN
464 DST
465 NFYC
466 MRPL45
467 IFRD2
468 C4ORF43
469 GBAS
470 NPEPPS
471 XPO6
472 GAN
473 STX4
474 VAMP2
475 BAG3
476 IK
477 DMWD
478 HBB
479 PUM2
480 TNNT1
481 FYN
482 ADNP2
483 NDC80
484 PFDN1
485 FHOD1
486 DR1
487 UNC93B1
488 MBOAT7
489 BYSL
490 PTTG1
491 GIT1
492 NFYB
493 WDR44
494 XPO7
495 CELSR2
496 HIPK1
497 ZAK
498 ELF1
499 NPM3
500 FOXP4
501 EDC4
502 PDE6D
503 RAP1A
504 DNAJB1
505 NSMAF
506 PDLIM1
507 SUPT4H1
508 FZD7
509 UBQLN1
510 AMIGO2
511 CACNA1A
512 TNIK
513 ANK2
514 PAWR
515 PRKCZ
516 LDOC1
517 GNL3L
518 ZNF407
519 ZBTB9
520 ASXL1
521 UBE2D4
522 RNF166
523 SUV420H2
524 RNF130
525 SYVN1
526 UBE2J1
527 IFT57
528 WDR73
529 ANKRD1
530 MAPK6
531 HSP90AB1
532 UBE2L6
533 ASAP2
534 RPL34
535 UBE2D2
536 TRAF7
537 GOLM1
538 RPL13A
539 SRI
540 NRAS
541 ERCC1
542 UBL7
543 PPID
544 PTP4A2
545 FNTA
546 DNAJB6
547 RBM42
548 HIST1H2BM
549 SEPT5
550 STYXL1
551 RPS29
552 AURKA
553 IFIT5
554 USP33
555 UBE3C
556 ARHGAP10
557 SPR
558 DKFZP761E198
559 PDLIM7
560 UBE2G2
561 CORO1A
562 RAB10
563 RPP38
564 AGTPBP1
565 ISYNA1
566 TLK1
567 CCDC8
568 TM4SF1
569 FAM49B
570 PITRM1
571 STAT5A
572 CCDC85B
573 CCNK
574 FOSL2
575 LTA4H
576 C10ORF88
577 RAD9A
578 PCSK5
579 APPBP2
580 TP53I3
581 KRT35
582 PNO1
583 ATP2A1
584 DHX34
585 FER
586 TMF1
587 C11ORF2
588 LETM1
589 TCF25
590 SPAG1
591 SYDE1
592 MAOA
593 DEFA1
594 PLSCR3
595 M6PR
596 WDR74
597 FGF2
598 RAB7L1
599 STX12
600 CSNK1G3
601 PMPCB
602 BTG3
603 DAAM1
604 CECR2
605 SEC63
606 BEX2
607 PIP
608 UBTD1
609 ARFGEF2
610 PRKAR2A
611 CWF19L1
612 PLA2G16
613 SLC12A3
614 DAPK1
615 EIF2B3
616 LPGAT1
617 NEO1
618 MAGEA12
619 MTMR8
620 ARHGAP26
621 TTN
622 COMMD3
623 MCRS1
624 INO80
625 MED26
626 SCMH1
627 CBX4
628 STAG1
629 COBRA1
630 TH1L
631 HDAC2
632 CHD4
633 KDM2B
634 BCOR
635 TFDP1
636 RBL2
637 PSMD10
638 PSMD1
639 PPP2CB
640 CTNNBL1
641 PLRG1
642 ACP6
643 ILK
644 TNFAIP8
645 PTP4A1
646 NDNL2
647 SMC6
648 DDX5
649 HNRNPH1
650 INTS10
651 INTS8
652 ZNF513
653 ZFP64
654 QKI
655 CPSF6
656 POT1
657 TERF2IP
658 UIMC1
659 BRCA1
660 DYNLL1
661 DYNC1I2
662 PACSIN2
663 WAS
664 SAP30
665 PCGF1
666 SKP1
667 TRAF3IP3
668 RRP1B
669 CHMP1A
670 VPS4A
671 TERF2
672 BTG2
673 CNOT1
674 DDB2
675 COPS6
676 SF3B1
677 PHF15
678 ING4
679 RCOR1
680 SF3A1
681 HNRNPM
682 IRF7
683 IRAK1
684 GGA3
685 RABEP1
686 SRRM1
687 POLR2D
688 SMARCA4
689 KPNA2
690 RBPMS
691 DTX2
692 TCERG1
693 SHFM1
694 PSMA7
695 HNRNPH2
696 TCEAL1
697 USP7
698 RAD23A
699 PSMB1
700 CEP72
701 PPP1R12A
702 RARG
703 NR2F6
704 HIC1
705 CTBP1
706 KRT31
707 TWF2
708 PLSCR4
709 PLSCR1
710 CSDA
711 UHRF1
712 DNMT1
713 HIST1H3A
714 CDC73
715 MARK2
716 YWHAG
717 NCOR2
718 SF3B5
719 FMR1
720 CYFIP1
721 PARD6G
722 TOPORS
723 DHX15
724 PSTPIP1
725 ERBB2IP
726 ITGB4
727 MEF2C
728 CDC42SE2
729 CDC42
730 UBASH3B
731 IGKC
732 PHYHIP
733 AIFM1
734 PSD3
735 ARRB2
736 TUBA3C
737 VHL
738 HNRNPC
739 RUNX1
740 ESRRA
741 EIF3I
742 SNW1
743 WDR77
744 EPB41L3
745 ARPC3
746 TOLLIP
747 IRAK2
748 NR4A1
749 HDGF
750 THRAP3
751 H1FX
752 IRS4
753 C20ORF20
754 APBB1
755 ATAD3B
756 ZNF281
757 CSTF2
758 CPSF2
759 GANAB
760 CENPF
761 COPS3
762 HSP90AA1
763 TUBB2A
764 PCBP1
765 DAXX
766 CREBBP
767 LIMA1
768 LARP1
769 PLOD2
770 STK38
771 PRPF19
772 ZBTB16
773 PML
774 DDX47
775 TSC22D4
776 IMMT
777 RBM39
778 RPS13
779 TBX1
780 MCM3
781 WWOX
782 POLR2A
783 CEP170
784 DNAJA1
785 AKT1
786 KHSRP
787 FBXO4
788 NEDD8
789 RPL7L1
790 GNA12
791 SYMPK
792 BAZ1A
793 SMC4
794 KAT2A
795 ESR1
796 POLR2J
797 ELAVL1
798 BCL6
799 ZNF346
800 EIF2AK2
801 CCDC53
802 PLDN
803 EXOSC10
804 SLC25A5
805 RPS23
806 HP1BP3
807 SMEK1
808 TIPRL
809 RAD50
810 RPL6
811 FAF2
812 UBR5
813 ANKHD1-EIF4EBP3
814 RPL18
815 PINX1
816 MAP3K1
817 TLN1
818 ADAR
819 EIF3C
820 RPL15
821 RBM25
822 RPL4
823 PFAS
824 RPL7
825 RPL21
826 RABAC1
827 SET
828 PWP2
829 TOM1L1
830 RAF1
831 USP36
832 NCOA2
833 WDHD1
834 ERCC5
835 PTK2
836 E2F6
837 ATF4
838 PTCD3
839 SSSCA1
840 PRMT1
841 NR2F2
842 ZMYND8
843 UBE2B
844 UBR1
845 MLH1
846 ZC3H11A
847 HSD17B10
848 DDX6
849 CTNND1
850 PAK1
851 RPS26
852 RPS12
853 EIF2AK4
854 BOLA2
855 ARL3
856 DBNL
857 RB1CC1
858 UQCRC1
859 COX6B1
860 HIF1A
861 EP300
862 SMCR7L
863 TMEM102
864 NUDT3
865 RPL17
866 PQBP1
867 C11ORF58
868 PFDN5
869 TANK
870 GLRX3
871 NADK
872 ABCF2
873 NUDC
874 CRMP1
875 TRIP13
876 KDM6A
877 DNTT
878 DRAP1
879 POLE3
880 NDUFV2
881 WDR33
882 TCEA2
883 IVD
884 HIF1AN
885 OSBPL8
886 SQSTM1
887 ARAP1
888 WAPAL
889 FNBP1
890 INPP1
891 MAPK1
892 HYLS1
893 SERPINH1
894 UBQLN4
895 PCBD1
896 PEG10
897 UBE2W
898 DZIP3
899 TTF2
900 HMGA1
901 SMCR7
902 KPNA4
903 LDB1
904 ZNRF1
905 UBE2D1
906 XIAP
907 CLIP1
908 PAFAH1B1
909 CNOT4
910 ALDH9A1
911 USP46
912 CBLC
913 UBE2R2
914 DIP2C
915 PIM1
916 SNX6
917 DNMBP
918 WASF1
919 NRIP1
920 CTBP2
921 ELOVL1
922 RBCK1
923 MSX1
924 DLX2
925 PSMB8
926 PSMB9
927 PNPLA2
928 TNPO1
929 AASDHPPT
930 GAR1
931 EPAS1
932 SEC23IP
933 RAB22A
934 EEA1
935 DDX11
936 ABI3
937 RUNX1T1
938 QPRT
939 C20ORF4
