1 INO80B
2 INO80C
3 MAP3K8
4 NFKB1
5 PSMD14
6 PSMD3
7 PSMA1
8 PSMA4
9 PPP2R2D
10 TCP1
11 LLGL1
12 PARD6B
13 USP3
14 EIF3F
15 SCML1
16 PHC3
17 PRKAG2
18 PRKAA2
19 PSMC6
20 PSMD6
21 RIN1
22 MLLT4
23 EZH2
24 SUZ12
25 GOLGA2
26 GORASP1
27 EIF3E
28 EIF3H
29 UBA2
30 SUMO3
31 CHMP4C
32 CHMP4A
33 TAF12
34 TAF10
35 MAP1LC3B
36 STK3
37 FKBP8
38 PSMD2
39 FAS
40 FADD
41 PSMD12
42 GYG1
43 NOP56
44 TOP1
45 SRRM2
46 SF3B2
47 MED13L
48 MED10
49 RELB
50 NR1I2
51 SRC
52 NONO
53 PSMD4
54 LSM5
55 SNRPF
56 PCK1
57 PSMA2
58 PPIE
59 CDC5L
60 JUP
61 PTPN14
62 DVL2
63 TIFA
64 EIF2C3
65 EIF2C2
66 C14ORF1
67 ALDH2
68 RPL3
69 CSNK2A1
70 MGMT
71 EEF1B2
72 MORF4L1
73 TUBA1A
74 TAF4
75 TAF13
76 PGR
77 ACTB
78 UBC
79 ARRB1
80 HNRNPU
81 SUMO2
82 HIST1H1C
83 PSMC2
84 PSMC5
85 RNF185
86 XRCC5
87 SFN
88 MPRIP
89 PSMD11
90 SF3A2
91 PRPF3
92 MED16
93 COPS2
94 APC
95 HTT
96 PRKDC
97 SRP14
98 FAF1
99 DNAJB11
100 CNOT7
101 CNOT3
102 SCYL2
103 MAPK8IP2
104 VCP
105 BARD1
106 TOP2B
107 EIF4A1
108 DYRK2
109 INSIG2
110 NUDT21
111 UCP3
112 YWHAZ
113 TNFRSF8
114 TRAF2
115 CLK1
116 TRIM24
117 BRD7
118 NOLC1
119 UTP18
120 G3BP1
121 PRPF40A
122 ATAD3A
123 UNC119
124 RGL2
125 CLTC
126 PCGF2
127 NUP214
128 NFKB2
129 USP22
130 HSPH1
131 HIST1H4C
132 UBE2K
133 WHSC1L1
134 SUMO1
135 TRA2A
136 INTS9
137 TSR2
138 USP39
139 RAN
140 PPME1
141 WIPF2
142 GRB2
143 HDAC5
144 IARS
145 NUP205
146 SNCA
147 GAPDH
148 BPTF
149 CFL1
150 USP45
151 YLPM1
152 ATF2
153 UBE2I
154 SNAPIN
155 G3BP2
156 RIPK1
157 RPL7A
158 ROBO1
159 TUBB3
160 RNF5
161 NDRG1
162 DLST
163 RXRB
164 TRAF6
165 VDAC1
166 PPP2R2C
167 HSPD1
168 XRCC4
169 ACTN1
170 CEP78
171 SH3BP4
172 SHC1
173 SIRT1
174 DBN1
175 NXF1
176 U2AF1
177 BBS10
178 FXYD6
179 TP53
180 PRPF31
181 PWP1
182 TK1
183 MSH2
184 MFAP1
185 KPNA3
186 PRSS23
187 RGS2
188 MICALL1
189 YWHAB
190 MLL
191 MGRN1
192 ASAP1
193 SMTN
194 HIST1H1D
195 TFG
196 UBE2J2
197 RNF10
198 DNM2
199 TRIP10
200 WIPI2
201 BNIP2
202 ALDH7A1
203 DDA1
204 ZNF426
205 CALCOCO2
206 KLF6
207 EHMT2
208 ACACA
209 C4ORF43
210 GAN
211 IK
212 NFYC
213 ADNP2
214 NDC80
215 PFDN1
216 TRIM63
217 WDR44
218 CELSR2
219 RYK
220 EDC4
221 PDE6D
222 RAP1A
223 NSMAF
224 PDLIM1
225 SUPT4H1
226 PAWR
227 PRKCZ
228 ZNF407
229 ZBTB9
230 ASXL1
231 UBE2D4
232 RNF166
233 ANK2
234 NDEL1
235 ASAP2
236 SRI
237 NRAS
238 PPID
239 PTP4A2
240 FNTA
241 RBM42
242 SEPT5
243 STYXL1
244 RPS29
245 AURKA
246 IFIT5
247 USP33
248 UBE2G2
249 CORO1A
250 RPP38
251 AGTPBP1
252 ISYNA1
253 CCDC8
254 FAM49B
255 PITRM1
256 STAT5A
257 LTA4H
258 C10ORF88
259 RAD9A
260 KRT35
261 PNO1
262 ATP2A1
263 FER
264 TMF1
265 LETM1
266 TCF25
267 SPAG1
268 DEFA1
269 SNUPN
270 PLSCR3
271 WDR74
272 CSNK1G3
273 BTG3
274 DAAM1
275 BEX2
276 UBTD1
277 CWF19L1
278 PLA2G16
279 SLC12A3
280 MAGEA12
281 ARHGAP26
282 TTN
283 MCRS1
284 INO80
285 SCMH1
286 CBX4
287 HDAC2
288 CHD4
289 PPP4C
290 PPP2CB
291 TNFAIP8
292 PTP4A1
293 INTS10
294 INTS8
295 CCT5
296 ZNF513
297 ZFP64
298 UIMC1
299 BRCA1
300 PACSIN2
301 WAS
302 PCGF1
303 SKP1
304 TRAF3IP3
305 RRP1B
306 NPM1
307 CHMP1A
308 VPS4A
309 POT1
310 TERF2
311 BTG2
312 CNOT1
313 SAP30
314 COPS6
315 PHF15
316 ING4
317 RCOR1
318 HDAC1
319 SF3A1
320 HNRNPH1
321 HNRNPM
322 POLR2D
323 RBPMS
324 DTX2
325 SHFM1
326 PSMA7
327 TCEAL1
328 USP7
329 RAD23A
330 PSMB1
331 CEP72
332 PPP1R12A
333 HIC1
334 CTBP1
335 SMARCAD1
336 KRT31
337 TWF2
338 PLSCR4
339 PLSCR1
340 MARK2
341 YWHAG
342 SF3B5
343 FMR1
344 CYFIP1
345 PARD6G
346 TOPORS
347 DHX15
348 PSTPIP1
349 IGKC
350 SRRM1
351 SNRPD3
352 DYNLL1
353 PHYHIP
354 PMS2
355 AIFM1
356 PSD3
357 ARRB2
358 TUBA3C
359 RUNX1
360 ARPC3
361 TOLLIP
362 IRAK2
363 THRAP3
364 APBB1
365 ATAD3B
366 ZNF281
367 CSTF2
368 CPSF2
369 GANAB
370 ITSN1
371 HIP1
372 DDX5
373 COPS3
374 HSP90AA1
375 KPNA2
376 DAXX
377 CREBBP
378 LIMA1
379 HNRNPD
380 PLOD2
381 PRPF19
382 ZBTB16
383 PML
384 DISC1
385 IMMT
386 TBX1
387 DNAJA1
388 AKT1
389 DNAJB1
390 KHSRP
391 ACTG1
392 RPL7L1
393 GNA12
394 SYMPK
395 SMC4
396 POLR2J
397 ELAVL1
398 ZNF346
399 EIF2AK2
400 CCDC53
401 PLDN
402 HDGF
403 SLC25A5
404 HP1BP3
405 SMEK1
406 TIPRL
407 RAD50
408 ANKHD1-EIF4EBP3
409 RPL18
410 HNRNPH2
411 PINX1
412 TLN1
413 EIF3C
414 RBM25
415 NEDD8
416 RPL7
417 RPL21
418 RABAC1
419 TUBB2A
420 USP36
421 PWP2
422 GIPC1
423 SLC2A1
424 NCOA2
425 WDHD1
426 ERCC5
427 BCL6
428 PTK2
429 WWOX
430 E2F6
431 SSSCA1
432 PRMT1
433 NR2F2
434 CSNK2B
435 GADD45GIP1
436 UBE2B
437 UBR1
438 MLH1
439 ZC3H11A
440 DDX6
441 PAK1
442 BCOR
443 EIF2AK4
444 ARL3
445 UQCRC1
446 COX6B1
447 TH1L
448 HIF1A
449 EP300
450 SMCR7L
451 TMEM102
452 C11ORF58
453 SF3B1
454 TANK
455 IRF7
456 GLRX3
457 NADK
458 CRMP1
459 TRIP13
460 DNTT
461 TOM1L1
462 TRIP4
463 DRAP1
464 POLE3
465 NDUFV2
466 OSBPL8
467 SQSTM1
468 CENPF
469 ARAP1
470 WAPAL
471 FNBP1
472 STX4
473 VAMP2
474 HYLS1
475 SERPINH1
476 UBQLN4
477 PEG10
478 UBE2W
479 DZIP3
480 TTF2
481 HMGA1
482 SMCR7
483 LDB1
484 ZNRF1
485 CLIP1
486 PAFAH1B1
487 CNOT4
488 ALDH9A1
489 USP46
490 IFT57
491 DIP2C
492 PCBD1
493 PIM1
494 SNX6
495 DNMBP
496 WASF1
497 ELOVL1
498 PSMB8
499 PSMB9
500 UBE2R2
501 PNPLA2
502 TNPO1
503 RAB22A
504 EEA1
