1 INO80B
2 INO80C
3 MAP3K8
4 NFKB1
5 PSMD14
6 PSMD3
7 EIF2C4
8 EIF2C3
9 PSMA1
10 PSMA4
11 PPP2R2D
12 TCP1
13 LLGL1
14 PARD6B
15 USP3
16 EIF3F
17 MED18
18 MED8
19 SCML1
20 PHC3
21 PRKAG2
22 PRKAA2
23 PSMC6
24 PSMD6
25 RIN1
26 MLLT4
27 ZC3H13
28 PARD6A
29 PRKCI
30 EZH2
31 SUZ12
32 YWHAQ
33 YWHAZ
34 DNMT3L
35 DNMT3B
36 WIPF1
37 PACSIN3
38 GOLGA2
39 GORASP1
40 NCOA6
41 WDR5
42 EIF3E
43 EIF3H
44 UBA2
45 SUMO3
46 CHMP4C
47 CHMP4A
48 TAF12
49 TAF10
50 INTS12
51 INTS3
52 MAP1LC3B
53 STK3
54 FKBP8
55 PSMD2
56 FAS
57 FADD
58 UCHL5
59 PSMD4
60 STK16
61 EXT2
62 DNM2
63 PSMD12
64 ASF1A
65 MCM4
66 SNRPB
67 EFTUD2
68 C7ORF26
69 INTS1
70 GYG1
71 PSMB7
72 NOP56
73 TOP1
74 SRRM2
75 SF3B2
76 MED13L
77 MED10
78 RELB
79 NR1I2
80 SRC
81 NONO
82 LSM5
83 SNRPF
84 KHDRBS2
85 HNRNPD
86 NHP2L1
87 NOLC1
88 PCK1
89 PSMA2
90 PPIE
91 CDC5L
92 JUP
93 PTPN14
94 DVL2
95 TIFA
96 EIF2C2
97 C14ORF1
98 ALDH2
99 RPL3
100 CSNK2A1
101 MGMT
102 EEF1B2
103 EMD
104 MORF4L1
105 TUBA1A
106 RPAP2
107 CCT5
108 TAF4
109 TAF13
110 SPRY2
111 SASS6
112 PPP1CB
113 HIPK3
114 CREB1
115 PSMC1
116 UBC
117 KIF5B
118 APC
119 PGR
120 ACTB
121 ARRB1
122 HNRNPU
123 SUMO2
124 HIST1H1C
125 PSMC2
126 PSMC5
127 RNF185
128 XRCC5
129 HIST1H4A
130 SFN
131 NFRKB
132 MPRIP
133 PSMD11
134 CDT1
135 BAZ1B
136 SF3A2
137 PRPF3
138 PHIP
139 CUL4A
140 KRT15
141 MED16
142 ITSN1
143 HIP1
144 CCNT2
145 MLLT3
146 MAPK13
147 DDX1
148 COPS2
149 HTT
150 PRKDC
151 SRP14
152 TRRAP
153 FAF1
154 DNAJB11
155 CNOT7
156 CNOT3
157 SCYL2
158 AP3B1
159 MAPK8IP2
160 VCP
161 PIK3R1
162 NPM1
163 BARD1
164 SMARCA5
165 H2AFX
166 SSRP1
167 ARID1B
168 CUL3
169 TOP2B
170 EIF4A1
171 DYRK2
172 INSIG2
173 NUDT21
174 UCP3
175 TNFRSF8
176 TRAF2
177 CLK1
178 TRIM24
179 BRD7
180 UTP18
181 G3BP1
182 PRPF40A
183 ATAD3A
184 UNC119
185 RGL2
186 CLTC
187 STAT1
188 PIAS1
189 PCGF2
190 NUP214
191 NFKB2
192 USP22
193 MAPK14
194 RPS16
195 HSPH1
196 DRG1
197 HIST1H4C
198 UBE2K
199 WHSC1L1
200 HYOU1
201 SUMO1
202 TRA2A
203 INTS9
204 PHF21A
205 TSR2
206 USP39
207 RAN
208 TFAP2C
209 PPME1
210 WIPF2
211 GRB2
212 HDAC5
213 IARS
214 NUP205
215 SNCA
216 GAPDH
217 BPTF
218 CFL1
219 CTPS
220 USP9X
221 USP45
222 YLPM1
223 ATF2
224 UBE2I
225 ARHGEF2
226 RBBP6
227 YBX1
228 SNAPIN
229 TARDBP
230 NSFL1C
231 USP42
232 AMOT
233 CPT1A
234 G3BP2
235 RIPK1
236 RPL7A
237 ROBO1
238 TUBB3
239 CHD8
240 RNF5
241 DYNLRB1
242 NDRG1
243 DLST
244 RXRB
245 TRAF6
246 VDAC1
247 PPP2R2C
248 HSPD1
249 TRAF4
250 FTH1
251 XRCC4
252 ACTN1
253 CEP78
254 SH3BP4
255 SHC1
256 SIRT1
257 GIPC1
258 SLC2A1
259 PHF8
260 RPAP1
261 TUBA1B
262 RICTOR
263 LONP1
264 YOD1
265 MAGEH1
266 CSNK2B
267 GADD45GIP1
268 DBN1
269 NXF1
270 U2AF1
271 MYH10
272 EIF3J
273 BBS10
274 FXYD6
275 TP53
276 PRPF31
277 PWP1
278 FLNA
279 TK1
280 MSH2
281 ZNF638
282 FHL2
283 MFAP1
284 KPNA3
285 PRSS23
286 RGS2
287 MICALL1
288 YWHAB
289 FAM82A2
290 MLL
291 MGRN1
292 ASAP1
293 SMTN
294 HIST1H1D
295 POLA2
296 ATP5C1
297 MPP6
298 FTL
299 TFG
300 UBE2J2
301 RNF10
302 TRIP10
303 WIPI2
304 LLGL2
305 BNIP2
306 USP25
307 KRT4
308 ALDH7A1
309 DDA1
310 ZNF426
311 CALCOCO2
312 SND1
313 KLF6
314 EHMT2
315 TMEM173
316 STT3A
317 ACACA
318 PRKAR1A
319 CBS
320 DST
321 NFYC
322 IFRD2
323 C4ORF43
324 GAN
325 IK
326 DMWD
327 HBB
328 TNNT1
329 FYN
330 ADNP2
331 NDC80
332 PFDN1
333 FHOD1
334 DR1
335 BYSL
336 TRIM63
337 WDR44
338 CELSR2
339 RYK
340 NPM3
341 EDC4
342 PDE6D
343 RAP1A
344 DNAJB1
345 NSMAF
346 PDLIM1
347 SUPT4H1
348 AMIGO2
349 CACNA1A
350 TNIK
351 ANK2
352 PAWR
353 PRKCZ
354 LDOC1
355 GNL3L
356 ZNF407
357 ZBTB9
358 ASXL1
359 UBE2D4
360 RNF166
361 RNF130
362 SYVN1
363 UBE2J1
364 NDEL1
365 ANKRD1
366 UBE2L6
367 ASAP2
368 UBE2D2
369 TRAF7
370 SRI
371 NRAS
372 ERCC1
373 UBL7
374 PPID
375 PTP4A2
376 FNTA
377 RBM42
378 HIST1H2BM
379 SEPT5
380 STYXL1
381 RPS29
382 AURKA
383 MAPK6
384 RPL10
385 IFIT5
386 USP33
387 SPR
388 UBE2G2
389 CORO1A
390 RPP38
391 AGTPBP1
392 ISYNA1
393 TLK1
394 CCDC8
395 TM4SF1
396 FAM49B
397 XPO7
398 PITRM1
399 STAT5A
400 LTA4H
401 C10ORF88
402 RAD9A
403 PCSK5
404 APPBP2
405 KRT35
406 PNO1
407 ATP2A1
408 DHX34
409 FER
410 TMF1
411 C11ORF2
412 LETM1
413 TCF25
414 SPAG1
415 SYDE1
416 DEFA1
417 SNUPN
418 PLSCR3
419 WDR74
420 RAB7L1
421 STX12
422 CSNK1G3
423 PMPCB
424 BTG3
425 DAAM1
426 CECR2
427 SEC63
428 BEX2
429 UBTD1
430 ARFGEF2
431 PRKAR2A
432 CWF19L1
433 RAB10
434 PLA2G16
435 SLC12A3
436 DAPK1
437 NEO1
438 MAGEA12
439 MTMR8
440 ARHGAP26
441 TTN
442 COMMD3
443 MCRS1
444 INO80
445 MED26
446 SCMH1
447 CBX4
448 COBRA1
449 TH1L
450 HDAC2
451 CHD4
452 KDM2B
453 BCOR
454 PPP4C
455 PPP2CB
456 CTNNBL1
457 PLRG1
458 TNFAIP8
459 PTP4A1
460 INTS10
461 INTS8
462 ZNF513
463 ZFP64
464 POT1
465 TERF2IP
466 UIMC1
467 BRCA1
468 HNRNPH1
469 DYNLL1
470 DYNC1I2
471 PACSIN2
472 WAS
473 SAP30
474 PCGF1
475 SKP1
476 TRAF3IP3
477 RRP1B
478 CHMP1A
479 VPS4A
480 TERF2
481 BTG2
482 CNOT1
483 SF3B1
484 COPS6
485 PHF15
486 ING4
487 RCOR1
488 HDAC1
489 SF3A1
490 HNRNPM
491 IRF7
492 IRAK1
493 GGA3
494 RABEP1
495 POLR2D
496 RBPMS
497 DTX2
498 TCERG1
499 SHFM1
500 PSMA7
501 HNRNPH2
502 TCEAL1
503 USP7
504 RAD23A
505 PSMB1
506 CEP72
507 PPP1R12A
508 RARG
509 NR2F6
510 HIC1
511 CTBP1
512 SMARCAD1
513 KRT31
514 TWF2
515 PLSCR4
516 PLSCR1
517 CSDA
518 HIST1H3A
519 CDC73
520 MARK2
521 YWHAG
522 SF3B5
523 FMR1
524 CYFIP1
525 PARD6G
526 TOPORS
527 DHX15
528 PSTPIP1
529 CDC42SE2
530 CDC42
531 IGKC
532 SRRM1
533 SNRPD3
534 PHYHIP
535 PMS2
536 AIFM1
537 PSD3
538 ARRB2
539 TUBA3C
540 RUNX1
541 ARPC3
542 TOLLIP
543 IRAK2
544 HDGF
545 THRAP3
546 H1FX
547 C20ORF20
548 KPNA2
549 APBB1
550 TXNL1
551 ATAD3B
552 ZNF281
553 CSTF2
554 CPSF2
555 GANAB
556 CENPF
557 DDX5
558 COPS3
559 HSP90AA1
560 DISC1
561 TUBB2A
562 PCBP1
563 DAXX
564 CREBBP
565 LIMA1
566 LARP1
567 PLOD2
568 STK38
569 PRPF19
570 ZBTB16
571 PML
572 DDX47
573 IMMT
574 TBX1
575 DNAJA1
576 AKT1
577 KHSRP
578 ACTG1
579 FBXO4
580 NEDD8
581 RPL7L1
582 GNA12
583 SYMPK
584 SMC4
585 POLR2J
586 ELAVL1
587 ZNF346
588 EIF2AK2
589 CCDC53
590 PLDN
591 SLC25A5
592 HP1BP3
593 SMEK1
594 TIPRL
595 RAD50
596 RPL6
597 FAF2
598 UBR5
599 ANKHD1-EIF4EBP3
600 DNMT1
601 RPL18
602 PINX1
603 NUP62CL
604 OGT
605 TLN1
606 EIF3C
607 RBM25
608 RPL7
609 RPL21
610 RABAC1
611 PWP2
612 TOM1L1
613 DDB2
614 USP36
615 NCOA2
616 WDHD1
617 ERCC5
618 BCL6
619 PTK2
620 WWOX
621 E2F6
622 ATF4
623 PTCD3
624 SSSCA1
625 PRMT1
626 NR2F2
627 ZMYND8
628 UBE2B
629 UBR1
630 MLH1
631 ZC3H11A
632 HSD17B10
633 DDX6
634 PAK1
635 KLC1
636 EIF2AK4
637 BOLA2
638 ARL3
639 DBNL
640 RB1CC1
641 UQCRC1
642 COX6B1
643 HIF1A
644 EP300
645 SMCR7L
646 TMEM102
647 NUDT3
648 RPL17
649 PQBP1
650 C11ORF58
651 TTC28
652 BRE
653 PFDN5
654 TANK
655 GLRX3
656 NADK
657 ABCF2
658 SNW1
659 CRMP1
660 TRIP13
661 KDM6A
662 DNTT
663 TRIP4
664 DRAP1
665 POLE3
666 NDUFV2
667 HIF1AN
668 OSBPL8
669 SQSTM1
670 ARAP1
671 WAPAL
672 FNBP1
673 STX4
674 VAMP2
675 HYLS1
676 SERPINH1
677 UBQLN4
678 PCBD1
679 RBL2
680 PEG10
681 UBE2W
682 DZIP3
683 TTF2
684 HMGA1
685 SMCR7
686 KPNA4
687 LDB1
688 ZNRF1
689 CLIP1
690 PAFAH1B1
691 CNOT4
692 ALDH9A1
693 USP46
694 IFT57
695 DIP2C
696 PIM1
697 SNX6
698 DNMBP
699 WASF1
700 ELOVL1
701 DNAJB6
702 MSX1
703 DLX2
704 PSMB8
705 PSMB9
706 UBE2R2
707 PNPLA2
708 TNPO1
709 RAB22A
710 EEA1
711 DDX11
712 QPRT
713 C20ORF4
