double f = 0.0;
f = f + 2.0*xbin[119]*xbin[115] -xbin[119] -xbin[115];
f = f+xbin[390]+xbin[115] - 2.0*xbin[390]*xbin[115] -1.0;
f = f+xbin[307]+xbin[308] - 2.0*xbin[307]*xbin[308] -1.0;
f = f+xbin[347]+xbin[348] - 2.0*xbin[347]*xbin[348] -1.0;
f = f+xbin[350]+xbin[363] - 2.0*xbin[350]*xbin[363] -1.0;
f = f+xbin[364]+xbin[115] - 2.0*xbin[364]*xbin[115] -1.0;
f = f + 2.0*xbin[157]*xbin[120] -xbin[157] -xbin[120];
f = f+xbin[429]+xbin[430] - 2.0*xbin[429]*xbin[430] -1.0;
f = f+xbin[439]+xbin[115] - 2.0*xbin[439]*xbin[115] -1.0;
f = f+xbin[224]+xbin[115] - 2.0*xbin[224]*xbin[115] -1.0;
f = f + 2.0*xbin[166]*xbin[115] -xbin[166] -xbin[115];
f = f + 2.0*xbin[120]*xbin[185] -xbin[120] -xbin[185];
f = f+xbin[120]+xbin[121] - 2.0*xbin[120]*xbin[121] -1.0;
f = f + 2.0*xbin[120]*xbin[131] -xbin[120] -xbin[131];
f = f + 2.0*xbin[120]*xbin[156] -xbin[120] -xbin[156];
f = f+xbin[291]+xbin[115] - 2.0*xbin[291]*xbin[115] -1.0;
f = f+xbin[366]+xbin[115] - 2.0*xbin[366]*xbin[115] -1.0;
f = f + 2.0*xbin[63]*xbin[64] -xbin[63] -xbin[64];
f = f+xbin[357]+xbin[115] - 2.0*xbin[357]*xbin[115] -1.0;
f = f + 2.0*xbin[222]*xbin[223] -xbin[222] -xbin[223];
f = f+xbin[406]+xbin[115] - 2.0*xbin[406]*xbin[115] -1.0;
f = f+xbin[381]+xbin[115] - 2.0*xbin[381]*xbin[115] -1.0;
f = f+xbin[162]+xbin[115] - 2.0*xbin[162]*xbin[115] -1.0;
f = f+xbin[272]+xbin[158] - 2.0*xbin[272]*xbin[158] -1.0;
f = f+xbin[427]+xbin[115] - 2.0*xbin[427]*xbin[115] -1.0;
f = f+xbin[304]+xbin[115] - 2.0*xbin[304]*xbin[115] -1.0;
f = f+xbin[216]+xbin[122] - 2.0*xbin[216]*xbin[122] -1.0;
f = f + 2.0*xbin[423]*xbin[115] -xbin[423] -xbin[115];
f = f + 2.0*xbin[334]*xbin[115] -xbin[334] -xbin[115];
f = f+xbin[400]+xbin[115] - 2.0*xbin[400]*xbin[115] -1.0;
f = f+xbin[410]+xbin[115] - 2.0*xbin[410]*xbin[115] -1.0;
f = f+xbin[96]+xbin[97] - 2.0*xbin[96]*xbin[97] -1.0;
f = f+xbin[96]+xbin[298] - 2.0*xbin[96]*xbin[298] -1.0;
f = f+xbin[322]+xbin[180] - 2.0*xbin[322]*xbin[180] -1.0;
f = f+xbin[67]+xbin[68] - 2.0*xbin[67]*xbin[68] -1.0;
f = f+xbin[393]+xbin[115] - 2.0*xbin[393]*xbin[115] -1.0;
f = f + 2.0*xbin[143]*xbin[144] -xbin[143] -xbin[144];
f = f+xbin[133]+xbin[134] - 2.0*xbin[133]*xbin[134] -1.0;
f = f+xbin[425]+xbin[115] - 2.0*xbin[425]*xbin[115] -1.0;
f = f+xbin[337]+xbin[338] - 2.0*xbin[337]*xbin[338] -1.0;
f = f + 2.0*xbin[252]*xbin[253] -xbin[252] -xbin[253];
f = f + 2.0*xbin[45]*xbin[46] -xbin[45] -xbin[46];
f = f+xbin[154]+xbin[155] - 2.0*xbin[154]*xbin[155] -1.0;
f = f + 2.0*xbin[441]*xbin[115] -xbin[441] -xbin[115];
f = f + 2.0*xbin[147]*xbin[115] -xbin[147] -xbin[115];
f = f+xbin[113]+xbin[238] - 2.0*xbin[113]*xbin[238] -1.0;
f = f+xbin[421]+xbin[115] - 2.0*xbin[421]*xbin[115] -1.0;
f = f+xbin[265]+xbin[266] - 2.0*xbin[265]*xbin[266] -1.0;
f = f+xbin[167]+xbin[115] - 2.0*xbin[167]*xbin[115] -1.0;
f = f+xbin[431]+xbin[115] - 2.0*xbin[431]*xbin[115] -1.0;
f = f+xbin[424]+xbin[115] - 2.0*xbin[424]*xbin[115] -1.0;
f = f + 2.0*xbin[435]*xbin[115] -xbin[435] -xbin[115];
f = f+xbin[267]+xbin[172] - 2.0*xbin[267]*xbin[172] -1.0;
f = f + 2.0*xbin[267]*xbin[115] -xbin[267] -xbin[115];
f = f+xbin[415]+xbin[115] - 2.0*xbin[415]*xbin[115] -1.0;
f = f+xbin[407]+xbin[115] - 2.0*xbin[407]*xbin[115] -1.0;
f = f + 2.0*xbin[325]*xbin[326] -xbin[325] -xbin[326];
f = f+xbin[343]+xbin[115] - 2.0*xbin[343]*xbin[115] -1.0;
f = f + 2.0*xbin[61]*xbin[36] -xbin[61] -xbin[36];
f = f + 2.0*xbin[61]*xbin[301] -xbin[61] -xbin[301];
f = f+xbin[61]+xbin[302] - 2.0*xbin[61]*xbin[302] -1.0;
f = f+xbin[33]+xbin[34] - 2.0*xbin[33]*xbin[34] -1.0;
f = f+xbin[333]+xbin[320] - 2.0*xbin[333]*xbin[320] -1.0;
f = f+xbin[319]+xbin[320] - 2.0*xbin[319]*xbin[320] -1.0;
f = f + 2.0*xbin[93]*xbin[94] -xbin[93] -xbin[94];
f = f+xbin[240]+xbin[194] - 2.0*xbin[240]*xbin[194] -1.0;
f = f + 2.0*xbin[170]*xbin[121] -xbin[170] -xbin[121];
f = f + 2.0*xbin[340]*xbin[115] -xbin[340] -xbin[115];
f = f + 2.0*xbin[7]*xbin[95] -xbin[7] -xbin[95];
f = f + 2.0*xbin[6]*xbin[95] -xbin[6] -xbin[95];
f = f+xbin[6]+xbin[7] - 2.0*xbin[6]*xbin[7] -1.0;
f = f + 2.0*xbin[41]*xbin[42] -xbin[41] -xbin[42];
f = f + 2.0*xbin[15]*xbin[99] -xbin[15] -xbin[99];
f = f + 2.0*xbin[371]*xbin[372] -xbin[371] -xbin[372];
f = f+xbin[29]+xbin[30] - 2.0*xbin[29]*xbin[30] -1.0;
f = f+xbin[152]+xbin[153] - 2.0*xbin[152]*xbin[153] -1.0;
f = f+xbin[395]+xbin[115] - 2.0*xbin[395]*xbin[115] -1.0;
f = f+xbin[288]+xbin[287] - 2.0*xbin[288]*xbin[287] -1.0;
f = f+xbin[55]+xbin[56] - 2.0*xbin[55]*xbin[56] -1.0;
f = f+xbin[408]+xbin[409] - 2.0*xbin[408]*xbin[409] -1.0;
f = f + 2.0*xbin[332]*xbin[210] -xbin[332] -xbin[210];
f = f + 2.0*xbin[53]*xbin[70] -xbin[53] -xbin[70];
f = f+xbin[53]+xbin[62] - 2.0*xbin[53]*xbin[62] -1.0;
f = f + 2.0*xbin[53]*xbin[54] -xbin[53] -xbin[54];
f = f+xbin[53]+xbin[58] - 2.0*xbin[53]*xbin[58] -1.0;
f = f+xbin[273]+xbin[274] - 2.0*xbin[273]*xbin[274] -1.0;
f = f+xbin[323]+xbin[129] - 2.0*xbin[323]*xbin[129] -1.0;
f = f+xbin[323]+xbin[115] - 2.0*xbin[323]*xbin[115] -1.0;
f = f+xbin[256]+xbin[257] - 2.0*xbin[256]*xbin[257] -1.0;
f = f+xbin[37]+xbin[38] - 2.0*xbin[37]*xbin[38] -1.0;
f = f+xbin[164]+xbin[165] - 2.0*xbin[164]*xbin[165] -1.0;
f = f+xbin[211]+xbin[212] - 2.0*xbin[211]*xbin[212] -1.0;
f = f+xbin[112]+xbin[113] - 2.0*xbin[112]*xbin[113] -1.0;
f = f+xbin[293]+xbin[115] - 2.0*xbin[293]*xbin[115] -1.0;
f = f+xbin[377]+xbin[115] - 2.0*xbin[377]*xbin[115] -1.0;
f = f + 2.0*xbin[148]*xbin[176] -xbin[148] -xbin[176];
f = f + 2.0*xbin[148]*xbin[122] -xbin[148] -xbin[122];
f = f + 2.0*xbin[199]*xbin[164] -xbin[199] -xbin[164];
f = f + 2.0*xbin[384]*xbin[385] -xbin[384] -xbin[385];
f = f + 2.0*xbin[321]*xbin[180] -xbin[321] -xbin[180];
f = f + 2.0*xbin[324]*xbin[210] -xbin[324] -xbin[210];
f = f + 2.0*xbin[0]*xbin[1] -xbin[0] -xbin[1];
f = f+xbin[171]+xbin[159] - 2.0*xbin[171]*xbin[159] -1.0;
f = f + 2.0*xbin[49]*xbin[50] -xbin[49] -xbin[50];
f = f+xbin[202]+xbin[115] - 2.0*xbin[202]*xbin[115] -1.0;
f = f+xbin[391]+xbin[115] - 2.0*xbin[391]*xbin[115] -1.0;
f = f + 2.0*xbin[141]*xbin[142] -xbin[141] -xbin[142];
f = f + 2.0*xbin[91]*xbin[117] -xbin[91] -xbin[117];
f = f + 2.0*xbin[91]*xbin[92] -xbin[91] -xbin[92];
f = f + 2.0*xbin[83]*xbin[84] -xbin[83] -xbin[84];
f = f + 2.0*xbin[116]*xbin[117] -xbin[116] -xbin[117];
f = f + 2.0*xbin[312]*xbin[313] -xbin[312] -xbin[313];
f = f+xbin[312]+xbin[405] - 2.0*xbin[312]*xbin[405] -1.0;
f = f+xbin[283]+xbin[115] - 2.0*xbin[283]*xbin[115] -1.0;
f = f+xbin[139]+xbin[117] - 2.0*xbin[139]*xbin[117] -1.0;
f = f + 2.0*xbin[404]*xbin[115] -xbin[404] -xbin[115];
f = f+xbin[353]+xbin[354] - 2.0*xbin[353]*xbin[354] -1.0;
f = f+xbin[411]+xbin[115] - 2.0*xbin[411]*xbin[115] -1.0;
f = f+xbin[12]+xbin[13] - 2.0*xbin[12]*xbin[13] -1.0;
f = f + 2.0*xbin[303]*xbin[115] -xbin[303] -xbin[115];
f = f+xbin[262]+xbin[115] - 2.0*xbin[262]*xbin[115] -1.0;
f = f+xbin[81]+xbin[82] - 2.0*xbin[81]*xbin[82] -1.0;
f = f+xbin[399]+xbin[115] - 2.0*xbin[399]*xbin[115] -1.0;
f = f + 2.0*xbin[437]*xbin[115] -xbin[437] -xbin[115];
f = f + 2.0*xbin[264]*xbin[148] -xbin[264] -xbin[148];
f = f+xbin[51]+xbin[52] - 2.0*xbin[51]*xbin[52] -1.0;
f = f + 2.0*xbin[2]*xbin[3] -xbin[2] -xbin[3];
f = f + 2.0*xbin[145]*xbin[146] -xbin[145] -xbin[146];
f = f+xbin[145]+xbin[180] - 2.0*xbin[145]*xbin[180] -1.0;
f = f + 2.0*xbin[192]*xbin[227] -xbin[192] -xbin[227];
f = f + 2.0*xbin[192]*xbin[115] -xbin[192] -xbin[115];
f = f+xbin[382]+xbin[383] - 2.0*xbin[382]*xbin[383] -1.0;
f = f+xbin[158]+xbin[217] - 2.0*xbin[158]*xbin[217] -1.0;
f = f + 2.0*xbin[158]*xbin[284] -xbin[158] -xbin[284];
f = f+xbin[158]+xbin[159] - 2.0*xbin[158]*xbin[159] -1.0;
f = f + 2.0*xbin[64]*xbin[102] -xbin[64] -xbin[102];
f = f+xbin[75]+xbin[76] - 2.0*xbin[75]*xbin[76] -1.0;
f = f+xbin[140]+xbin[115] - 2.0*xbin[140]*xbin[115] -1.0;
f = f + 2.0*xbin[16]*xbin[17] -xbin[16] -xbin[17];
f = f+xbin[17]+xbin[26] - 2.0*xbin[17]*xbin[26] -1.0;
f = f + 2.0*xbin[100]*xbin[101] -xbin[100] -xbin[101];
f = f + 2.0*xbin[290]*xbin[223] -xbin[290] -xbin[223];
f = f+xbin[286]+xbin[287] - 2.0*xbin[286]*xbin[287] -1.0;
f = f+xbin[103]+xbin[104] - 2.0*xbin[103]*xbin[104] -1.0;
f = f+xbin[296]+xbin[297] - 2.0*xbin[296]*xbin[297] -1.0;
f = f + 2.0*xbin[438]*xbin[115] -xbin[438] -xbin[115];
f = f + 2.0*xbin[270]*xbin[117] -xbin[270] -xbin[117];
f = f + 2.0*xbin[39]*xbin[40] -xbin[39] -xbin[40];
f = f+xbin[330]+xbin[331] - 2.0*xbin[330]*xbin[331] -1.0;
f = f+xbin[241]+xbin[242] - 2.0*xbin[241]*xbin[242] -1.0;
f = f+xbin[436]+xbin[115] - 2.0*xbin[436]*xbin[115] -1.0;
f = f+xbin[190]+xbin[115] - 2.0*xbin[190]*xbin[115] -1.0;
f = f + 2.0*xbin[320]*xbin[329] -xbin[320] -xbin[329];
f = f + 2.0*xbin[85]*xbin[86] -xbin[85] -xbin[86];
f = f+xbin[80]+xbin[72] - 2.0*xbin[80]*xbin[72] -1.0;
f = f+xbin[71]+xbin[98] - 2.0*xbin[71]*xbin[98] -1.0;
f = f+xbin[71]+xbin[150] - 2.0*xbin[71]*xbin[150] -1.0;
f = f+xbin[71]+xbin[72] - 2.0*xbin[71]*xbin[72] -1.0;
f = f+xbin[339]+xbin[115] - 2.0*xbin[339]*xbin[115] -1.0;
f = f + 2.0*xbin[78]*xbin[79] -xbin[78] -xbin[79];
f = f+xbin[344]+xbin[115] - 2.0*xbin[344]*xbin[115] -1.0;
f = f + 2.0*xbin[172]*xbin[254] -xbin[172] -xbin[254];
f = f + 2.0*xbin[172]*xbin[115] -xbin[172] -xbin[115];
f = f + 2.0*xbin[189]*xbin[180] -xbin[189] -xbin[180];
f = f+xbin[189]+xbin[233] - 2.0*xbin[189]*xbin[233] -1.0;
f = f + 2.0*xbin[268]*xbin[269] -xbin[268] -xbin[269];
f = f+xbin[27]+xbin[28] - 2.0*xbin[27]*xbin[28] -1.0;
f = f+xbin[351]+xbin[352] - 2.0*xbin[351]*xbin[352] -1.0;
f = f+xbin[188]+xbin[115] - 2.0*xbin[188]*xbin[115] -1.0;
f = f + 2.0*xbin[87]*xbin[232] -xbin[87] -xbin[232];
f = f + 2.0*xbin[87]*xbin[88] -xbin[87] -xbin[88];
f = f + 2.0*xbin[402]*xbin[403] -xbin[402] -xbin[403];
f = f+xbin[341]+xbin[342] - 2.0*xbin[341]*xbin[342] -1.0;
f = f+xbin[345]+xbin[346] - 2.0*xbin[345]*xbin[346] -1.0;
f = f+xbin[118]+xbin[79] - 2.0*xbin[118]*xbin[79] -1.0;
f = f + 2.0*xbin[203]*xbin[122] -xbin[203] -xbin[122];
f = f + 2.0*xbin[258]*xbin[259] -xbin[258] -xbin[259];
f = f+xbin[137]+xbin[138] - 2.0*xbin[137]*xbin[138] -1.0;
f = f + 2.0*xbin[160]*xbin[161] -xbin[160] -xbin[161];
f = f+xbin[397]+xbin[115] - 2.0*xbin[397]*xbin[115] -1.0;
f = f+xbin[433]+xbin[115] - 2.0*xbin[433]*xbin[115] -1.0;
f = f+xbin[417]+xbin[115] - 2.0*xbin[417]*xbin[115] -1.0;
f = f + 2.0*xbin[422]*xbin[115] -xbin[422] -xbin[115];
f = f+xbin[294]+xbin[295] - 2.0*xbin[294]*xbin[295] -1.0;
f = f+xbin[373]+xbin[115] - 2.0*xbin[373]*xbin[115] -1.0;
f = f + 2.0*xbin[89]*xbin[90] -xbin[89] -xbin[90];
f = f+xbin[89]+xbin[289] - 2.0*xbin[89]*xbin[289] -1.0;
f = f + 2.0*xbin[208]*xbin[115] -xbin[208] -xbin[115];
f = f + 2.0*xbin[246]*xbin[247] -xbin[246] -xbin[247];
f = f+xbin[10]+xbin[11] - 2.0*xbin[10]*xbin[11] -1.0;
f = f + 2.0*xbin[21]*xbin[316] -xbin[21] -xbin[316];
f = f+xbin[21]+xbin[69] - 2.0*xbin[21]*xbin[69] -1.0;
f = f + 2.0*xbin[21]*xbin[223] -xbin[21] -xbin[223];
f = f + 2.0*xbin[20]*xbin[21] -xbin[20] -xbin[21];
f = f + 2.0*xbin[317]*xbin[318] -xbin[317] -xbin[318];
f = f+xbin[149]+xbin[115] - 2.0*xbin[149]*xbin[115] -1.0;
f = f + 2.0*xbin[275]*xbin[7] -xbin[275] -xbin[7];
f = f+xbin[181]+xbin[182] - 2.0*xbin[181]*xbin[182] -1.0;
f = f+xbin[8]+xbin[9] - 2.0*xbin[8]*xbin[9] -1.0;
f = f + 2.0*xbin[8]*xbin[115] -xbin[8] -xbin[115];
f = f+xbin[114]+xbin[115] - 2.0*xbin[114]*xbin[115] -1.0;
f = f+xbin[125]+xbin[126] - 2.0*xbin[125]*xbin[126] -1.0;
f = f+xbin[22]+xbin[23] - 2.0*xbin[22]*xbin[23] -1.0;
f = f+xbin[4]+xbin[5] - 2.0*xbin[4]*xbin[5] -1.0;
f = f + 2.0*xbin[374]*xbin[375] -xbin[374] -xbin[375];
f = f+xbin[276]+xbin[71] - 2.0*xbin[276]*xbin[71] -1.0;
f = f+xbin[432]+xbin[115] - 2.0*xbin[432]*xbin[115] -1.0;
f = f + 2.0*xbin[419]*xbin[115] -xbin[419] -xbin[115];
f = f + 2.0*xbin[401]*xbin[115] -xbin[401] -xbin[115];
f = f+xbin[206]+xbin[115] - 2.0*xbin[206]*xbin[115] -1.0;
f = f + 2.0*xbin[225]*xbin[226] -xbin[225] -xbin[226];
f = f+xbin[376]+xbin[115] - 2.0*xbin[376]*xbin[115] -1.0;
f = f+xbin[77]+xbin[3] - 2.0*xbin[77]*xbin[3] -1.0;
f = f + 2.0*xbin[285]*xbin[41] -xbin[285] -xbin[41];
f = f+xbin[24]+xbin[25] - 2.0*xbin[24]*xbin[25] -1.0;
f = f+xbin[234]+xbin[115] - 2.0*xbin[234]*xbin[115] -1.0;
f = f + 2.0*xbin[360]*xbin[115] -xbin[360] -xbin[115];
f = f+xbin[239]+xbin[115] - 2.0*xbin[239]*xbin[115] -1.0;
f = f + 2.0*xbin[239]*xbin[197] -xbin[239] -xbin[197];
f = f + 2.0*xbin[236]*xbin[237] -xbin[236] -xbin[237];
f = f+xbin[105]+xbin[106] - 2.0*xbin[105]*xbin[106] -1.0;
f = f+xbin[235]+xbin[115] - 2.0*xbin[235]*xbin[115] -1.0;
f = f+xbin[389]+xbin[115] - 2.0*xbin[389]*xbin[115] -1.0;
f = f+xbin[243]+xbin[122] - 2.0*xbin[243]*xbin[122] -1.0;
f = f + 2.0*xbin[110]*xbin[111] -xbin[110] -xbin[111];
f = f + 2.0*xbin[18]*xbin[19] -xbin[18] -xbin[19];
f = f + 2.0*xbin[426]*xbin[115] -xbin[426] -xbin[115];
f = f+xbin[378]+xbin[115] - 2.0*xbin[378]*xbin[115] -1.0;
f = f + 2.0*xbin[135]*xbin[136] -xbin[135] -xbin[136];
f = f+xbin[129]+xbin[115] - 2.0*xbin[129]*xbin[115] -1.0;
f = f+xbin[254]+xbin[115] - 2.0*xbin[254]*xbin[115] -1.0;
f = f+xbin[255]+xbin[247] - 2.0*xbin[255]*xbin[247] -1.0;
f = f+xbin[434]+xbin[115] - 2.0*xbin[434]*xbin[115] -1.0;
f = f+xbin[292]+xbin[200] - 2.0*xbin[292]*xbin[200] -1.0;
f = f+xbin[227]+xbin[115] - 2.0*xbin[227]*xbin[115] -1.0;
f = f+xbin[214]+xbin[215] - 2.0*xbin[214]*xbin[215] -1.0;
f = f+xbin[214]+xbin[115] - 2.0*xbin[214]*xbin[115] -1.0;
f = f + 2.0*xbin[65]*xbin[66] -xbin[65] -xbin[66];
f = f+xbin[416]+xbin[115] - 2.0*xbin[416]*xbin[115] -1.0;
f = f+xbin[413]+xbin[115] - 2.0*xbin[413]*xbin[115] -1.0;
f = f + 2.0*xbin[109]*xbin[61] -xbin[109] -xbin[61];
f = f + 2.0*xbin[386]*xbin[115] -xbin[386] -xbin[115];
f = f+xbin[79]+xbin[159] - 2.0*xbin[79]*xbin[159] -1.0;
f = f + 2.0*xbin[369]*xbin[370] -xbin[369] -xbin[370];
f = f + 2.0*xbin[73]*xbin[15] -xbin[73] -xbin[15];
f = f + 2.0*xbin[73]*xbin[80] -xbin[73] -xbin[80];
f = f+xbin[73]+xbin[74] - 2.0*xbin[73]*xbin[74] -1.0;
f = f+xbin[186]+xbin[187] - 2.0*xbin[186]*xbin[187] -1.0;
f = f + 2.0*xbin[398]*xbin[115] -xbin[398] -xbin[115];
f = f+xbin[59]+xbin[60] - 2.0*xbin[59]*xbin[60] -1.0;
f = f+xbin[420]+xbin[115] - 2.0*xbin[420]*xbin[115] -1.0;
f = f + 2.0*xbin[379]*xbin[380] -xbin[379] -xbin[380];
f = f+xbin[200]+xbin[201] - 2.0*xbin[200]*xbin[201] -1.0;
f = f + 2.0*xbin[122]*xbin[218] -xbin[122] -xbin[218];
f = f + 2.0*xbin[122]*xbin[195] -xbin[122] -xbin[195];
f = f+xbin[122]+xbin[271] - 2.0*xbin[122]*xbin[271] -1.0;
f = f + 2.0*xbin[122]*xbin[169] -xbin[122] -xbin[169];
f = f+xbin[122]+xbin[123] - 2.0*xbin[122]*xbin[123] -1.0;
f = f+xbin[122]+xbin[128] - 2.0*xbin[122]*xbin[128] -1.0;
f = f+xbin[122]+xbin[196] - 2.0*xbin[122]*xbin[196] -1.0;
f = f+xbin[122]+xbin[194] - 2.0*xbin[122]*xbin[194] -1.0;
f = f + 2.0*xbin[122]*xbin[282] -xbin[122] -xbin[282];
f = f + 2.0*xbin[122]*xbin[130] -xbin[122] -xbin[130];
f = f+xbin[122]+xbin[86] - 2.0*xbin[122]*xbin[86] -1.0;
f = f+xbin[122]+xbin[213] - 2.0*xbin[122]*xbin[213] -1.0;
f = f+xbin[122]+xbin[132] - 2.0*xbin[122]*xbin[132] -1.0;
f = f+xbin[122]+xbin[193] - 2.0*xbin[122]*xbin[193] -1.0;
f = f + 2.0*xbin[122]*xbin[163] -xbin[122] -xbin[163];
f = f+xbin[122]+xbin[168] - 2.0*xbin[122]*xbin[168] -1.0;
f = f + 2.0*xbin[122]*xbin[151] -xbin[122] -xbin[151];
f = f + 2.0*xbin[122]*xbin[219] -xbin[122] -xbin[219];
f = f+xbin[122]+xbin[127] - 2.0*xbin[122]*xbin[127] -1.0;
f = f+xbin[414]+xbin[115] - 2.0*xbin[414]*xbin[115] -1.0;
f = f+xbin[361]+xbin[362] - 2.0*xbin[361]*xbin[362] -1.0;
f = f+xbin[47]+xbin[48] - 2.0*xbin[47]*xbin[48] -1.0;
f = f + 2.0*xbin[107]*xbin[108] -xbin[107] -xbin[108];
f = f+xbin[228]+xbin[229] - 2.0*xbin[228]*xbin[229] -1.0;
f = f+xbin[412]+xbin[115] - 2.0*xbin[412]*xbin[115] -1.0;
f = f+xbin[207]+xbin[122] - 2.0*xbin[207]*xbin[122] -1.0;
f = f + 2.0*xbin[278]*xbin[279] -xbin[278] -xbin[279];
f = f + 2.0*xbin[392]*xbin[115] -xbin[392] -xbin[115];
f = f+xbin[394]+xbin[115] - 2.0*xbin[394]*xbin[115] -1.0;
f = f + 2.0*xbin[314]*xbin[315] -xbin[314] -xbin[315];
f = f + 2.0*xbin[174]*xbin[175] -xbin[174] -xbin[175];
f = f+xbin[349]+xbin[350] - 2.0*xbin[349]*xbin[350] -1.0;
f = f+xbin[327]+xbin[328] - 2.0*xbin[327]*xbin[328] -1.0;
f = f + 2.0*xbin[248]*xbin[249] -xbin[248] -xbin[249];
f = f+xbin[244]+xbin[245] - 2.0*xbin[244]*xbin[245] -1.0;
f = f+xbin[177]+xbin[178] - 2.0*xbin[177]*xbin[178] -1.0;
f = f+xbin[335]+xbin[122] - 2.0*xbin[335]*xbin[122] -1.0;
f = f+xbin[335]+xbin[440] - 2.0*xbin[335]*xbin[440] -1.0;
f = f+xbin[204]+xbin[205] - 2.0*xbin[204]*xbin[205] -1.0;
f = f + 2.0*xbin[260]*xbin[261] -xbin[260] -xbin[261];
f = f + 2.0*xbin[43]*xbin[44] -xbin[43] -xbin[44];
f = f + 2.0*xbin[115]*xbin[9] -xbin[115] -xbin[9];
f = f + 2.0*xbin[115]*xbin[124] -xbin[115] -xbin[124];
f = f + 2.0*xbin[367]*xbin[368] -xbin[367] -xbin[368];
f = f+xbin[358]+xbin[359] - 2.0*xbin[358]*xbin[359] -1.0;
f = f + 2.0*xbin[387]*xbin[388] -xbin[387] -xbin[388];
f = f + 2.0*xbin[299]*xbin[300] -xbin[299] -xbin[300];
f = f + 2.0*xbin[197]*xbin[115] -xbin[197] -xbin[115];
f = f + 2.0*xbin[365]*xbin[115] -xbin[365] -xbin[115];
f = f+xbin[428]+xbin[115] - 2.0*xbin[428]*xbin[115] -1.0;
f = f + 2.0*xbin[57]*xbin[58] -xbin[57] -xbin[58];
f = f + 2.0*xbin[173]*xbin[32] -xbin[173] -xbin[32];
f = f+xbin[183]+xbin[184] - 2.0*xbin[183]*xbin[184] -1.0;
f = f+xbin[191]+xbin[311] - 2.0*xbin[191]*xbin[311] -1.0;
f = f + 2.0*xbin[191]*xbin[115] -xbin[191] -xbin[115];
f = f + 2.0*xbin[305]*xbin[306] -xbin[305] -xbin[306];
f = f+xbin[14]+xbin[15] - 2.0*xbin[14]*xbin[15] -1.0;
f = f+xbin[230]+xbin[231] - 2.0*xbin[230]*xbin[231] -1.0;
f = f+xbin[220]+xbin[277] - 2.0*xbin[220]*xbin[277] -1.0;
f = f + 2.0*xbin[220]*xbin[221] -xbin[220] -xbin[221];
f = f+xbin[179]+xbin[180] - 2.0*xbin[179]*xbin[180] -1.0;
f = f + 2.0*xbin[336]*xbin[210] -xbin[336] -xbin[210];
f = f+xbin[418]+xbin[115] - 2.0*xbin[418]*xbin[115] -1.0;
f = f+xbin[198]+xbin[115] - 2.0*xbin[198]*xbin[115] -1.0;
f = f+xbin[35]+xbin[36] - 2.0*xbin[35]*xbin[36] -1.0;
f = f+xbin[209]+xbin[210] - 2.0*xbin[209]*xbin[210] -1.0;
f = f + 2.0*xbin[396]*xbin[115] -xbin[396] -xbin[115];
f = f+xbin[250]+xbin[251] - 2.0*xbin[250]*xbin[251] -1.0;
f = f+xbin[263]+xbin[159] - 2.0*xbin[263]*xbin[159] -1.0;
f = f + 2.0*xbin[31]*xbin[32] -xbin[31] -xbin[32];
f = f + 2.0*xbin[355]*xbin[356] -xbin[355] -xbin[356];
f = f + 2.0*xbin[309]*xbin[310] -xbin[309] -xbin[310];
f = f+xbin[280]+xbin[281] - 2.0*xbin[280]*xbin[281] -1.0;
f = f+xbin[1369]+xbin[1370] - 2.0*xbin[1369]*xbin[1370] -1.0;
f = f+xbin[1288]+xbin[1056] - 2.0*xbin[1288]*xbin[1056] -1.0;
f = f+xbin[1020]+xbin[1021] - 2.0*xbin[1020]*xbin[1021] -1.0;
f = f + 2.0*xbin[1404]*xbin[1405] -xbin[1404] -xbin[1405];
f = f + 2.0*xbin[1311]*xbin[1233] -xbin[1311] -xbin[1233];
f = f + 2.0*xbin[1261]*xbin[1236] -xbin[1261] -xbin[1236];
f = f + 2.0*xbin[1261]*xbin[1289] -xbin[1261] -xbin[1289];
f = f+xbin[1261]+xbin[1201] - 2.0*xbin[1261]*xbin[1201] -1.0;
f = f + 2.0*xbin[1382]*xbin[1383] -xbin[1382] -xbin[1383];
f = f+xbin[1350]+xbin[1341] - 2.0*xbin[1350]*xbin[1341] -1.0;
f = f+xbin[1253]+xbin[1337] - 2.0*xbin[1253]*xbin[1337] -1.0;
f = f + 2.0*xbin[1253]*xbin[1184] -xbin[1253] -xbin[1184];
f = f+xbin[1250]+xbin[1258] - 2.0*xbin[1250]*xbin[1258] -1.0;
f = f+xbin[1250]+xbin[1277] - 2.0*xbin[1250]*xbin[1277] -1.0;
f = f+xbin[1250]+xbin[1219] - 2.0*xbin[1250]*xbin[1219] -1.0;
f = f+xbin[1250]+xbin[1313] - 2.0*xbin[1250]*xbin[1313] -1.0;
f = f+xbin[1250]+xbin[1280] - 2.0*xbin[1250]*xbin[1280] -1.0;
f = f+xbin[1250]+xbin[1251] - 2.0*xbin[1250]*xbin[1251] -1.0;
f = f + 2.0*xbin[1263]*xbin[1166] -xbin[1263] -xbin[1166];
f = f + 2.0*xbin[1334]*xbin[1335] -xbin[1334] -xbin[1335];
f = f + 2.0*xbin[1165]*xbin[1330] -xbin[1165] -xbin[1330];
f = f + 2.0*xbin[1349]*xbin[1250] -xbin[1349] -xbin[1250];
f = f+xbin[1179]+xbin[1260] - 2.0*xbin[1179]*xbin[1260] -1.0;
f = f + 2.0*xbin[1193]*xbin[1194] -xbin[1193] -xbin[1194];
f = f + 2.0*xbin[1362]*xbin[1232] -xbin[1362] -xbin[1232];
f = f+xbin[1362]+xbin[1195] - 2.0*xbin[1362]*xbin[1195] -1.0;
f = f+xbin[809]+xbin[810] - 2.0*xbin[809]*xbin[810] -1.0;
f = f+xbin[809]+xbin[1011] - 2.0*xbin[809]*xbin[1011] -1.0;
f = f + 2.0*xbin[1259]*xbin[1260] -xbin[1259] -xbin[1260];
f = f+xbin[1425]+xbin[828] - 2.0*xbin[1425]*xbin[828] -1.0;
f = f+xbin[1159]+xbin[1223] - 2.0*xbin[1159]*xbin[1223] -1.0;
f = f + 2.0*xbin[1301]*xbin[1302] -xbin[1301] -xbin[1302];
f = f + 2.0*xbin[1241]*xbin[1242] -xbin[1241] -xbin[1242];
f = f + 2.0*xbin[1268]*xbin[874] -xbin[1268] -xbin[874];
f = f+xbin[1218]+xbin[1219] - 2.0*xbin[1218]*xbin[1219] -1.0;
f = f+xbin[1190]+xbin[1191] - 2.0*xbin[1190]*xbin[1191] -1.0;
f = f+xbin[1401]+xbin[1402] - 2.0*xbin[1401]*xbin[1402] -1.0;
f = f+xbin[1403]+xbin[1194] - 2.0*xbin[1403]*xbin[1194] -1.0;
f = f+xbin[1160]+xbin[1161] - 2.0*xbin[1160]*xbin[1161] -1.0;
f = f+xbin[1270]+xbin[1271] - 2.0*xbin[1270]*xbin[1271] -1.0;
f = f + 2.0*xbin[1354]*xbin[1161] -xbin[1354] -xbin[1161];
f = f+xbin[1371]+xbin[1372] - 2.0*xbin[1371]*xbin[1372] -1.0;
f = f + 2.0*xbin[978]*xbin[1179] -xbin[978] -xbin[1179];
f = f+xbin[978]+xbin[1312] - 2.0*xbin[978]*xbin[1312] -1.0;
f = f+xbin[978]+xbin[979] - 2.0*xbin[978]*xbin[979] -1.0;
f = f + 2.0*xbin[1265]*xbin[1266] -xbin[1265] -xbin[1266];
f = f+xbin[1168]+xbin[1169] - 2.0*xbin[1168]*xbin[1169] -1.0;
f = f + 2.0*xbin[1275]*xbin[1276] -xbin[1275] -xbin[1276];
f = f+xbin[1275]+xbin[1155] - 2.0*xbin[1275]*xbin[1155] -1.0;
f = f + 2.0*xbin[1351]*xbin[1352] -xbin[1351] -xbin[1352];
f = f+xbin[1021]+xbin[1196] - 2.0*xbin[1021]*xbin[1196] -1.0;
f = f + 2.0*xbin[1325]*xbin[1238] -xbin[1325] -xbin[1238];
f = f+xbin[1423]+xbin[828] - 2.0*xbin[1423]*xbin[828] -1.0;
f = f + 2.0*xbin[1345]*xbin[1330] -xbin[1345] -xbin[1330];
f = f + 2.0*xbin[1407]*xbin[1390] -xbin[1407] -xbin[1390];
f = f + 2.0*xbin[1272]*xbin[1290] -xbin[1272] -xbin[1290];
f = f + 2.0*xbin[1272]*xbin[1285] -xbin[1272] -xbin[1285];
f = f+xbin[1272]+xbin[1273] - 2.0*xbin[1272]*xbin[1273] -1.0;
f = f+xbin[1413]+xbin[828] - 2.0*xbin[1413]*xbin[828] -1.0;
f = f+xbin[1410]+xbin[1411] - 2.0*xbin[1410]*xbin[1411] -1.0;
f = f+xbin[1374]+xbin[1281] - 2.0*xbin[1374]*xbin[1281] -1.0;
f = f + 2.0*xbin[1376]*xbin[1377] -xbin[1376] -xbin[1377];
f = f+xbin[1376]+xbin[1395] - 2.0*xbin[1376]*xbin[1395] -1.0;
f = f + 2.0*xbin[1181]*xbin[1182] -xbin[1181] -xbin[1182];
f = f+xbin[1181]+xbin[1199] - 2.0*xbin[1181]*xbin[1199] -1.0;
f = f + 2.0*xbin[1333]*xbin[1224] -xbin[1333] -xbin[1224];
f = f+xbin[1348]+xbin[1250] - 2.0*xbin[1348]*xbin[1250] -1.0;
f = f+xbin[1329]+xbin[1330] - 2.0*xbin[1329]*xbin[1330] -1.0;
f = f + 2.0*xbin[1309]*xbin[1310] -xbin[1309] -xbin[1310];
f = f + 2.0*xbin[1001]*xbin[1000] -xbin[1001] -xbin[1000];
f = f + 2.0*xbin[1291]*xbin[1292] -xbin[1291] -xbin[1292];
f = f + 2.0*xbin[1121]*xbin[1122] -xbin[1121] -xbin[1122];
f = f+xbin[1235]+xbin[1236] - 2.0*xbin[1235]*xbin[1236] -1.0;
f = f+xbin[1384]+xbin[854] - 2.0*xbin[1384]*xbin[854] -1.0;
f = f+xbin[1205]+xbin[1206] - 2.0*xbin[1205]*xbin[1206] -1.0;
f = f + 2.0*xbin[969]*xbin[970] -xbin[969] -xbin[970];
f = f + 2.0*xbin[1367]*xbin[1368] -xbin[1367] -xbin[1368];
f = f + 2.0*xbin[1294]*xbin[1271] -xbin[1294] -xbin[1271];
f = f + 2.0*xbin[1200]*xbin[1296] -xbin[1200] -xbin[1296];
f = f + 2.0*xbin[1162]*xbin[1163] -xbin[1162] -xbin[1163];
f = f+xbin[924]+xbin[1239] - 2.0*xbin[924]*xbin[1239] -1.0;
f = f + 2.0*xbin[924]*xbin[1318] -xbin[924] -xbin[1318];
f = f + 2.0*xbin[924]*xbin[1200] -xbin[924] -xbin[1200];
f = f + 2.0*xbin[924]*xbin[797] -xbin[924] -xbin[797];
f = f + 2.0*xbin[924]*xbin[1281] -xbin[924] -xbin[1281];
f = f+xbin[924]+xbin[1420] - 2.0*xbin[924]*xbin[1420] -1.0;
f = f+xbin[924]+xbin[1000] - 2.0*xbin[924]*xbin[1000] -1.0;
f = f + 2.0*xbin[1256]*xbin[1284] -xbin[1256] -xbin[1284];
f = f+xbin[1256]+xbin[1162] - 2.0*xbin[1256]*xbin[1162] -1.0;
f = f+xbin[1256]+xbin[1344] - 2.0*xbin[1256]*xbin[1344] -1.0;
f = f+xbin[1256]+xbin[1303] - 2.0*xbin[1256]*xbin[1303] -1.0;
f = f + 2.0*xbin[1222]*xbin[1223] -xbin[1222] -xbin[1223];
f = f+xbin[1379]+xbin[1355] - 2.0*xbin[1379]*xbin[1355] -1.0;
f = f+xbin[1355]+xbin[1356] - 2.0*xbin[1355]*xbin[1356] -1.0;
f = f + 2.0*xbin[1230]*xbin[1231] -xbin[1230] -xbin[1231];
f = f+xbin[1396]+xbin[1276] - 2.0*xbin[1396]*xbin[1276] -1.0;
f = f+xbin[1180]+xbin[797] - 2.0*xbin[1180]*xbin[797] -1.0;
f = f + 2.0*xbin[1180]*xbin[1202] -xbin[1180] -xbin[1202];
f = f + 2.0*xbin[1213]*xbin[924] -xbin[1213] -xbin[924];
f = f+xbin[1213]+xbin[1180] - 2.0*xbin[1213]*xbin[1180] -1.0;
f = f+xbin[1304]+xbin[1256] - 2.0*xbin[1304]*xbin[1256] -1.0;
f = f + 2.0*xbin[1387]*xbin[809] -xbin[1387] -xbin[809];
f = f + 2.0*xbin[1406]*xbin[855] -xbin[1406] -xbin[855];
f = f+xbin[1172]+xbin[1173] - 2.0*xbin[1172]*xbin[1173] -1.0;
f = f+xbin[1172]+xbin[1207] - 2.0*xbin[1172]*xbin[1207] -1.0;
f = f + 2.0*xbin[1203]*xbin[1204] -xbin[1203] -xbin[1204];
f = f + 2.0*xbin[854]*xbin[855] -xbin[854] -xbin[855];
f = f + 2.0*xbin[854]*xbin[1365] -xbin[854] -xbin[1365];
f = f+xbin[854]+xbin[1206] - 2.0*xbin[854]*xbin[1206] -1.0;
f = f+xbin[1164]+xbin[1165] - 2.0*xbin[1164]*xbin[1165] -1.0;
f = f+xbin[1373]+xbin[1264] - 2.0*xbin[1373]*xbin[1264] -1.0;
f = f+xbin[1347]+xbin[1000] - 2.0*xbin[1347]*xbin[1000] -1.0;
f = f+xbin[1398]+xbin[828] - 2.0*xbin[1398]*xbin[828] -1.0;
f = f+xbin[1225]+xbin[1226] - 2.0*xbin[1225]*xbin[1226] -1.0;
f = f + 2.0*xbin[1278]*xbin[1000] -xbin[1278] -xbin[1000];
f = f + 2.0*xbin[1232]*xbin[1233] -xbin[1232] -xbin[1233];
f = f + 2.0*xbin[1155]*xbin[1156] -xbin[1155] -xbin[1156];
f = f + 2.0*xbin[789]*xbin[1157] -xbin[789] -xbin[1157];
f = f+xbin[1342]+xbin[1343] - 2.0*xbin[1342]*xbin[1343] -1.0;
f = f + 2.0*xbin[1414]*xbin[1415] -xbin[1414] -xbin[1415];
f = f+xbin[1327]+xbin[1328] - 2.0*xbin[1327]*xbin[1328] -1.0;
f = f + 2.0*xbin[1076]*xbin[1268] -xbin[1076] -xbin[1268];
f = f + 2.0*xbin[1076]*xbin[1233] -xbin[1076] -xbin[1233];
f = f+xbin[1378]+xbin[1371] - 2.0*xbin[1378]*xbin[1371] -1.0;
f = f+xbin[1292]+xbin[1321] - 2.0*xbin[1292]*xbin[1321] -1.0;
f = f + 2.0*xbin[1292]*xbin[1320] -xbin[1292] -xbin[1320];
f = f + 2.0*xbin[1292]*xbin[1233] -xbin[1292] -xbin[1233];
f = f+xbin[874]+xbin[1229] - 2.0*xbin[874]*xbin[1229] -1.0;
f = f + 2.0*xbin[1338]*xbin[1224] -xbin[1338] -xbin[1224];
f = f + 2.0*xbin[1359]*xbin[1360] -xbin[1359] -xbin[1360];
f = f+xbin[1315]+xbin[1316] - 2.0*xbin[1315]*xbin[1316] -1.0;
f = f+xbin[1380]+xbin[1381] - 2.0*xbin[1380]*xbin[1381] -1.0;
f = f+xbin[1183]+xbin[1184] - 2.0*xbin[1183]*xbin[1184] -1.0;
f = f+xbin[1346]+xbin[1181] - 2.0*xbin[1346]*xbin[1181] -1.0;
f = f+xbin[1237]+xbin[1232] - 2.0*xbin[1237]*xbin[1232] -1.0;
f = f + 2.0*xbin[1390]*xbin[1391] -xbin[1390] -xbin[1391];
f = f+xbin[1186]+xbin[1187] - 2.0*xbin[1186]*xbin[1187] -1.0;
f = f + 2.0*xbin[800]*xbin[945] -xbin[800] -xbin[945];
f = f + 2.0*xbin[1197]*xbin[1198] -xbin[1197] -xbin[1198];
f = f+xbin[1246]+xbin[809] - 2.0*xbin[1246]*xbin[809] -1.0;
f = f+xbin[1408]+xbin[1409] - 2.0*xbin[1408]*xbin[1409] -1.0;
f = f + 2.0*xbin[1314]*xbin[1239] -xbin[1314] -xbin[1239];
f = f+xbin[1279]+xbin[1192] - 2.0*xbin[1279]*xbin[1192] -1.0;
f = f+xbin[1228]+xbin[1011] - 2.0*xbin[1228]*xbin[1011] -1.0;
f = f+xbin[1227]+xbin[1228] - 2.0*xbin[1227]*xbin[1228] -1.0;
f = f + 2.0*xbin[1247]*xbin[1248] -xbin[1247] -xbin[1248];
f = f+xbin[1247]+xbin[1249] - 2.0*xbin[1247]*xbin[1249] -1.0;
f = f + 2.0*xbin[1297]*xbin[1298] -xbin[1297] -xbin[1298];
f = f+xbin[1176]+xbin[1192] - 2.0*xbin[1176]*xbin[1192] -1.0;
f = f+xbin[1176]+xbin[1177] - 2.0*xbin[1176]*xbin[1177] -1.0;
f = f + 2.0*xbin[1176]*xbin[1257] -xbin[1176] -xbin[1257];
f = f+xbin[1167]+xbin[819] - 2.0*xbin[1167]*xbin[819] -1.0;
f = f + 2.0*xbin[1166]*xbin[819] -xbin[1166] -xbin[819];
f = f + 2.0*xbin[1166]*xbin[1167] -xbin[1166] -xbin[1167];
f = f+xbin[1361]+xbin[809] - 2.0*xbin[1361]*xbin[809] -1.0;
f = f+xbin[1065]+xbin[1271] - 2.0*xbin[1065]*xbin[1271] -1.0;
f = f + 2.0*xbin[894]*xbin[1195] -xbin[894] -xbin[1195];
f = f + 2.0*xbin[894]*xbin[1233] -xbin[894] -xbin[1233];
f = f + 2.0*xbin[1416]*xbin[1417] -xbin[1416] -xbin[1417];
f = f + 2.0*xbin[1240]*xbin[1184] -xbin[1240] -xbin[1184];
f = f + 2.0*xbin[1331]*xbin[1292] -xbin[1331] -xbin[1292];
f = f + 2.0*xbin[1323]*xbin[1324] -xbin[1323] -xbin[1324];
f = f+xbin[1424]+xbin[828] - 2.0*xbin[1424]*xbin[828] -1.0;
f = f + 2.0*xbin[1421]*xbin[1422] -xbin[1421] -xbin[1422];
f = f + 2.0*xbin[1322]*xbin[1273] -xbin[1322] -xbin[1273];
f = f+xbin[1216]+xbin[1217] - 2.0*xbin[1216]*xbin[1217] -1.0;
f = f+xbin[1307]+xbin[1179] - 2.0*xbin[1307]*xbin[1179] -1.0;
f = f + 2.0*xbin[1220]*xbin[1221] -xbin[1220] -xbin[1221];
f = f+xbin[1319]+xbin[924] - 2.0*xbin[1319]*xbin[924] -1.0;
f = f+xbin[1208]+xbin[1209] - 2.0*xbin[1208]*xbin[1209] -1.0;
f = f + 2.0*xbin[1199]*xbin[1200] -xbin[1199] -xbin[1200];
f = f+xbin[949]+xbin[950] - 2.0*xbin[949]*xbin[950] -1.0;
f = f+xbin[1293]+xbin[1250] - 2.0*xbin[1293]*xbin[1250] -1.0;
f = f + 2.0*xbin[1189]*xbin[1243] -xbin[1189] -xbin[1243];
f = f+xbin[1189]+xbin[874] - 2.0*xbin[1189]*xbin[874] -1.0;
f = f+xbin[1252]+xbin[1162] - 2.0*xbin[1252]*xbin[1162] -1.0;
f = f+xbin[1185]+xbin[1163] - 2.0*xbin[1185]*xbin[1163] -1.0;
f = f + 2.0*xbin[1185]*xbin[1162] -xbin[1185] -xbin[1162];
f = f + 2.0*xbin[1158]*xbin[1159] -xbin[1158] -xbin[1159];
f = f+xbin[1388]+xbin[1389] - 2.0*xbin[1388]*xbin[1389] -1.0;
f = f+xbin[1201]+xbin[795] - 2.0*xbin[1201]*xbin[795] -1.0;
f = f + 2.0*xbin[1234]*xbin[1201] -xbin[1234] -xbin[1201];
f = f+xbin[1211]+xbin[1179] - 2.0*xbin[1211]*xbin[1179] -1.0;
f = f + 2.0*xbin[1211]*xbin[1212] -xbin[1211] -xbin[1212];
f = f+xbin[1224]+xbin[1269] - 2.0*xbin[1224]*xbin[1269] -1.0;
f = f + 2.0*xbin[1224]*xbin[1200] -xbin[1224] -xbin[1200];
f = f + 2.0*xbin[1224]*xbin[797] -xbin[1224] -xbin[797];
f = f + 2.0*xbin[1224]*xbin[1180] -xbin[1224] -xbin[1180];
f = f+xbin[1224]+xbin[1202] - 2.0*xbin[1224]*xbin[1202] -1.0;
f = f + 2.0*xbin[1224]*xbin[1281] -xbin[1224] -xbin[1281];
f = f+xbin[1357]+xbin[1233] - 2.0*xbin[1357]*xbin[1233] -1.0;
f = f + 2.0*xbin[1397]*xbin[1322] -xbin[1397] -xbin[1322];
f = f+xbin[1305]+xbin[1166] - 2.0*xbin[1305]*xbin[1166] -1.0;
f = f+xbin[795]+xbin[1353] - 2.0*xbin[795]*xbin[1353] -1.0;
f = f+xbin[1244]+xbin[819] - 2.0*xbin[1244]*xbin[819] -1.0;
f = f+xbin[1244]+xbin[1229] - 2.0*xbin[1244]*xbin[1229] -1.0;
f = f+xbin[1244]+xbin[1287] - 2.0*xbin[1244]*xbin[1287] -1.0;
f = f+xbin[1244]+xbin[1245] - 2.0*xbin[1244]*xbin[1245] -1.0;
f = f + 2.0*xbin[1244]*xbin[1233] -xbin[1244] -xbin[1233];
f = f+xbin[1336]+xbin[819] - 2.0*xbin[1336]*xbin[819] -1.0;
f = f+xbin[1336]+xbin[1337] - 2.0*xbin[1336]*xbin[1337] -1.0;
f = f + 2.0*xbin[1385]*xbin[1386] -xbin[1385] -xbin[1386];
f = f+xbin[835]+xbin[1308] - 2.0*xbin[835]*xbin[1308] -1.0;
f = f+xbin[1295]+xbin[1224] - 2.0*xbin[1295]*xbin[1224] -1.0;
f = f + 2.0*xbin[1366]*xbin[1203] -xbin[1366] -xbin[1203];
f = f + 2.0*xbin[1286]*xbin[1192] -xbin[1286] -xbin[1192];
f = f + 2.0*xbin[1214]*xbin[1215] -xbin[1214] -xbin[1215];
f = f+xbin[1210]+xbin[1236] - 2.0*xbin[1210]*xbin[1236] -1.0;
f = f+xbin[1210]+xbin[1274] - 2.0*xbin[1210]*xbin[1274] -1.0;
f = f + 2.0*xbin[1210]*xbin[1201] -xbin[1210] -xbin[1201];
f = f+xbin[1192]+xbin[1267] - 2.0*xbin[1192]*xbin[1267] -1.0;
f = f+xbin[1192]+xbin[1317] - 2.0*xbin[1192]*xbin[1317] -1.0;
f = f + 2.0*xbin[1192]*xbin[1264] -xbin[1192] -xbin[1264];
f = f+xbin[1306]+xbin[1166] - 2.0*xbin[1306]*xbin[1166] -1.0;
f = f+xbin[1358]+xbin[1233] - 2.0*xbin[1358]*xbin[1233] -1.0;
f = f + 2.0*xbin[1170]*xbin[1171] -xbin[1170] -xbin[1171];
f = f+xbin[1254]+xbin[1300] - 2.0*xbin[1254]*xbin[1300] -1.0;
f = f+xbin[1254]+xbin[1255] - 2.0*xbin[1254]*xbin[1255] -1.0;
f = f + 2.0*xbin[1254]*xbin[1399] -xbin[1254] -xbin[1399];
f = f+xbin[1254]+xbin[1392] - 2.0*xbin[1254]*xbin[1392] -1.0;
f = f+xbin[1324]+xbin[1254] - 2.0*xbin[1324]*xbin[1254] -1.0;
f = f+xbin[1238]+xbin[1239] - 2.0*xbin[1238]*xbin[1239] -1.0;
f = f+xbin[1238]+xbin[1202] - 2.0*xbin[1238]*xbin[1202] -1.0;
f = f + 2.0*xbin[1188]*xbin[819] -xbin[1188] -xbin[819];
f = f+xbin[1375]+xbin[1356] - 2.0*xbin[1375]*xbin[1356] -1.0;
f = f+xbin[1363]+xbin[1364] - 2.0*xbin[1363]*xbin[1364] -1.0;
f = f + 2.0*xbin[1226]*xbin[1412] -xbin[1226] -xbin[1412];
f = f+xbin[1340]+xbin[1341] - 2.0*xbin[1340]*xbin[1341] -1.0;
f = f + 2.0*xbin[1418]*xbin[1419] -xbin[1418] -xbin[1419];
f = f + 2.0*xbin[1393]*xbin[1394] -xbin[1393] -xbin[1394];
f = f + 2.0*xbin[1393]*xbin[1400] -xbin[1393] -xbin[1400];
f = f+xbin[770]+xbin[1262] - 2.0*xbin[770]*xbin[1262] -1.0;
f = f+xbin[1178]+xbin[1179] - 2.0*xbin[1178]*xbin[1179] -1.0;
f = f+xbin[1326]+xbin[1323] - 2.0*xbin[1326]*xbin[1323] -1.0;
f = f+xbin[1332]+xbin[1295] - 2.0*xbin[1332]*xbin[1295] -1.0;
f = f+xbin[1000]+xbin[1239] - 2.0*xbin[1000]*xbin[1239] -1.0;
f = f+xbin[1282]+xbin[1283] - 2.0*xbin[1282]*xbin[1283] -1.0;
f = f+xbin[1339]+xbin[1330] - 2.0*xbin[1339]*xbin[1330] -1.0;
f = f+xbin[1299]+xbin[1300] - 2.0*xbin[1299]*xbin[1300] -1.0;
f = f + 2.0*xbin[1174]*xbin[1175] -xbin[1174] -xbin[1175];
f = f+ xbin[1]+xbin[714] - 2.0*xbin[1]*xbin[714] -1.0;
f = f+ xbin[2]+xbin[715] - 2.0*xbin[2]*xbin[715] -1.0;
f = f+ xbin[3]+xbin[716] - 2.0*xbin[3]*xbin[716] -1.0;
f = f+ xbin[4]+xbin[717] - 2.0*xbin[4]*xbin[717] -1.0;
f = f+ xbin[5]+xbin[718] - 2.0*xbin[5]*xbin[718] -1.0;
f = f+ xbin[6]+xbin[719] - 2.0*xbin[6]*xbin[719] -1.0;
f = f+ xbin[7]+xbin[720] - 2.0*xbin[7]*xbin[720] -1.0;
f = f+ xbin[8]+xbin[721] - 2.0*xbin[8]*xbin[721] -1.0;
f = f+ xbin[9]+xbin[722] - 2.0*xbin[9]*xbin[722] -1.0;
f = f+ xbin[10]+xbin[723] - 2.0*xbin[10]*xbin[723] -1.0;
f = f+ xbin[11]+xbin[724] - 2.0*xbin[11]*xbin[724] -1.0;
f = f+ xbin[12]+xbin[725] - 2.0*xbin[12]*xbin[725] -1.0;
f = f+ xbin[13]+xbin[726] - 2.0*xbin[13]*xbin[726] -1.0;
f = f+ xbin[14]+xbin[727] - 2.0*xbin[14]*xbin[727] -1.0;
f = f+ xbin[15]+xbin[728] - 2.0*xbin[15]*xbin[728] -1.0;
f = f+ xbin[16]+xbin[729] - 2.0*xbin[16]*xbin[729] -1.0;
f = f+ xbin[17]+xbin[730] - 2.0*xbin[17]*xbin[730] -1.0;
f = f+ xbin[18]+xbin[731] - 2.0*xbin[18]*xbin[731] -1.0;
f = f+ xbin[19]+xbin[732] - 2.0*xbin[19]*xbin[732] -1.0;
f = f+ xbin[20]+xbin[733] - 2.0*xbin[20]*xbin[733] -1.0;
f = f+ xbin[21]+xbin[734] - 2.0*xbin[21]*xbin[734] -1.0;
f = f+ xbin[22]+xbin[735] - 2.0*xbin[22]*xbin[735] -1.0;
f = f+ xbin[23]+xbin[736] - 2.0*xbin[23]*xbin[736] -1.0;
f = f+ xbin[24]+xbin[737] - 2.0*xbin[24]*xbin[737] -1.0;
f = f+ xbin[25]+xbin[738] - 2.0*xbin[25]*xbin[738] -1.0;
f = f+ xbin[26]+xbin[739] - 2.0*xbin[26]*xbin[739] -1.0;
f = f+ xbin[27]+xbin[740] - 2.0*xbin[27]*xbin[740] -1.0;
f = f+ xbin[28]+xbin[741] - 2.0*xbin[28]*xbin[741] -1.0;
f = f+ xbin[29]+xbin[742] - 2.0*xbin[29]*xbin[742] -1.0;
f = f+ xbin[30]+xbin[743] - 2.0*xbin[30]*xbin[743] -1.0;
f = f+ xbin[31]+xbin[744] - 2.0*xbin[31]*xbin[744] -1.0;
f = f+ xbin[32]+xbin[745] - 2.0*xbin[32]*xbin[745] -1.0;
f = f+ xbin[33]+xbin[746] - 2.0*xbin[33]*xbin[746] -1.0;
f = f+ xbin[34]+xbin[747] - 2.0*xbin[34]*xbin[747] -1.0;
f = f+ xbin[35]+xbin[748] - 2.0*xbin[35]*xbin[748] -1.0;
f = f+ xbin[36]+xbin[749] - 2.0*xbin[36]*xbin[749] -1.0;
f = f+ xbin[37]+xbin[750] - 2.0*xbin[37]*xbin[750] -1.0;
f = f+ xbin[38]+xbin[751] - 2.0*xbin[38]*xbin[751] -1.0;
f = f+ xbin[39]+xbin[752] - 2.0*xbin[39]*xbin[752] -1.0;
f = f+ xbin[40]+xbin[753] - 2.0*xbin[40]*xbin[753] -1.0;
f = f+ xbin[41]+xbin[754] - 2.0*xbin[41]*xbin[754] -1.0;
f = f+ xbin[42]+xbin[755] - 2.0*xbin[42]*xbin[755] -1.0;
f = f+ xbin[43]+xbin[756] - 2.0*xbin[43]*xbin[756] -1.0;
f = f+ xbin[44]+xbin[757] - 2.0*xbin[44]*xbin[757] -1.0;
f = f+ xbin[45]+xbin[758] - 2.0*xbin[45]*xbin[758] -1.0;
f = f+ xbin[46]+xbin[759] - 2.0*xbin[46]*xbin[759] -1.0;
f = f+ xbin[47]+xbin[760] - 2.0*xbin[47]*xbin[760] -1.0;
f = f+ xbin[48]+xbin[761] - 2.0*xbin[48]*xbin[761] -1.0;
f = f+ xbin[49]+xbin[762] - 2.0*xbin[49]*xbin[762] -1.0;
f = f+ xbin[50]+xbin[763] - 2.0*xbin[50]*xbin[763] -1.0;
f = f+ xbin[51]+xbin[764] - 2.0*xbin[51]*xbin[764] -1.0;
f = f+ xbin[52]+xbin[765] - 2.0*xbin[52]*xbin[765] -1.0;
f = f+ xbin[53]+xbin[766] - 2.0*xbin[53]*xbin[766] -1.0;
f = f+ xbin[54]+xbin[767] - 2.0*xbin[54]*xbin[767] -1.0;
f = f+ xbin[55]+xbin[768] - 2.0*xbin[55]*xbin[768] -1.0;
f = f+ xbin[56]+xbin[769] - 2.0*xbin[56]*xbin[769] -1.0;
f = f+ xbin[57]+xbin[770] - 2.0*xbin[57]*xbin[770] -1.0;
f = f+ xbin[58]+xbin[771] - 2.0*xbin[58]*xbin[771] -1.0;
f = f+ xbin[59]+xbin[772] - 2.0*xbin[59]*xbin[772] -1.0;
f = f+ xbin[60]+xbin[773] - 2.0*xbin[60]*xbin[773] -1.0;
f = f+ xbin[61]+xbin[774] - 2.0*xbin[61]*xbin[774] -1.0;
f = f+ xbin[62]+xbin[775] - 2.0*xbin[62]*xbin[775] -1.0;
f = f+ xbin[63]+xbin[776] - 2.0*xbin[63]*xbin[776] -1.0;
f = f+ xbin[64]+xbin[777] - 2.0*xbin[64]*xbin[777] -1.0;
f = f+ xbin[65]+xbin[778] - 2.0*xbin[65]*xbin[778] -1.0;
f = f+ xbin[66]+xbin[779] - 2.0*xbin[66]*xbin[779] -1.0;
f = f+ xbin[67]+xbin[780] - 2.0*xbin[67]*xbin[780] -1.0;
f = f+ xbin[68]+xbin[781] - 2.0*xbin[68]*xbin[781] -1.0;
f = f+ xbin[69]+xbin[782] - 2.0*xbin[69]*xbin[782] -1.0;
f = f+ xbin[70]+xbin[783] - 2.0*xbin[70]*xbin[783] -1.0;
f = f+ xbin[71]+xbin[784] - 2.0*xbin[71]*xbin[784] -1.0;
f = f+ xbin[72]+xbin[785] - 2.0*xbin[72]*xbin[785] -1.0;
f = f+ xbin[73]+xbin[786] - 2.0*xbin[73]*xbin[786] -1.0;
f = f+ xbin[74]+xbin[787] - 2.0*xbin[74]*xbin[787] -1.0;
f = f+ xbin[75]+xbin[788] - 2.0*xbin[75]*xbin[788] -1.0;
f = f+ xbin[76]+xbin[789] - 2.0*xbin[76]*xbin[789] -1.0;
f = f+ xbin[77]+xbin[790] - 2.0*xbin[77]*xbin[790] -1.0;
f = f+ xbin[78]+xbin[791] - 2.0*xbin[78]*xbin[791] -1.0;
f = f+ xbin[79]+xbin[792] - 2.0*xbin[79]*xbin[792] -1.0;
f = f+ xbin[80]+xbin[793] - 2.0*xbin[80]*xbin[793] -1.0;
f = f+ xbin[81]+xbin[794] - 2.0*xbin[81]*xbin[794] -1.0;
f = f+ xbin[82]+xbin[795] - 2.0*xbin[82]*xbin[795] -1.0;
f = f+ xbin[83]+xbin[796] - 2.0*xbin[83]*xbin[796] -1.0;
f = f+ xbin[84]+xbin[797] - 2.0*xbin[84]*xbin[797] -1.0;
f = f+ xbin[85]+xbin[798] - 2.0*xbin[85]*xbin[798] -1.0;
f = f+ xbin[86]+xbin[799] - 2.0*xbin[86]*xbin[799] -1.0;
f = f+ xbin[87]+xbin[800] - 2.0*xbin[87]*xbin[800] -1.0;
f = f+ xbin[88]+xbin[801] - 2.0*xbin[88]*xbin[801] -1.0;
f = f+ xbin[89]+xbin[802] - 2.0*xbin[89]*xbin[802] -1.0;
f = f+ xbin[90]+xbin[803] - 2.0*xbin[90]*xbin[803] -1.0;
f = f+ xbin[91]+xbin[804] - 2.0*xbin[91]*xbin[804] -1.0;
f = f+ xbin[92]+xbin[805] - 2.0*xbin[92]*xbin[805] -1.0;
f = f+ xbin[93]+xbin[806] - 2.0*xbin[93]*xbin[806] -1.0;
f = f+ xbin[94]+xbin[807] - 2.0*xbin[94]*xbin[807] -1.0;
f = f+ xbin[95]+xbin[808] - 2.0*xbin[95]*xbin[808] -1.0;
f = f+ xbin[96]+xbin[809] - 2.0*xbin[96]*xbin[809] -1.0;
f = f+ xbin[97]+xbin[810] - 2.0*xbin[97]*xbin[810] -1.0;
f = f+ xbin[98]+xbin[811] - 2.0*xbin[98]*xbin[811] -1.0;
f = f+ xbin[99]+xbin[812] - 2.0*xbin[99]*xbin[812] -1.0;
f = f+ xbin[100]+xbin[813] - 2.0*xbin[100]*xbin[813] -1.0;
f = f+ xbin[101]+xbin[814] - 2.0*xbin[101]*xbin[814] -1.0;
f = f+ xbin[102]+xbin[815] - 2.0*xbin[102]*xbin[815] -1.0;
f = f+ xbin[103]+xbin[816] - 2.0*xbin[103]*xbin[816] -1.0;
f = f+ xbin[104]+xbin[817] - 2.0*xbin[104]*xbin[817] -1.0;
f = f+ xbin[105]+xbin[818] - 2.0*xbin[105]*xbin[818] -1.0;
f = f+ xbin[106]+xbin[819] - 2.0*xbin[106]*xbin[819] -1.0;
f = f+ xbin[107]+xbin[820] - 2.0*xbin[107]*xbin[820] -1.0;
f = f+ xbin[108]+xbin[821] - 2.0*xbin[108]*xbin[821] -1.0;
f = f+ xbin[109]+xbin[822] - 2.0*xbin[109]*xbin[822] -1.0;
f = f+ xbin[110]+xbin[823] - 2.0*xbin[110]*xbin[823] -1.0;
f = f+ xbin[111]+xbin[824] - 2.0*xbin[111]*xbin[824] -1.0;
f = f+ xbin[112]+xbin[825] - 2.0*xbin[112]*xbin[825] -1.0;
f = f+ xbin[113]+xbin[826] - 2.0*xbin[113]*xbin[826] -1.0;
f = f+ xbin[114]+xbin[827] - 2.0*xbin[114]*xbin[827] -1.0;
f = f+ xbin[115]+xbin[828] - 2.0*xbin[115]*xbin[828] -1.0;
f = f+ xbin[116]+xbin[829] - 2.0*xbin[116]*xbin[829] -1.0;
f = f+ xbin[117]+xbin[830] - 2.0*xbin[117]*xbin[830] -1.0;
f = f+ xbin[118]+xbin[831] - 2.0*xbin[118]*xbin[831] -1.0;
f = f+ xbin[119]+xbin[832] - 2.0*xbin[119]*xbin[832] -1.0;
f = f+ xbin[120]+xbin[833] - 2.0*xbin[120]*xbin[833] -1.0;
f = f+ xbin[121]+xbin[834] - 2.0*xbin[121]*xbin[834] -1.0;
f = f+ xbin[122]+xbin[835] - 2.0*xbin[122]*xbin[835] -1.0;
f = f+ xbin[123]+xbin[836] - 2.0*xbin[123]*xbin[836] -1.0;
f = f+ xbin[124]+xbin[837] - 2.0*xbin[124]*xbin[837] -1.0;
f = f+ xbin[125]+xbin[838] - 2.0*xbin[125]*xbin[838] -1.0;
f = f+ xbin[126]+xbin[839] - 2.0*xbin[126]*xbin[839] -1.0;
f = f+ xbin[127]+xbin[840] - 2.0*xbin[127]*xbin[840] -1.0;
f = f+ xbin[128]+xbin[841] - 2.0*xbin[128]*xbin[841] -1.0;
f = f+ xbin[129]+xbin[842] - 2.0*xbin[129]*xbin[842] -1.0;
f = f+ xbin[130]+xbin[843] - 2.0*xbin[130]*xbin[843] -1.0;
f = f+ xbin[131]+xbin[844] - 2.0*xbin[131]*xbin[844] -1.0;
f = f+ xbin[132]+xbin[845] - 2.0*xbin[132]*xbin[845] -1.0;
f = f+ xbin[133]+xbin[846] - 2.0*xbin[133]*xbin[846] -1.0;
f = f+ xbin[134]+xbin[847] - 2.0*xbin[134]*xbin[847] -1.0;
f = f+ xbin[135]+xbin[848] - 2.0*xbin[135]*xbin[848] -1.0;
f = f+ xbin[136]+xbin[849] - 2.0*xbin[136]*xbin[849] -1.0;
f = f+ xbin[137]+xbin[850] - 2.0*xbin[137]*xbin[850] -1.0;
f = f+ xbin[138]+xbin[851] - 2.0*xbin[138]*xbin[851] -1.0;
f = f+ xbin[139]+xbin[852] - 2.0*xbin[139]*xbin[852] -1.0;
f = f+ xbin[140]+xbin[853] - 2.0*xbin[140]*xbin[853] -1.0;
f = f+ xbin[141]+xbin[854] - 2.0*xbin[141]*xbin[854] -1.0;
f = f+ xbin[142]+xbin[855] - 2.0*xbin[142]*xbin[855] -1.0;
f = f+ xbin[143]+xbin[856] - 2.0*xbin[143]*xbin[856] -1.0;
f = f+ xbin[144]+xbin[857] - 2.0*xbin[144]*xbin[857] -1.0;
f = f+ xbin[145]+xbin[858] - 2.0*xbin[145]*xbin[858] -1.0;
f = f+ xbin[146]+xbin[859] - 2.0*xbin[146]*xbin[859] -1.0;
f = f+ xbin[147]+xbin[860] - 2.0*xbin[147]*xbin[860] -1.0;
f = f+ xbin[148]+xbin[861] - 2.0*xbin[148]*xbin[861] -1.0;
f = f+ xbin[149]+xbin[862] - 2.0*xbin[149]*xbin[862] -1.0;
f = f+ xbin[150]+xbin[863] - 2.0*xbin[150]*xbin[863] -1.0;
f = f+ xbin[151]+xbin[864] - 2.0*xbin[151]*xbin[864] -1.0;
f = f+ xbin[152]+xbin[865] - 2.0*xbin[152]*xbin[865] -1.0;
f = f+ xbin[153]+xbin[866] - 2.0*xbin[153]*xbin[866] -1.0;
f = f+ xbin[154]+xbin[867] - 2.0*xbin[154]*xbin[867] -1.0;
f = f+ xbin[155]+xbin[868] - 2.0*xbin[155]*xbin[868] -1.0;
f = f+ xbin[156]+xbin[869] - 2.0*xbin[156]*xbin[869] -1.0;
f = f+ xbin[157]+xbin[870] - 2.0*xbin[157]*xbin[870] -1.0;
f = f+ xbin[158]+xbin[871] - 2.0*xbin[158]*xbin[871] -1.0;
f = f+ xbin[159]+xbin[872] - 2.0*xbin[159]*xbin[872] -1.0;
f = f+ xbin[160]+xbin[873] - 2.0*xbin[160]*xbin[873] -1.0;
f = f+ xbin[161]+xbin[874] - 2.0*xbin[161]*xbin[874] -1.0;
f = f+ xbin[162]+xbin[875] - 2.0*xbin[162]*xbin[875] -1.0;
f = f+ xbin[163]+xbin[876] - 2.0*xbin[163]*xbin[876] -1.0;
f = f+ xbin[164]+xbin[877] - 2.0*xbin[164]*xbin[877] -1.0;
f = f+ xbin[165]+xbin[878] - 2.0*xbin[165]*xbin[878] -1.0;
f = f+ xbin[166]+xbin[879] - 2.0*xbin[166]*xbin[879] -1.0;
f = f+ xbin[167]+xbin[880] - 2.0*xbin[167]*xbin[880] -1.0;
f = f+ xbin[168]+xbin[881] - 2.0*xbin[168]*xbin[881] -1.0;
f = f+ xbin[169]+xbin[882] - 2.0*xbin[169]*xbin[882] -1.0;
f = f+ xbin[170]+xbin[883] - 2.0*xbin[170]*xbin[883] -1.0;
f = f+ xbin[171]+xbin[884] - 2.0*xbin[171]*xbin[884] -1.0;
f = f+ xbin[172]+xbin[885] - 2.0*xbin[172]*xbin[885] -1.0;
f = f+ xbin[173]+xbin[886] - 2.0*xbin[173]*xbin[886] -1.0;
f = f+ xbin[174]+xbin[887] - 2.0*xbin[174]*xbin[887] -1.0;
f = f+ xbin[175]+xbin[888] - 2.0*xbin[175]*xbin[888] -1.0;
f = f+ xbin[176]+xbin[889] - 2.0*xbin[176]*xbin[889] -1.0;
f = f+ xbin[177]+xbin[890] - 2.0*xbin[177]*xbin[890] -1.0;
f = f+ xbin[178]+xbin[891] - 2.0*xbin[178]*xbin[891] -1.0;
f = f+ xbin[179]+xbin[892] - 2.0*xbin[179]*xbin[892] -1.0;
f = f+ xbin[180]+xbin[893] - 2.0*xbin[180]*xbin[893] -1.0;
f = f+ xbin[181]+xbin[894] - 2.0*xbin[181]*xbin[894] -1.0;
f = f+ xbin[182]+xbin[895] - 2.0*xbin[182]*xbin[895] -1.0;
f = f+ xbin[183]+xbin[896] - 2.0*xbin[183]*xbin[896] -1.0;
f = f+ xbin[184]+xbin[897] - 2.0*xbin[184]*xbin[897] -1.0;
f = f+ xbin[185]+xbin[898] - 2.0*xbin[185]*xbin[898] -1.0;
f = f+ xbin[186]+xbin[899] - 2.0*xbin[186]*xbin[899] -1.0;
f = f+ xbin[187]+xbin[900] - 2.0*xbin[187]*xbin[900] -1.0;
f = f+ xbin[188]+xbin[901] - 2.0*xbin[188]*xbin[901] -1.0;
f = f+ xbin[189]+xbin[902] - 2.0*xbin[189]*xbin[902] -1.0;
f = f+ xbin[190]+xbin[903] - 2.0*xbin[190]*xbin[903] -1.0;
f = f+ xbin[191]+xbin[904] - 2.0*xbin[191]*xbin[904] -1.0;
f = f+ xbin[192]+xbin[905] - 2.0*xbin[192]*xbin[905] -1.0;
f = f+ xbin[193]+xbin[906] - 2.0*xbin[193]*xbin[906] -1.0;
f = f+ xbin[194]+xbin[907] - 2.0*xbin[194]*xbin[907] -1.0;
f = f+ xbin[195]+xbin[908] - 2.0*xbin[195]*xbin[908] -1.0;
f = f+ xbin[196]+xbin[909] - 2.0*xbin[196]*xbin[909] -1.0;
f = f+ xbin[197]+xbin[910] - 2.0*xbin[197]*xbin[910] -1.0;
f = f+ xbin[198]+xbin[911] - 2.0*xbin[198]*xbin[911] -1.0;
f = f+ xbin[199]+xbin[912] - 2.0*xbin[199]*xbin[912] -1.0;
f = f+ xbin[200]+xbin[913] - 2.0*xbin[200]*xbin[913] -1.0;
f = f+ xbin[201]+xbin[914] - 2.0*xbin[201]*xbin[914] -1.0;
f = f+ xbin[202]+xbin[915] - 2.0*xbin[202]*xbin[915] -1.0;
f = f+ xbin[203]+xbin[916] - 2.0*xbin[203]*xbin[916] -1.0;
f = f+ xbin[204]+xbin[917] - 2.0*xbin[204]*xbin[917] -1.0;
f = f+ xbin[205]+xbin[918] - 2.0*xbin[205]*xbin[918] -1.0;
f = f+ xbin[206]+xbin[919] - 2.0*xbin[206]*xbin[919] -1.0;
f = f+ xbin[207]+xbin[920] - 2.0*xbin[207]*xbin[920] -1.0;
f = f+ xbin[208]+xbin[921] - 2.0*xbin[208]*xbin[921] -1.0;
f = f+ xbin[209]+xbin[922] - 2.0*xbin[209]*xbin[922] -1.0;
f = f+ xbin[210]+xbin[923] - 2.0*xbin[210]*xbin[923] -1.0;
f = f+ xbin[211]+xbin[924] - 2.0*xbin[211]*xbin[924] -1.0;
f = f+ xbin[212]+xbin[925] - 2.0*xbin[212]*xbin[925] -1.0;
f = f+ xbin[213]+xbin[926] - 2.0*xbin[213]*xbin[926] -1.0;
f = f+ xbin[214]+xbin[927] - 2.0*xbin[214]*xbin[927] -1.0;
f = f+ xbin[215]+xbin[928] - 2.0*xbin[215]*xbin[928] -1.0;
f = f+ xbin[216]+xbin[929] - 2.0*xbin[216]*xbin[929] -1.0;
f = f+ xbin[217]+xbin[930] - 2.0*xbin[217]*xbin[930] -1.0;
f = f+ xbin[218]+xbin[931] - 2.0*xbin[218]*xbin[931] -1.0;
f = f+ xbin[219]+xbin[932] - 2.0*xbin[219]*xbin[932] -1.0;
f = f+ xbin[220]+xbin[933] - 2.0*xbin[220]*xbin[933] -1.0;
f = f+ xbin[221]+xbin[934] - 2.0*xbin[221]*xbin[934] -1.0;
f = f+ xbin[222]+xbin[935] - 2.0*xbin[222]*xbin[935] -1.0;
f = f+ xbin[223]+xbin[936] - 2.0*xbin[223]*xbin[936] -1.0;
f = f+ xbin[224]+xbin[937] - 2.0*xbin[224]*xbin[937] -1.0;
f = f+ xbin[225]+xbin[938] - 2.0*xbin[225]*xbin[938] -1.0;
f = f+ xbin[226]+xbin[939] - 2.0*xbin[226]*xbin[939] -1.0;
f = f+ xbin[227]+xbin[940] - 2.0*xbin[227]*xbin[940] -1.0;
f = f+ xbin[228]+xbin[941] - 2.0*xbin[228]*xbin[941] -1.0;
f = f+ xbin[229]+xbin[942] - 2.0*xbin[229]*xbin[942] -1.0;
f = f+ xbin[230]+xbin[943] - 2.0*xbin[230]*xbin[943] -1.0;
f = f+ xbin[231]+xbin[944] - 2.0*xbin[231]*xbin[944] -1.0;
f = f+ xbin[232]+xbin[945] - 2.0*xbin[232]*xbin[945] -1.0;
f = f+ xbin[233]+xbin[946] - 2.0*xbin[233]*xbin[946] -1.0;
f = f+ xbin[234]+xbin[947] - 2.0*xbin[234]*xbin[947] -1.0;
f = f+ xbin[235]+xbin[948] - 2.0*xbin[235]*xbin[948] -1.0;
f = f+ xbin[236]+xbin[949] - 2.0*xbin[236]*xbin[949] -1.0;
f = f+ xbin[237]+xbin[950] - 2.0*xbin[237]*xbin[950] -1.0;
f = f+ xbin[238]+xbin[951] - 2.0*xbin[238]*xbin[951] -1.0;
f = f+ xbin[239]+xbin[952] - 2.0*xbin[239]*xbin[952] -1.0;
f = f+ xbin[240]+xbin[953] - 2.0*xbin[240]*xbin[953] -1.0;
f = f+ xbin[241]+xbin[954] - 2.0*xbin[241]*xbin[954] -1.0;
f = f+ xbin[242]+xbin[955] - 2.0*xbin[242]*xbin[955] -1.0;
f = f+ xbin[243]+xbin[956] - 2.0*xbin[243]*xbin[956] -1.0;
f = f+ xbin[244]+xbin[957] - 2.0*xbin[244]*xbin[957] -1.0;
f = f+ xbin[245]+xbin[958] - 2.0*xbin[245]*xbin[958] -1.0;
f = f+ xbin[246]+xbin[959] - 2.0*xbin[246]*xbin[959] -1.0;
f = f+ xbin[247]+xbin[960] - 2.0*xbin[247]*xbin[960] -1.0;
f = f+ xbin[248]+xbin[961] - 2.0*xbin[248]*xbin[961] -1.0;
f = f+ xbin[249]+xbin[962] - 2.0*xbin[249]*xbin[962] -1.0;
f = f+ xbin[250]+xbin[963] - 2.0*xbin[250]*xbin[963] -1.0;
f = f+ xbin[251]+xbin[964] - 2.0*xbin[251]*xbin[964] -1.0;
f = f+ xbin[252]+xbin[965] - 2.0*xbin[252]*xbin[965] -1.0;
f = f+ xbin[253]+xbin[966] - 2.0*xbin[253]*xbin[966] -1.0;
f = f+ xbin[254]+xbin[967] - 2.0*xbin[254]*xbin[967] -1.0;
f = f+ xbin[255]+xbin[968] - 2.0*xbin[255]*xbin[968] -1.0;
f = f+ xbin[256]+xbin[969] - 2.0*xbin[256]*xbin[969] -1.0;
f = f+ xbin[257]+xbin[970] - 2.0*xbin[257]*xbin[970] -1.0;
f = f+ xbin[258]+xbin[971] - 2.0*xbin[258]*xbin[971] -1.0;
f = f+ xbin[259]+xbin[972] - 2.0*xbin[259]*xbin[972] -1.0;
f = f+ xbin[260]+xbin[973] - 2.0*xbin[260]*xbin[973] -1.0;
f = f+ xbin[261]+xbin[974] - 2.0*xbin[261]*xbin[974] -1.0;
f = f+ xbin[262]+xbin[975] - 2.0*xbin[262]*xbin[975] -1.0;
f = f+ xbin[263]+xbin[976] - 2.0*xbin[263]*xbin[976] -1.0;
f = f+ xbin[264]+xbin[977] - 2.0*xbin[264]*xbin[977] -1.0;
f = f+ xbin[265]+xbin[978] - 2.0*xbin[265]*xbin[978] -1.0;
f = f+ xbin[266]+xbin[979] - 2.0*xbin[266]*xbin[979] -1.0;
f = f+ xbin[267]+xbin[980] - 2.0*xbin[267]*xbin[980] -1.0;
f = f+ xbin[268]+xbin[981] - 2.0*xbin[268]*xbin[981] -1.0;
f = f+ xbin[269]+xbin[982] - 2.0*xbin[269]*xbin[982] -1.0;
f = f+ xbin[270]+xbin[983] - 2.0*xbin[270]*xbin[983] -1.0;
f = f+ xbin[271]+xbin[984] - 2.0*xbin[271]*xbin[984] -1.0;
f = f+ xbin[272]+xbin[985] - 2.0*xbin[272]*xbin[985] -1.0;
f = f+ xbin[273]+xbin[986] - 2.0*xbin[273]*xbin[986] -1.0;
f = f+ xbin[274]+xbin[987] - 2.0*xbin[274]*xbin[987] -1.0;
f = f+ xbin[275]+xbin[988] - 2.0*xbin[275]*xbin[988] -1.0;
f = f+ xbin[276]+xbin[989] - 2.0*xbin[276]*xbin[989] -1.0;
f = f+ xbin[277]+xbin[990] - 2.0*xbin[277]*xbin[990] -1.0;
f = f+ xbin[278]+xbin[991] - 2.0*xbin[278]*xbin[991] -1.0;
f = f+ xbin[279]+xbin[992] - 2.0*xbin[279]*xbin[992] -1.0;
f = f+ xbin[280]+xbin[993] - 2.0*xbin[280]*xbin[993] -1.0;
f = f+ xbin[281]+xbin[994] - 2.0*xbin[281]*xbin[994] -1.0;
f = f+ xbin[282]+xbin[995] - 2.0*xbin[282]*xbin[995] -1.0;
f = f+ xbin[283]+xbin[996] - 2.0*xbin[283]*xbin[996] -1.0;
f = f+ xbin[284]+xbin[997] - 2.0*xbin[284]*xbin[997] -1.0;
f = f+ xbin[285]+xbin[998] - 2.0*xbin[285]*xbin[998] -1.0;
f = f+ xbin[286]+xbin[999] - 2.0*xbin[286]*xbin[999] -1.0;
f = f+ xbin[287]+xbin[1000] - 2.0*xbin[287]*xbin[1000] -1.0;
f = f+ xbin[288]+xbin[1001] - 2.0*xbin[288]*xbin[1001] -1.0;
f = f+ xbin[289]+xbin[1002] - 2.0*xbin[289]*xbin[1002] -1.0;
f = f+ xbin[290]+xbin[1003] - 2.0*xbin[290]*xbin[1003] -1.0;
f = f+ xbin[291]+xbin[1004] - 2.0*xbin[291]*xbin[1004] -1.0;
f = f+ xbin[292]+xbin[1005] - 2.0*xbin[292]*xbin[1005] -1.0;
f = f+ xbin[293]+xbin[1006] - 2.0*xbin[293]*xbin[1006] -1.0;
f = f+ xbin[294]+xbin[1007] - 2.0*xbin[294]*xbin[1007] -1.0;
f = f+ xbin[295]+xbin[1008] - 2.0*xbin[295]*xbin[1008] -1.0;
f = f+ xbin[296]+xbin[1009] - 2.0*xbin[296]*xbin[1009] -1.0;
f = f+ xbin[297]+xbin[1010] - 2.0*xbin[297]*xbin[1010] -1.0;
f = f+ xbin[298]+xbin[1011] - 2.0*xbin[298]*xbin[1011] -1.0;
f = f+ xbin[299]+xbin[1012] - 2.0*xbin[299]*xbin[1012] -1.0;
f = f+ xbin[300]+xbin[1013] - 2.0*xbin[300]*xbin[1013] -1.0;
f = f+ xbin[301]+xbin[1014] - 2.0*xbin[301]*xbin[1014] -1.0;
f = f+ xbin[302]+xbin[1015] - 2.0*xbin[302]*xbin[1015] -1.0;
f = f+ xbin[303]+xbin[1016] - 2.0*xbin[303]*xbin[1016] -1.0;
f = f+ xbin[304]+xbin[1017] - 2.0*xbin[304]*xbin[1017] -1.0;
f = f+ xbin[305]+xbin[1018] - 2.0*xbin[305]*xbin[1018] -1.0;
f = f+ xbin[306]+xbin[1019] - 2.0*xbin[306]*xbin[1019] -1.0;
f = f+ xbin[307]+xbin[1020] - 2.0*xbin[307]*xbin[1020] -1.0;
f = f+ xbin[308]+xbin[1021] - 2.0*xbin[308]*xbin[1021] -1.0;
f = f+ xbin[309]+xbin[1022] - 2.0*xbin[309]*xbin[1022] -1.0;
f = f+ xbin[310]+xbin[1023] - 2.0*xbin[310]*xbin[1023] -1.0;
f = f+ xbin[311]+xbin[1024] - 2.0*xbin[311]*xbin[1024] -1.0;
f = f+ xbin[312]+xbin[1025] - 2.0*xbin[312]*xbin[1025] -1.0;
f = f+ xbin[313]+xbin[1026] - 2.0*xbin[313]*xbin[1026] -1.0;
f = f+ xbin[314]+xbin[1027] - 2.0*xbin[314]*xbin[1027] -1.0;
f = f+ xbin[315]+xbin[1028] - 2.0*xbin[315]*xbin[1028] -1.0;
f = f+ xbin[316]+xbin[1029] - 2.0*xbin[316]*xbin[1029] -1.0;
f = f+ xbin[317]+xbin[1030] - 2.0*xbin[317]*xbin[1030] -1.0;
f = f+ xbin[318]+xbin[1031] - 2.0*xbin[318]*xbin[1031] -1.0;
f = f+ xbin[319]+xbin[1032] - 2.0*xbin[319]*xbin[1032] -1.0;
f = f+ xbin[320]+xbin[1033] - 2.0*xbin[320]*xbin[1033] -1.0;
f = f+ xbin[321]+xbin[1034] - 2.0*xbin[321]*xbin[1034] -1.0;
f = f+ xbin[322]+xbin[1035] - 2.0*xbin[322]*xbin[1035] -1.0;
f = f+ xbin[323]+xbin[1036] - 2.0*xbin[323]*xbin[1036] -1.0;
f = f+ xbin[324]+xbin[1037] - 2.0*xbin[324]*xbin[1037] -1.0;
f = f+ xbin[325]+xbin[1038] - 2.0*xbin[325]*xbin[1038] -1.0;
f = f+ xbin[326]+xbin[1039] - 2.0*xbin[326]*xbin[1039] -1.0;
f = f+ xbin[327]+xbin[1040] - 2.0*xbin[327]*xbin[1040] -1.0;
f = f+ xbin[328]+xbin[1041] - 2.0*xbin[328]*xbin[1041] -1.0;
f = f+ xbin[329]+xbin[1042] - 2.0*xbin[329]*xbin[1042] -1.0;
f = f+ xbin[330]+xbin[1043] - 2.0*xbin[330]*xbin[1043] -1.0;
f = f+ xbin[331]+xbin[1044] - 2.0*xbin[331]*xbin[1044] -1.0;
f = f+ xbin[332]+xbin[1045] - 2.0*xbin[332]*xbin[1045] -1.0;
f = f+ xbin[333]+xbin[1046] - 2.0*xbin[333]*xbin[1046] -1.0;
f = f+ xbin[334]+xbin[1047] - 2.0*xbin[334]*xbin[1047] -1.0;
f = f+ xbin[335]+xbin[1048] - 2.0*xbin[335]*xbin[1048] -1.0;
f = f+ xbin[336]+xbin[1049] - 2.0*xbin[336]*xbin[1049] -1.0;
f = f+ xbin[337]+xbin[1050] - 2.0*xbin[337]*xbin[1050] -1.0;
f = f+ xbin[338]+xbin[1051] - 2.0*xbin[338]*xbin[1051] -1.0;
f = f+ xbin[339]+xbin[1052] - 2.0*xbin[339]*xbin[1052] -1.0;
f = f+ xbin[340]+xbin[1053] - 2.0*xbin[340]*xbin[1053] -1.0;
f = f+ xbin[341]+xbin[1054] - 2.0*xbin[341]*xbin[1054] -1.0;
f = f+ xbin[342]+xbin[1055] - 2.0*xbin[342]*xbin[1055] -1.0;
f = f+ xbin[343]+xbin[1056] - 2.0*xbin[343]*xbin[1056] -1.0;
f = f+ xbin[344]+xbin[1057] - 2.0*xbin[344]*xbin[1057] -1.0;
f = f+ xbin[345]+xbin[1058] - 2.0*xbin[345]*xbin[1058] -1.0;
f = f+ xbin[346]+xbin[1059] - 2.0*xbin[346]*xbin[1059] -1.0;
f = f+ xbin[347]+xbin[1060] - 2.0*xbin[347]*xbin[1060] -1.0;
f = f+ xbin[348]+xbin[1061] - 2.0*xbin[348]*xbin[1061] -1.0;
f = f+ xbin[349]+xbin[1062] - 2.0*xbin[349]*xbin[1062] -1.0;
f = f+ xbin[350]+xbin[1063] - 2.0*xbin[350]*xbin[1063] -1.0;
f = f+ xbin[351]+xbin[1064] - 2.0*xbin[351]*xbin[1064] -1.0;
f = f+ xbin[352]+xbin[1065] - 2.0*xbin[352]*xbin[1065] -1.0;
f = f+ xbin[353]+xbin[1066] - 2.0*xbin[353]*xbin[1066] -1.0;
f = f+ xbin[354]+xbin[1067] - 2.0*xbin[354]*xbin[1067] -1.0;
f = f+ xbin[355]+xbin[1068] - 2.0*xbin[355]*xbin[1068] -1.0;
f = f+ xbin[356]+xbin[1069] - 2.0*xbin[356]*xbin[1069] -1.0;
f = f+ xbin[357]+xbin[1070] - 2.0*xbin[357]*xbin[1070] -1.0;
f = f+ xbin[358]+xbin[1071] - 2.0*xbin[358]*xbin[1071] -1.0;
f = f+ xbin[359]+xbin[1072] - 2.0*xbin[359]*xbin[1072] -1.0;
f = f+ xbin[360]+xbin[1073] - 2.0*xbin[360]*xbin[1073] -1.0;
f = f+ xbin[361]+xbin[1074] - 2.0*xbin[361]*xbin[1074] -1.0;
f = f+ xbin[362]+xbin[1075] - 2.0*xbin[362]*xbin[1075] -1.0;
f = f+ xbin[363]+xbin[1076] - 2.0*xbin[363]*xbin[1076] -1.0;
f = f+ xbin[364]+xbin[1077] - 2.0*xbin[364]*xbin[1077] -1.0;
f = f+ xbin[365]+xbin[1078] - 2.0*xbin[365]*xbin[1078] -1.0;
f = f+ xbin[366]+xbin[1079] - 2.0*xbin[366]*xbin[1079] -1.0;
f = f+ xbin[367]+xbin[1080] - 2.0*xbin[367]*xbin[1080] -1.0;
f = f+ xbin[368]+xbin[1081] - 2.0*xbin[368]*xbin[1081] -1.0;
f = f+ xbin[369]+xbin[1082] - 2.0*xbin[369]*xbin[1082] -1.0;
f = f+ xbin[370]+xbin[1083] - 2.0*xbin[370]*xbin[1083] -1.0;
f = f+ xbin[371]+xbin[1084] - 2.0*xbin[371]*xbin[1084] -1.0;
f = f+ xbin[372]+xbin[1085] - 2.0*xbin[372]*xbin[1085] -1.0;
f = f+ xbin[373]+xbin[1086] - 2.0*xbin[373]*xbin[1086] -1.0;
f = f+ xbin[374]+xbin[1087] - 2.0*xbin[374]*xbin[1087] -1.0;
f = f+ xbin[375]+xbin[1088] - 2.0*xbin[375]*xbin[1088] -1.0;
f = f+ xbin[376]+xbin[1089] - 2.0*xbin[376]*xbin[1089] -1.0;
f = f+ xbin[377]+xbin[1090] - 2.0*xbin[377]*xbin[1090] -1.0;
f = f+ xbin[378]+xbin[1091] - 2.0*xbin[378]*xbin[1091] -1.0;
f = f+ xbin[379]+xbin[1092] - 2.0*xbin[379]*xbin[1092] -1.0;
f = f+ xbin[380]+xbin[1093] - 2.0*xbin[380]*xbin[1093] -1.0;
f = f+ xbin[381]+xbin[1094] - 2.0*xbin[381]*xbin[1094] -1.0;
f = f+ xbin[382]+xbin[1095] - 2.0*xbin[382]*xbin[1095] -1.0;
f = f+ xbin[383]+xbin[1096] - 2.0*xbin[383]*xbin[1096] -1.0;
f = f+ xbin[384]+xbin[1097] - 2.0*xbin[384]*xbin[1097] -1.0;
f = f+ xbin[385]+xbin[1098] - 2.0*xbin[385]*xbin[1098] -1.0;
f = f+ xbin[386]+xbin[1099] - 2.0*xbin[386]*xbin[1099] -1.0;
f = f+ xbin[387]+xbin[1100] - 2.0*xbin[387]*xbin[1100] -1.0;
f = f+ xbin[388]+xbin[1101] - 2.0*xbin[388]*xbin[1101] -1.0;
f = f+ xbin[389]+xbin[1102] - 2.0*xbin[389]*xbin[1102] -1.0;
f = f+ xbin[390]+xbin[1103] - 2.0*xbin[390]*xbin[1103] -1.0;
f = f+ xbin[391]+xbin[1104] - 2.0*xbin[391]*xbin[1104] -1.0;
f = f+ xbin[392]+xbin[1105] - 2.0*xbin[392]*xbin[1105] -1.0;
f = f+ xbin[393]+xbin[1106] - 2.0*xbin[393]*xbin[1106] -1.0;
f = f+ xbin[394]+xbin[1107] - 2.0*xbin[394]*xbin[1107] -1.0;
f = f+ xbin[395]+xbin[1108] - 2.0*xbin[395]*xbin[1108] -1.0;
f = f+ xbin[396]+xbin[1109] - 2.0*xbin[396]*xbin[1109] -1.0;
f = f+ xbin[397]+xbin[1110] - 2.0*xbin[397]*xbin[1110] -1.0;
f = f+ xbin[398]+xbin[1111] - 2.0*xbin[398]*xbin[1111] -1.0;
f = f+ xbin[399]+xbin[1112] - 2.0*xbin[399]*xbin[1112] -1.0;
f = f+ xbin[400]+xbin[1113] - 2.0*xbin[400]*xbin[1113] -1.0;
f = f+ xbin[401]+xbin[1114] - 2.0*xbin[401]*xbin[1114] -1.0;
f = f+ xbin[402]+xbin[1115] - 2.0*xbin[402]*xbin[1115] -1.0;
f = f+ xbin[403]+xbin[1116] - 2.0*xbin[403]*xbin[1116] -1.0;
f = f+ xbin[404]+xbin[1117] - 2.0*xbin[404]*xbin[1117] -1.0;
f = f+ xbin[405]+xbin[1118] - 2.0*xbin[405]*xbin[1118] -1.0;
f = f+ xbin[406]+xbin[1119] - 2.0*xbin[406]*xbin[1119] -1.0;
f = f+ xbin[407]+xbin[1120] - 2.0*xbin[407]*xbin[1120] -1.0;
f = f+ xbin[408]+xbin[1121] - 2.0*xbin[408]*xbin[1121] -1.0;
f = f+ xbin[409]+xbin[1122] - 2.0*xbin[409]*xbin[1122] -1.0;
f = f+ xbin[410]+xbin[1123] - 2.0*xbin[410]*xbin[1123] -1.0;
f = f+ xbin[411]+xbin[1124] - 2.0*xbin[411]*xbin[1124] -1.0;
f = f+ xbin[412]+xbin[1125] - 2.0*xbin[412]*xbin[1125] -1.0;
f = f+ xbin[413]+xbin[1126] - 2.0*xbin[413]*xbin[1126] -1.0;
f = f+ xbin[414]+xbin[1127] - 2.0*xbin[414]*xbin[1127] -1.0;
f = f+ xbin[415]+xbin[1128] - 2.0*xbin[415]*xbin[1128] -1.0;
f = f+ xbin[416]+xbin[1129] - 2.0*xbin[416]*xbin[1129] -1.0;
f = f+ xbin[417]+xbin[1130] - 2.0*xbin[417]*xbin[1130] -1.0;
f = f+ xbin[418]+xbin[1131] - 2.0*xbin[418]*xbin[1131] -1.0;
f = f+ xbin[419]+xbin[1132] - 2.0*xbin[419]*xbin[1132] -1.0;
f = f+ xbin[420]+xbin[1133] - 2.0*xbin[420]*xbin[1133] -1.0;
f = f+ xbin[421]+xbin[1134] - 2.0*xbin[421]*xbin[1134] -1.0;
f = f+ xbin[422]+xbin[1135] - 2.0*xbin[422]*xbin[1135] -1.0;
f = f+ xbin[423]+xbin[1136] - 2.0*xbin[423]*xbin[1136] -1.0;
f = f+ xbin[424]+xbin[1137] - 2.0*xbin[424]*xbin[1137] -1.0;
f = f+ xbin[425]+xbin[1138] - 2.0*xbin[425]*xbin[1138] -1.0;
f = f+ xbin[426]+xbin[1139] - 2.0*xbin[426]*xbin[1139] -1.0;
f = f+ xbin[427]+xbin[1140] - 2.0*xbin[427]*xbin[1140] -1.0;
f = f+ xbin[428]+xbin[1141] - 2.0*xbin[428]*xbin[1141] -1.0;
f = f+ xbin[429]+xbin[1142] - 2.0*xbin[429]*xbin[1142] -1.0;
f = f+ xbin[430]+xbin[1143] - 2.0*xbin[430]*xbin[1143] -1.0;
f = f+ xbin[431]+xbin[1144] - 2.0*xbin[431]*xbin[1144] -1.0;
f = f+ xbin[432]+xbin[1145] - 2.0*xbin[432]*xbin[1145] -1.0;
f = f+ xbin[433]+xbin[1146] - 2.0*xbin[433]*xbin[1146] -1.0;
f = f+ xbin[434]+xbin[1147] - 2.0*xbin[434]*xbin[1147] -1.0;
f = f+ xbin[435]+xbin[1148] - 2.0*xbin[435]*xbin[1148] -1.0;
f = f+ xbin[436]+xbin[1149] - 2.0*xbin[436]*xbin[1149] -1.0;
f = f+ xbin[437]+xbin[1150] - 2.0*xbin[437]*xbin[1150] -1.0;
f = f+ xbin[438]+xbin[1151] - 2.0*xbin[438]*xbin[1151] -1.0;
f = f+ xbin[439]+xbin[1152] - 2.0*xbin[439]*xbin[1152] -1.0;
f = f+ xbin[440]+xbin[1153] - 2.0*xbin[440]*xbin[1153] -1.0;
f = f+ xbin[441]+xbin[1154] - 2.0*xbin[441]*xbin[1154] -1.0;
f = f+ xbin[442]+xbin[1155] - 2.0*xbin[442]*xbin[1155] -1.0;
f = f+ xbin[443]+xbin[1156] - 2.0*xbin[443]*xbin[1156] -1.0;
f = f+ xbin[444]+xbin[1157] - 2.0*xbin[444]*xbin[1157] -1.0;
f = f+ xbin[445]+xbin[1158] - 2.0*xbin[445]*xbin[1158] -1.0;
f = f+ xbin[446]+xbin[1159] - 2.0*xbin[446]*xbin[1159] -1.0;
f = f+ xbin[447]+xbin[1160] - 2.0*xbin[447]*xbin[1160] -1.0;
f = f+ xbin[448]+xbin[1161] - 2.0*xbin[448]*xbin[1161] -1.0;
f = f+ xbin[449]+xbin[1162] - 2.0*xbin[449]*xbin[1162] -1.0;
f = f+ xbin[450]+xbin[1163] - 2.0*xbin[450]*xbin[1163] -1.0;
f = f+ xbin[451]+xbin[1164] - 2.0*xbin[451]*xbin[1164] -1.0;
f = f+ xbin[452]+xbin[1165] - 2.0*xbin[452]*xbin[1165] -1.0;
f = f+ xbin[453]+xbin[1166] - 2.0*xbin[453]*xbin[1166] -1.0;
f = f+ xbin[454]+xbin[1167] - 2.0*xbin[454]*xbin[1167] -1.0;
f = f+ xbin[455]+xbin[1168] - 2.0*xbin[455]*xbin[1168] -1.0;
f = f+ xbin[456]+xbin[1169] - 2.0*xbin[456]*xbin[1169] -1.0;
f = f+ xbin[457]+xbin[1170] - 2.0*xbin[457]*xbin[1170] -1.0;
f = f+ xbin[458]+xbin[1171] - 2.0*xbin[458]*xbin[1171] -1.0;
f = f+ xbin[459]+xbin[1172] - 2.0*xbin[459]*xbin[1172] -1.0;
f = f+ xbin[460]+xbin[1173] - 2.0*xbin[460]*xbin[1173] -1.0;
f = f+ xbin[461]+xbin[1174] - 2.0*xbin[461]*xbin[1174] -1.0;
f = f+ xbin[462]+xbin[1175] - 2.0*xbin[462]*xbin[1175] -1.0;
f = f+ xbin[463]+xbin[1176] - 2.0*xbin[463]*xbin[1176] -1.0;
f = f+ xbin[464]+xbin[1177] - 2.0*xbin[464]*xbin[1177] -1.0;
f = f+ xbin[465]+xbin[1178] - 2.0*xbin[465]*xbin[1178] -1.0;
f = f+ xbin[466]+xbin[1179] - 2.0*xbin[466]*xbin[1179] -1.0;
f = f+ xbin[467]+xbin[1180] - 2.0*xbin[467]*xbin[1180] -1.0;
f = f+ xbin[468]+xbin[1181] - 2.0*xbin[468]*xbin[1181] -1.0;
f = f+ xbin[469]+xbin[1182] - 2.0*xbin[469]*xbin[1182] -1.0;
f = f+ xbin[470]+xbin[1183] - 2.0*xbin[470]*xbin[1183] -1.0;
f = f+ xbin[471]+xbin[1184] - 2.0*xbin[471]*xbin[1184] -1.0;
f = f+ xbin[472]+xbin[1185] - 2.0*xbin[472]*xbin[1185] -1.0;
f = f+ xbin[473]+xbin[1186] - 2.0*xbin[473]*xbin[1186] -1.0;
f = f+ xbin[474]+xbin[1187] - 2.0*xbin[474]*xbin[1187] -1.0;
f = f+ xbin[475]+xbin[1188] - 2.0*xbin[475]*xbin[1188] -1.0;
f = f+ xbin[476]+xbin[1189] - 2.0*xbin[476]*xbin[1189] -1.0;
f = f+ xbin[477]+xbin[1190] - 2.0*xbin[477]*xbin[1190] -1.0;
f = f+ xbin[478]+xbin[1191] - 2.0*xbin[478]*xbin[1191] -1.0;
f = f+ xbin[479]+xbin[1192] - 2.0*xbin[479]*xbin[1192] -1.0;
f = f+ xbin[480]+xbin[1193] - 2.0*xbin[480]*xbin[1193] -1.0;
f = f+ xbin[481]+xbin[1194] - 2.0*xbin[481]*xbin[1194] -1.0;
f = f+ xbin[482]+xbin[1195] - 2.0*xbin[482]*xbin[1195] -1.0;
f = f+ xbin[483]+xbin[1196] - 2.0*xbin[483]*xbin[1196] -1.0;
f = f+ xbin[484]+xbin[1197] - 2.0*xbin[484]*xbin[1197] -1.0;
f = f+ xbin[485]+xbin[1198] - 2.0*xbin[485]*xbin[1198] -1.0;
f = f+ xbin[486]+xbin[1199] - 2.0*xbin[486]*xbin[1199] -1.0;
f = f+ xbin[487]+xbin[1200] - 2.0*xbin[487]*xbin[1200] -1.0;
f = f+ xbin[488]+xbin[1201] - 2.0*xbin[488]*xbin[1201] -1.0;
f = f+ xbin[489]+xbin[1202] - 2.0*xbin[489]*xbin[1202] -1.0;
f = f+ xbin[490]+xbin[1203] - 2.0*xbin[490]*xbin[1203] -1.0;
f = f+ xbin[491]+xbin[1204] - 2.0*xbin[491]*xbin[1204] -1.0;
f = f+ xbin[492]+xbin[1205] - 2.0*xbin[492]*xbin[1205] -1.0;
f = f+ xbin[493]+xbin[1206] - 2.0*xbin[493]*xbin[1206] -1.0;
f = f+ xbin[494]+xbin[1207] - 2.0*xbin[494]*xbin[1207] -1.0;
f = f+ xbin[495]+xbin[1208] - 2.0*xbin[495]*xbin[1208] -1.0;
f = f+ xbin[496]+xbin[1209] - 2.0*xbin[496]*xbin[1209] -1.0;
f = f+ xbin[497]+xbin[1210] - 2.0*xbin[497]*xbin[1210] -1.0;
f = f+ xbin[498]+xbin[1211] - 2.0*xbin[498]*xbin[1211] -1.0;
f = f+ xbin[499]+xbin[1212] - 2.0*xbin[499]*xbin[1212] -1.0;
f = f+ xbin[500]+xbin[1213] - 2.0*xbin[500]*xbin[1213] -1.0;
f = f+ xbin[501]+xbin[1214] - 2.0*xbin[501]*xbin[1214] -1.0;
f = f+ xbin[502]+xbin[1215] - 2.0*xbin[502]*xbin[1215] -1.0;
f = f+ xbin[503]+xbin[1216] - 2.0*xbin[503]*xbin[1216] -1.0;
f = f+ xbin[504]+xbin[1217] - 2.0*xbin[504]*xbin[1217] -1.0;
f = f+ xbin[505]+xbin[1218] - 2.0*xbin[505]*xbin[1218] -1.0;
f = f+ xbin[506]+xbin[1219] - 2.0*xbin[506]*xbin[1219] -1.0;
f = f+ xbin[507]+xbin[1220] - 2.0*xbin[507]*xbin[1220] -1.0;
f = f+ xbin[508]+xbin[1221] - 2.0*xbin[508]*xbin[1221] -1.0;
f = f+ xbin[509]+xbin[1222] - 2.0*xbin[509]*xbin[1222] -1.0;
f = f+ xbin[510]+xbin[1223] - 2.0*xbin[510]*xbin[1223] -1.0;
f = f+ xbin[511]+xbin[1224] - 2.0*xbin[511]*xbin[1224] -1.0;
f = f+ xbin[512]+xbin[1225] - 2.0*xbin[512]*xbin[1225] -1.0;
f = f+ xbin[513]+xbin[1226] - 2.0*xbin[513]*xbin[1226] -1.0;
f = f+ xbin[514]+xbin[1227] - 2.0*xbin[514]*xbin[1227] -1.0;
f = f+ xbin[515]+xbin[1228] - 2.0*xbin[515]*xbin[1228] -1.0;
f = f+ xbin[516]+xbin[1229] - 2.0*xbin[516]*xbin[1229] -1.0;
f = f+ xbin[517]+xbin[1230] - 2.0*xbin[517]*xbin[1230] -1.0;
f = f+ xbin[518]+xbin[1231] - 2.0*xbin[518]*xbin[1231] -1.0;
f = f+ xbin[519]+xbin[1232] - 2.0*xbin[519]*xbin[1232] -1.0;
f = f+ xbin[520]+xbin[1233] - 2.0*xbin[520]*xbin[1233] -1.0;
f = f+ xbin[521]+xbin[1234] - 2.0*xbin[521]*xbin[1234] -1.0;
f = f+ xbin[522]+xbin[1235] - 2.0*xbin[522]*xbin[1235] -1.0;
f = f+ xbin[523]+xbin[1236] - 2.0*xbin[523]*xbin[1236] -1.0;
f = f+ xbin[524]+xbin[1237] - 2.0*xbin[524]*xbin[1237] -1.0;
f = f+ xbin[525]+xbin[1238] - 2.0*xbin[525]*xbin[1238] -1.0;
f = f+ xbin[526]+xbin[1239] - 2.0*xbin[526]*xbin[1239] -1.0;
f = f+ xbin[527]+xbin[1240] - 2.0*xbin[527]*xbin[1240] -1.0;
f = f+ xbin[528]+xbin[1241] - 2.0*xbin[528]*xbin[1241] -1.0;
f = f+ xbin[529]+xbin[1242] - 2.0*xbin[529]*xbin[1242] -1.0;
f = f+ xbin[530]+xbin[1243] - 2.0*xbin[530]*xbin[1243] -1.0;
f = f+ xbin[531]+xbin[1244] - 2.0*xbin[531]*xbin[1244] -1.0;
f = f+ xbin[532]+xbin[1245] - 2.0*xbin[532]*xbin[1245] -1.0;
f = f+ xbin[533]+xbin[1246] - 2.0*xbin[533]*xbin[1246] -1.0;
f = f+ xbin[534]+xbin[1247] - 2.0*xbin[534]*xbin[1247] -1.0;
f = f+ xbin[535]+xbin[1248] - 2.0*xbin[535]*xbin[1248] -1.0;
f = f+ xbin[536]+xbin[1249] - 2.0*xbin[536]*xbin[1249] -1.0;
f = f+ xbin[537]+xbin[1250] - 2.0*xbin[537]*xbin[1250] -1.0;
f = f+ xbin[538]+xbin[1251] - 2.0*xbin[538]*xbin[1251] -1.0;
f = f+ xbin[539]+xbin[1252] - 2.0*xbin[539]*xbin[1252] -1.0;
f = f+ xbin[540]+xbin[1253] - 2.0*xbin[540]*xbin[1253] -1.0;
f = f+ xbin[541]+xbin[1254] - 2.0*xbin[541]*xbin[1254] -1.0;
f = f+ xbin[542]+xbin[1255] - 2.0*xbin[542]*xbin[1255] -1.0;
f = f+ xbin[543]+xbin[1256] - 2.0*xbin[543]*xbin[1256] -1.0;
f = f+ xbin[544]+xbin[1257] - 2.0*xbin[544]*xbin[1257] -1.0;
f = f+ xbin[545]+xbin[1258] - 2.0*xbin[545]*xbin[1258] -1.0;
f = f+ xbin[546]+xbin[1259] - 2.0*xbin[546]*xbin[1259] -1.0;
f = f+ xbin[547]+xbin[1260] - 2.0*xbin[547]*xbin[1260] -1.0;
f = f+ xbin[548]+xbin[1261] - 2.0*xbin[548]*xbin[1261] -1.0;
f = f+ xbin[549]+xbin[1262] - 2.0*xbin[549]*xbin[1262] -1.0;
f = f+ xbin[550]+xbin[1263] - 2.0*xbin[550]*xbin[1263] -1.0;
f = f+ xbin[551]+xbin[1264] - 2.0*xbin[551]*xbin[1264] -1.0;
f = f+ xbin[552]+xbin[1265] - 2.0*xbin[552]*xbin[1265] -1.0;
f = f+ xbin[553]+xbin[1266] - 2.0*xbin[553]*xbin[1266] -1.0;
f = f+ xbin[554]+xbin[1267] - 2.0*xbin[554]*xbin[1267] -1.0;
f = f+ xbin[555]+xbin[1268] - 2.0*xbin[555]*xbin[1268] -1.0;
f = f+ xbin[556]+xbin[1269] - 2.0*xbin[556]*xbin[1269] -1.0;
f = f+ xbin[557]+xbin[1270] - 2.0*xbin[557]*xbin[1270] -1.0;
f = f+ xbin[558]+xbin[1271] - 2.0*xbin[558]*xbin[1271] -1.0;
f = f+ xbin[559]+xbin[1272] - 2.0*xbin[559]*xbin[1272] -1.0;
f = f+ xbin[560]+xbin[1273] - 2.0*xbin[560]*xbin[1273] -1.0;
f = f+ xbin[561]+xbin[1274] - 2.0*xbin[561]*xbin[1274] -1.0;
f = f+ xbin[562]+xbin[1275] - 2.0*xbin[562]*xbin[1275] -1.0;
f = f+ xbin[563]+xbin[1276] - 2.0*xbin[563]*xbin[1276] -1.0;
f = f+ xbin[564]+xbin[1277] - 2.0*xbin[564]*xbin[1277] -1.0;
f = f+ xbin[565]+xbin[1278] - 2.0*xbin[565]*xbin[1278] -1.0;
f = f+ xbin[566]+xbin[1279] - 2.0*xbin[566]*xbin[1279] -1.0;
f = f+ xbin[567]+xbin[1280] - 2.0*xbin[567]*xbin[1280] -1.0;
f = f+ xbin[568]+xbin[1281] - 2.0*xbin[568]*xbin[1281] -1.0;
f = f+ xbin[569]+xbin[1282] - 2.0*xbin[569]*xbin[1282] -1.0;
f = f+ xbin[570]+xbin[1283] - 2.0*xbin[570]*xbin[1283] -1.0;
f = f+ xbin[571]+xbin[1284] - 2.0*xbin[571]*xbin[1284] -1.0;
f = f+ xbin[572]+xbin[1285] - 2.0*xbin[572]*xbin[1285] -1.0;
f = f+ xbin[573]+xbin[1286] - 2.0*xbin[573]*xbin[1286] -1.0;
f = f+ xbin[574]+xbin[1287] - 2.0*xbin[574]*xbin[1287] -1.0;
f = f+ xbin[575]+xbin[1288] - 2.0*xbin[575]*xbin[1288] -1.0;
f = f+ xbin[576]+xbin[1289] - 2.0*xbin[576]*xbin[1289] -1.0;
f = f+ xbin[577]+xbin[1290] - 2.0*xbin[577]*xbin[1290] -1.0;
f = f+ xbin[578]+xbin[1291] - 2.0*xbin[578]*xbin[1291] -1.0;
f = f+ xbin[579]+xbin[1292] - 2.0*xbin[579]*xbin[1292] -1.0;
f = f+ xbin[580]+xbin[1293] - 2.0*xbin[580]*xbin[1293] -1.0;
f = f+ xbin[581]+xbin[1294] - 2.0*xbin[581]*xbin[1294] -1.0;
f = f+ xbin[582]+xbin[1295] - 2.0*xbin[582]*xbin[1295] -1.0;
f = f+ xbin[583]+xbin[1296] - 2.0*xbin[583]*xbin[1296] -1.0;
f = f+ xbin[584]+xbin[1297] - 2.0*xbin[584]*xbin[1297] -1.0;
f = f+ xbin[585]+xbin[1298] - 2.0*xbin[585]*xbin[1298] -1.0;
f = f+ xbin[586]+xbin[1299] - 2.0*xbin[586]*xbin[1299] -1.0;
f = f+ xbin[587]+xbin[1300] - 2.0*xbin[587]*xbin[1300] -1.0;
f = f+ xbin[588]+xbin[1301] - 2.0*xbin[588]*xbin[1301] -1.0;
f = f+ xbin[589]+xbin[1302] - 2.0*xbin[589]*xbin[1302] -1.0;
f = f+ xbin[590]+xbin[1303] - 2.0*xbin[590]*xbin[1303] -1.0;
f = f+ xbin[591]+xbin[1304] - 2.0*xbin[591]*xbin[1304] -1.0;
f = f+ xbin[592]+xbin[1305] - 2.0*xbin[592]*xbin[1305] -1.0;
f = f+ xbin[593]+xbin[1306] - 2.0*xbin[593]*xbin[1306] -1.0;
f = f+ xbin[594]+xbin[1307] - 2.0*xbin[594]*xbin[1307] -1.0;
f = f+ xbin[595]+xbin[1308] - 2.0*xbin[595]*xbin[1308] -1.0;
f = f+ xbin[596]+xbin[1309] - 2.0*xbin[596]*xbin[1309] -1.0;
f = f+ xbin[597]+xbin[1310] - 2.0*xbin[597]*xbin[1310] -1.0;
f = f+ xbin[598]+xbin[1311] - 2.0*xbin[598]*xbin[1311] -1.0;
f = f+ xbin[599]+xbin[1312] - 2.0*xbin[599]*xbin[1312] -1.0;
f = f+ xbin[600]+xbin[1313] - 2.0*xbin[600]*xbin[1313] -1.0;
f = f+ xbin[601]+xbin[1314] - 2.0*xbin[601]*xbin[1314] -1.0;
f = f+ xbin[602]+xbin[1315] - 2.0*xbin[602]*xbin[1315] -1.0;
f = f+ xbin[603]+xbin[1316] - 2.0*xbin[603]*xbin[1316] -1.0;
f = f+ xbin[604]+xbin[1317] - 2.0*xbin[604]*xbin[1317] -1.0;
f = f+ xbin[605]+xbin[1318] - 2.0*xbin[605]*xbin[1318] -1.0;
f = f+ xbin[606]+xbin[1319] - 2.0*xbin[606]*xbin[1319] -1.0;
f = f+ xbin[607]+xbin[1320] - 2.0*xbin[607]*xbin[1320] -1.0;
f = f+ xbin[608]+xbin[1321] - 2.0*xbin[608]*xbin[1321] -1.0;
f = f+ xbin[609]+xbin[1322] - 2.0*xbin[609]*xbin[1322] -1.0;
f = f+ xbin[610]+xbin[1323] - 2.0*xbin[610]*xbin[1323] -1.0;
f = f+ xbin[611]+xbin[1324] - 2.0*xbin[611]*xbin[1324] -1.0;
f = f+ xbin[612]+xbin[1325] - 2.0*xbin[612]*xbin[1325] -1.0;
f = f+ xbin[613]+xbin[1326] - 2.0*xbin[613]*xbin[1326] -1.0;
f = f+ xbin[614]+xbin[1327] - 2.0*xbin[614]*xbin[1327] -1.0;
f = f+ xbin[615]+xbin[1328] - 2.0*xbin[615]*xbin[1328] -1.0;
f = f+ xbin[616]+xbin[1329] - 2.0*xbin[616]*xbin[1329] -1.0;
f = f+ xbin[617]+xbin[1330] - 2.0*xbin[617]*xbin[1330] -1.0;
f = f+ xbin[618]+xbin[1331] - 2.0*xbin[618]*xbin[1331] -1.0;
f = f+ xbin[619]+xbin[1332] - 2.0*xbin[619]*xbin[1332] -1.0;
f = f+ xbin[620]+xbin[1333] - 2.0*xbin[620]*xbin[1333] -1.0;
f = f+ xbin[621]+xbin[1334] - 2.0*xbin[621]*xbin[1334] -1.0;
f = f+ xbin[622]+xbin[1335] - 2.0*xbin[622]*xbin[1335] -1.0;
f = f+ xbin[623]+xbin[1336] - 2.0*xbin[623]*xbin[1336] -1.0;
f = f+ xbin[624]+xbin[1337] - 2.0*xbin[624]*xbin[1337] -1.0;
f = f+ xbin[625]+xbin[1338] - 2.0*xbin[625]*xbin[1338] -1.0;
f = f+ xbin[626]+xbin[1339] - 2.0*xbin[626]*xbin[1339] -1.0;
f = f+ xbin[627]+xbin[1340] - 2.0*xbin[627]*xbin[1340] -1.0;
f = f+ xbin[628]+xbin[1341] - 2.0*xbin[628]*xbin[1341] -1.0;
f = f+ xbin[629]+xbin[1342] - 2.0*xbin[629]*xbin[1342] -1.0;
f = f+ xbin[630]+xbin[1343] - 2.0*xbin[630]*xbin[1343] -1.0;
f = f+ xbin[631]+xbin[1344] - 2.0*xbin[631]*xbin[1344] -1.0;
f = f+ xbin[632]+xbin[1345] - 2.0*xbin[632]*xbin[1345] -1.0;
f = f+ xbin[633]+xbin[1346] - 2.0*xbin[633]*xbin[1346] -1.0;
f = f+ xbin[634]+xbin[1347] - 2.0*xbin[634]*xbin[1347] -1.0;
f = f+ xbin[635]+xbin[1348] - 2.0*xbin[635]*xbin[1348] -1.0;
f = f+ xbin[636]+xbin[1349] - 2.0*xbin[636]*xbin[1349] -1.0;
f = f+ xbin[637]+xbin[1350] - 2.0*xbin[637]*xbin[1350] -1.0;
f = f+ xbin[638]+xbin[1351] - 2.0*xbin[638]*xbin[1351] -1.0;
f = f+ xbin[639]+xbin[1352] - 2.0*xbin[639]*xbin[1352] -1.0;
f = f+ xbin[640]+xbin[1353] - 2.0*xbin[640]*xbin[1353] -1.0;
f = f+ xbin[641]+xbin[1354] - 2.0*xbin[641]*xbin[1354] -1.0;
f = f+ xbin[642]+xbin[1355] - 2.0*xbin[642]*xbin[1355] -1.0;
f = f+ xbin[643]+xbin[1356] - 2.0*xbin[643]*xbin[1356] -1.0;
f = f+ xbin[644]+xbin[1357] - 2.0*xbin[644]*xbin[1357] -1.0;
f = f+ xbin[645]+xbin[1358] - 2.0*xbin[645]*xbin[1358] -1.0;
f = f+ xbin[646]+xbin[1359] - 2.0*xbin[646]*xbin[1359] -1.0;
f = f+ xbin[647]+xbin[1360] - 2.0*xbin[647]*xbin[1360] -1.0;
f = f+ xbin[648]+xbin[1361] - 2.0*xbin[648]*xbin[1361] -1.0;
f = f+ xbin[649]+xbin[1362] - 2.0*xbin[649]*xbin[1362] -1.0;
f = f+ xbin[650]+xbin[1363] - 2.0*xbin[650]*xbin[1363] -1.0;
f = f+ xbin[651]+xbin[1364] - 2.0*xbin[651]*xbin[1364] -1.0;
f = f+ xbin[652]+xbin[1365] - 2.0*xbin[652]*xbin[1365] -1.0;
f = f+ xbin[653]+xbin[1366] - 2.0*xbin[653]*xbin[1366] -1.0;
f = f+ xbin[654]+xbin[1367] - 2.0*xbin[654]*xbin[1367] -1.0;
f = f+ xbin[655]+xbin[1368] - 2.0*xbin[655]*xbin[1368] -1.0;
f = f+ xbin[656]+xbin[1369] - 2.0*xbin[656]*xbin[1369] -1.0;
f = f+ xbin[657]+xbin[1370] - 2.0*xbin[657]*xbin[1370] -1.0;
f = f+ xbin[658]+xbin[1371] - 2.0*xbin[658]*xbin[1371] -1.0;
f = f+ xbin[659]+xbin[1372] - 2.0*xbin[659]*xbin[1372] -1.0;
f = f+ xbin[660]+xbin[1373] - 2.0*xbin[660]*xbin[1373] -1.0;
f = f+ xbin[661]+xbin[1374] - 2.0*xbin[661]*xbin[1374] -1.0;
f = f+ xbin[662]+xbin[1375] - 2.0*xbin[662]*xbin[1375] -1.0;
f = f+ xbin[663]+xbin[1376] - 2.0*xbin[663]*xbin[1376] -1.0;
f = f+ xbin[664]+xbin[1377] - 2.0*xbin[664]*xbin[1377] -1.0;
f = f+ xbin[665]+xbin[1378] - 2.0*xbin[665]*xbin[1378] -1.0;
f = f+ xbin[666]+xbin[1379] - 2.0*xbin[666]*xbin[1379] -1.0;
f = f+ xbin[667]+xbin[1380] - 2.0*xbin[667]*xbin[1380] -1.0;
f = f+ xbin[668]+xbin[1381] - 2.0*xbin[668]*xbin[1381] -1.0;
f = f+ xbin[669]+xbin[1382] - 2.0*xbin[669]*xbin[1382] -1.0;
f = f+ xbin[670]+xbin[1383] - 2.0*xbin[670]*xbin[1383] -1.0;
f = f+ xbin[671]+xbin[1384] - 2.0*xbin[671]*xbin[1384] -1.0;
f = f+ xbin[672]+xbin[1385] - 2.0*xbin[672]*xbin[1385] -1.0;
f = f+ xbin[673]+xbin[1386] - 2.0*xbin[673]*xbin[1386] -1.0;
f = f+ xbin[674]+xbin[1387] - 2.0*xbin[674]*xbin[1387] -1.0;
f = f+ xbin[675]+xbin[1388] - 2.0*xbin[675]*xbin[1388] -1.0;
f = f+ xbin[676]+xbin[1389] - 2.0*xbin[676]*xbin[1389] -1.0;
f = f+ xbin[677]+xbin[1390] - 2.0*xbin[677]*xbin[1390] -1.0;
f = f+ xbin[678]+xbin[1391] - 2.0*xbin[678]*xbin[1391] -1.0;
f = f+ xbin[679]+xbin[1392] - 2.0*xbin[679]*xbin[1392] -1.0;
f = f+ xbin[680]+xbin[1393] - 2.0*xbin[680]*xbin[1393] -1.0;
f = f+ xbin[681]+xbin[1394] - 2.0*xbin[681]*xbin[1394] -1.0;
f = f+ xbin[682]+xbin[1395] - 2.0*xbin[682]*xbin[1395] -1.0;
f = f+ xbin[683]+xbin[1396] - 2.0*xbin[683]*xbin[1396] -1.0;
f = f+ xbin[684]+xbin[1397] - 2.0*xbin[684]*xbin[1397] -1.0;
f = f+ xbin[685]+xbin[1398] - 2.0*xbin[685]*xbin[1398] -1.0;
f = f+ xbin[686]+xbin[1399] - 2.0*xbin[686]*xbin[1399] -1.0;
f = f+ xbin[687]+xbin[1400] - 2.0*xbin[687]*xbin[1400] -1.0;
f = f+ xbin[688]+xbin[1401] - 2.0*xbin[688]*xbin[1401] -1.0;
f = f+ xbin[689]+xbin[1402] - 2.0*xbin[689]*xbin[1402] -1.0;
f = f+ xbin[690]+xbin[1403] - 2.0*xbin[690]*xbin[1403] -1.0;
f = f+ xbin[691]+xbin[1404] - 2.0*xbin[691]*xbin[1404] -1.0;
f = f+ xbin[692]+xbin[1405] - 2.0*xbin[692]*xbin[1405] -1.0;
f = f+ xbin[693]+xbin[1406] - 2.0*xbin[693]*xbin[1406] -1.0;
f = f+ xbin[694]+xbin[1407] - 2.0*xbin[694]*xbin[1407] -1.0;
f = f+ xbin[695]+xbin[1408] - 2.0*xbin[695]*xbin[1408] -1.0;
f = f+ xbin[696]+xbin[1409] - 2.0*xbin[696]*xbin[1409] -1.0;
f = f+ xbin[697]+xbin[1410] - 2.0*xbin[697]*xbin[1410] -1.0;
f = f+ xbin[698]+xbin[1411] - 2.0*xbin[698]*xbin[1411] -1.0;
f = f+ xbin[699]+xbin[1412] - 2.0*xbin[699]*xbin[1412] -1.0;
f = f+ xbin[700]+xbin[1413] - 2.0*xbin[700]*xbin[1413] -1.0;
f = f+ xbin[701]+xbin[1414] - 2.0*xbin[701]*xbin[1414] -1.0;
f = f+ xbin[702]+xbin[1415] - 2.0*xbin[702]*xbin[1415] -1.0;
f = f+ xbin[703]+xbin[1416] - 2.0*xbin[703]*xbin[1416] -1.0;
f = f+ xbin[704]+xbin[1417] - 2.0*xbin[704]*xbin[1417] -1.0;
f = f+ xbin[705]+xbin[1418] - 2.0*xbin[705]*xbin[1418] -1.0;
f = f+ xbin[706]+xbin[1419] - 2.0*xbin[706]*xbin[1419] -1.0;
f = f+ xbin[707]+xbin[1420] - 2.0*xbin[707]*xbin[1420] -1.0;
f = f+ xbin[708]+xbin[1421] - 2.0*xbin[708]*xbin[1421] -1.0;
f = f+ xbin[709]+xbin[1422] - 2.0*xbin[709]*xbin[1422] -1.0;
f = f+ xbin[710]+xbin[1423] - 2.0*xbin[710]*xbin[1423] -1.0;
f = f+ xbin[711]+xbin[1424] - 2.0*xbin[711]*xbin[1424] -1.0;
f = f+ xbin[712]+xbin[1425] - 2.0*xbin[712]*xbin[1425] -1.0;
f = f+ xbin[713]+xbin[1426] - 2.0*xbin[713]*xbin[1426] -1.0;
