INO80B	INO80C	-
MCRS1	INO80	x
MED10	MED26	x
CTTNBP2NL	STRN4	-
TSEN2	CLP1	-
TSEN2	CLP1	-
STAG2	SMC3	-
RUVBL1	ACTL6A	-
PAAF1	PSMD6	-
SHFM1	PSMD13	n
SCMH1	CBX4	x
PDS5A	STAG1	n
MED28	MED25	-
MAP3K8	NFKB1	-
PSMD14	PSMD3	-
WDR20	USP12	-
STK24	PPP2R1A	x
EIF2C4	EIF2C3	-
COBRA1	TH1L	n
PSMC4	PSMC2	-
PRKAG2	PRKAB1	-
STAG2	SMC3	-
USP39	PRPF4	-
HDAC2	CHD4	x
PCGF2	RNF2	-
CRYGC	CRYAB	x
LSM7	LSM2	-
ASF1B	HAT1	x
PSMA1	PSMA4	-
EIF1B	EIF3F	-
KDM2B	BCOR	n
TFDP1	RBL2	n
PPP2R2D	TCP1	-
PSMD10	PSMD1	n
MED9	MED17	-
LLGL1	PARD6B	-
SETD1A	ASH2L	-
RAD51	BRCA1	x
PRKAA2	PRKAB1	-
IRAK4	IRAK3	-
PPP4C	PPP2CB	x
CTNNBL1	PLRG1	n
MNAT1	CDK7	-
USP3	EIF3F	-
ACP6	ILK	x
MED18	MED8	-
MARK3	MARK2	-
TNFAIP8	PTP4A1	x
NDNL2	SMC6	x
SHFM1	PSMC1	-
HAUS6	HAUS7	-
SCML1	PHC3	-
TRIP4	MED10	-
DDX5	HNRNPH1	x
PRKAG2	PRKAA2	-
INTS10	INTS8	n
PPP2CB	CCT5	n
PSMC6	PSMD6	-
AGFG1	EPS15L1	-
NFRKB	UCHL5	-
RIN1	MLLT4	-
YY1	UCHL5	-
SHFM1	PSMC2	-
TRIP4	MED15	-
ZNF513	ZFP64	x
MORF4L1	EPC1	-
SART3	PPIH	n
MED8	ZC3H13	n
QKI	MED4	n
NUDT21	CPSF6	x
BRCC3	TP53	-
PARD6A	PRKCI	-
UCHL5	PSMD12	-
POT1	TERF2IP	n
EZH2	SUZ12	-
YWHAQ	YWHAZ	-
DNMT3L	DNMT3B	-
UIMC1	BRCA1	n
HNRNPH1	HNRNPD	n
LSM7	SART3	-
PEX19	ABCD3	x
DYNLL1	DYNC1I2	x
WIPF1	PACSIN3	-
GOLGA2	GORASP1	-
PPP4C	CCT5	x
PACSIN2	WAS	n
NCOA6	WDR5	-
EIF3E	EIF3H	-
UBA2	SUMO3	-
MED23	SREBF1	-
CHMP4C	CHMP4A	-
SAP30	CHD4	n
INTS7	INTS5	n
RECQL5	NBN	-
SOX2	HDAC1	-
EPC2	ING3	-
PCGF1	SKP1	n
TRAF3IP3	CCT5	x
TAF12	TAF10	-
GOLGA2	GORASP1	-
SF3A2	SRRM2	-
CREB1	FHL3	-
INTS12	INTS3	-
ING3	TRRAP	-
RRP1B	NPM1	n
RPAP2	POLR2A	-
CHMP1A	VPS4A	n
HNRNPL	PCBP2	-
MAP1LC3B	STK3	-
MYOZ1	ACTN1	-
TAF6L	USP22	-
FKBP8	PSMD2	-
POT1	TERF2	n
BTG2	CNOT1	x
IGBP1	CCT8	-
DDB2	COPS6	x
SAP30	HDAC2	x
HES4	PCBD2	n
FAS	FADD	-
PRPF40A	SF3B1	x
UCHL5	PSMD4	-
STK16	EXT2	-
MEPCE	USP39	-
DDA1	COPS6	n
NR2E3	ELAVL2	x
DNM2	PACSIN3	-
PHF15	ING4	x
CDC7	MCM5	-
CUEDC2	CHUK	n
MED1	VDR	x
RCOR1	HDAC1	x
SF3A1	SNRPF	n
COPS6	NEDD8	x
FKBP8	PSMD12	-
HNRNPH1	HNRNPM	x
ASF1A	MCM4	-
TRADD	FADD	-
SNRPB	EFTUD2	-
BCL7C	BRD7	-
TERF2	TERF2IP	n
PSMD13	PSMA7	x
IRF7	IRAK1	x
UBASH3B	SAP30	x
RRP1B	NPM1	n
GGA3	RABEP1	n
PRPF40A	SRRM1	n
HDAC5	PPP2CB	x
NDEL1	CEP63	-
HAUS7	HAUS6	-
INTS10	POLR2D	n
C7ORF26	INTS1	-
USP21	MARK1	-
UBE2I	TP53	-
PRKAA2	GYG1	-
MED10	POLR2C	-
FKBP8	PSMB7	-
SMARCA4	KPNA2	x
RBPMS	DTX2	n
PSMB5	PSMD6	-
TCERG1	SF3A1	x
C7ORF26	INTS6	-
DYNC1I2	DYNLL1	x
NOP56	TOP1	-
SRRM2	SF3B2	-
HCFC1	RBBP7	-
GABARAP	IPO5	-
MED13L	MED10	-
SHFM1	PSMA7	x
STRN3	CCT4	-
ZMYM2	HDAC1	-
RELB	NFKB1	-
STRN	CCT4	n
USP21	MARK3	-
NR1I2	SRC	-
HNRNPH2	HNRNPH1	n
TCEAL1	USP7	x
STBD1	GABARAP	-
RAD23A	PSMB1	n
C12ORF44	CBR1	-
RRP1B	THOC4	-
SNRNP40	SNW1	n
LSM10	SNRPD1	-
CEP72	PPP1R12A	n
RARG	NR2F6	x
SMARCAD1	HDAC2	-
HIC1	CTBP1	x
DLGAP1	DLG3	-
NONO	TOP1	-
FUCA1	USP21	-
MEPCE	PPIH	n
SMARCAD1	HDAC1	x
FKBP8	PSMD4	-
LSM5	SNRPF	-
KRT31	TWF2	n
USHBP1	TUBGCP4	n
NACAD	NR4A1	n
KHDRBS2	HNRNPD	-
PLSCR4	PLSCR1	n
SMNDC1	SF3B3	-
NPM1	CSDA	n
NHP2L1	NOLC1	-
PBRM1	SMARCC2	x
THRA	RXRA	-
PSMB5	USP14	-
SRRM2	NONO	-
GABARAPL1	LLGL1	-
UHRF1	DNMT1	n
LIN7C	AMOT	-
PCK1	PSMA2	n
ITSN2	YLPM1	-
HIST1H3A	CDC73	x
MARK2	YWHAG	x
MED19	POLR2F	-
RARG	NCOR2	n
PPIE	CDC5L	-
RRP1B	THOC4	-
JUP	PTPN14	-
HDAC5	CCT5	x
H3F3A	CHD4	-
YOD1	NPLOC4	-
SF3B5	SF3A1	x
DVL2	TIFA	-
EIF2C3	EIF2C2	-
NCKAP1	RYK	-
MORF4L2	HDAC1	-
SRRM1	UBC	-
C14ORF1	ALDH2	n
SMARCAD1	HNRNPH1	x
FMR1	CYFIP1	n
PARD6G	MARK2	n
SMARCAD1	SMARCD2	-
RNPS1	YWHAG	-
TOPORS	DHX15	n
QARS	RARS	n
CHD3	HDAC2	x
PSTPIP1	WAS	x
PSMC4	UBC	-
NOP56	RPL3	-
ERBB2IP	ITGB4	n
MEF2C	MAPK14	n
LSM7	SNRPD3	-
STX8	NSF	-
EXOC4	CEP63	-
EIF3F	CSNK2A1	-
USP20	PSMD7	n
MGMT	EEF1B2	-
PRKCI	PNMA1	-
TRAF2	TRADD	-
C1ORF94	DAZAP2	n
CDC42SE2	CDC42	x
TOPORS	HNRNPM	n
PCGF2	RYBP	x
EIF2C4	EIF2C2	-
MCM4	EMD	-
SH3GL3	SH3KBP1	n
AR	UBE2I	-
UBASH3B	CHD4	x
RRP1B	IGKC	x
PIH1D1	RUVBL2	n
MORF4L1	TUBA1A	-
SRRM1	SNRPD3	n
RBM25	RBM39	n
DYNLL1	RCOR1	n
CDYL	HDAC2	-
PMS2	ATAD3A	-
PHYHIP	C14ORF1	n
PMS2	AIFM1	x
USP11	RAD50	n
RPAP2	CCT5	-
AZI2	MIB1	n
PMS2	PSD3	n
BMI1	RYBP	-
HDAC5	RBM39	n
SF3B1	HDAC5	n
TAF4	TAF13	-
TELO2	RUVBL2	-
HDAC5	HDAC1	x
BCL3	NFKB2	x
ARRB2	TUBA3C	n
SRRM1	YWHAG	x
H2AFX	PKM2	-
VHL	HNRNPC	n
IGKC	RRP1B	x
SPRY2	DNM2	-
HDAC5	YWHAB	n
SASS6	PPP1CB	-
RPAP1	POLR2B	-
RUNX1	HDAC2	n
CDC25A	YWHAE	n
RNPS1	SNRNP70	-
HIPK3	CREB1	-
ESRRA	EIF3I	n
PSMC1	UBC	-
SKP2	COPS5	-
PDCD5	EEF1G	x
NCOR2	SNW1	n
AXIN1	GSK3B	-
PRPF40A	YWHAG	x
KIF5B	APC	-
KRTAP4-12	SLC25A6	-
SUMO2	PDS5A	-
ARRB2	WDR77	n
EPB41L3	YWHAB	x
ARPC3	WAS	x
TOLLIP	IRAK2	n
PGR	SRC	-
CASP8AP2	UBE2I	-
ACTB	UBC	-
C14ORF1	HNRNPH3	-
NR4A1	NCOR2	n
ARRB1	HNRNPU	-
SUMO2	HIST1H1C	-
UBC	PSMC2	-
DDA1	COPA	-
HDGF	HDAC2	n
POT1	THRAP3	x
ARRB2	H1FX	n
TERF2	IRS4	x
PSMC5	RNF185	-
SUMO2	XRCC5	-
SUMO2	HIST1H4A	-
C20ORF20	KPNA2	x
YWHAB	DHX15	n
RHOXF2	POLR3D	n
APBB1	SF3A1	n
UCHL5	TXNL1	n
SFN	UBC	-
ATAD3B	PPP4C	x
SUMO2	NFRKB	-
SRRM2	EIF3F	n
SMARCA2	PRMT5	x
ARRB1	MPRIP	-
SUMO2	PSMD11	-
CDT1	BAZ1B	-
KHDRBS2	IGF2BP3	-
SF3A2	PRPF3	-
KHDRBS2	MRPS27	n
PHIP	CUL4A	-
KIF5B	CDC5L	-
H3F3A	SF3B2	-
WAS	PRPF40A	x
KRT15	APC	-
RB1	RAF1	x
TERF2	ZNF281	x
MED16	UBC	-
CSTF2	CPSF2	x
TERF2	GANAB	n
CENPF	NPM1	x
TERF2	PRDX4	n
ITSN1	HIP1	x
SMARCAD1	DDX5	n
H2AFZ	UBC	-
COPS3	HSP90AA1	n
DISC1	TUBB2A	n
TCERG1	PCBP1	n
USP11	EIF4B	-
EBNA1BP2	NOP56	-
BRCA1	KPNA2	n
TRAF6	MAVS	n
MYC	KPNB1	-
CCNT2	MLLT3	-
MAPK13	DDX1	-
DAXX	CREBBP	x
COPS2	UBC	-
JUP	APC	-
HTT	SUMO2	-
CHD1L	PARP1	n
SMARCAD1	HNRNPM	n
ARRB2	LIMA1	n
SMARCAD1	HNRNPD	x
LARP1	YWHAB	x
PLOD2	TERF2	n
HDAC5	NPM1	x
NOP56	RPS4X	-
RAI14	YWHAB	-
ARRB2	STK38	n
PRKAG2	MAP1B	-
NDEL1	YWHAG	x
OPTN	WDR20	n
ARID1A	UBC	-
SIRT7	PRPF8	-
ANXA1	CD4	-
PRKDC	UBC	-
HDAC5	PRPF19	x
PSMA1	UBC	-
EXOSC5	CDK9	-
SMARCAD1	CDC23	-
ZBTB16	PML	n
HDGF	DDX47	x
TSC22D4	CCNK	n
NOP56	SRP14	-
HDGF	HIST1H4K	x
SUMO2	TRRAP	-
SUMO2	PCBP1	-
DISC1	IMMT	x
TSC1	YWHAZ	-
FAF1	DNAJB11	-
CNOT7	CNOT3	-
RBM39	RPS13	x
ARRB1	SCYL2	-
AP3B1	ARRB1	-
MAPK8IP2	VCP	-
TBX1	TERF2	x
MCM3	YWHAQ	n
PIK3R1	NPM1	-
WWOX	POLR2A	x
DISC1	CEP170	n
SRRM1	DNAJA1	n
RNF2	UBE2K	-
ESR2	RBM39	x
SNRPE	UBC	-
BARD1	UBC	-
SUMO2	SMARCA5	-
H2AFX	SSRP1	-
IKBKG	POLR2E	-
TERF2	THRAP3	x
AKT1	DNAJB1	n
UCP2	YWHAB	-
SIRT7	MCM6	-
WDTC1	MED4	-
UBC	PSMA4	-
HDAC5	HNRNPD	x
APBB1	KHSRP	x
SP100	SUMO1	-
CBX4	CTBP1	n
DISC1	ACTG1	x
DYNLL1	DYNC1I2	x
ARID1B	UBC	-
DYNC1I1	RCC1	-
NCOA6	PRKDC	-
FBXO4	NEDD8	x
HDAC5	DHX15	n
UCP3	YWHAQ	-
CSNK2B	BRCA1	x
NOP10	ARRB2	n
RPL7L1	ARRB2	n
SIRT7	RBMX	-
SNW1	UBC	-
CUL3	UBC	-
GAPDH	UBC	-
USP7	HDAC5	x
SUMO2	TOP2B	x
SUMO2	EIF4A1	-
DYRK2	HNRNPU	-
INSIG2	VCP	-
RPA1	RCC1	-
SIRT7	EWSR1	-
NUDT21	UBC	-
UCP3	YWHAZ	-
YBX1	UBC	n
HAT1	UBC	x
TNFRSF8	TRAF2	-
HTT	CLK1	-
TRIM24	BRD7	-
SUMO2	NOLC1	-
UTP18	G3BP1	-
PRPF40A	ATAD3A	-
GNA12	HSP90AA1	x
SMAD3	SNW1	-
MED20	UBC	-
UNC119	RGL2	-
GRB2	HNRNPK	n
SYMPK	SMARCAD1	n
BAZ1A	SMARCAD1	x
NR4A1	RPS6KA6	n
SRRM1	CCT5	n
HDAC1	SMC4	x
ARRB1	CLTC	-
STAT1	PIAS1	-
KAT2A	ESR1	n
PCGF2	UBC	-
SMARCAD1	HNRNPR	x
SHFM1	BRCA1	n
POLR2J	ELAVL1	x
HDAC5	BCL6	x
NUP214	G3BP1	-
NEDD8	YWHAG	x
NFKB2	UBC	-
SUMO2	CUL3	n
SUMO2	ENO1	-
ZNF346	EIF2AK2	n
TOLLIP	EIF2AK2	n
USP22	UBC	-
MAPK14	UBC	-
CCDC53	PLDN	x
HDGF	EXOSC10	x
CREBBP	RBBP4	n
HDGF	SLC25A5	n
HDGF	RPS23	x
HP1BP3	HDGF	n
UBL4A	UBC	n
WDR26	RAE1	-
SUMO2	RPS16	-
SMEK1	PPP4C	n
TIPRL	PPP4C	n
RAD50	BRCA1	n
RBM28	NOP56	-
MAPK13	G3BP1	-
SUMO2	RPL6	n
SUMO2	COPG	-
FAF2	UBR5	x
ANKHD1-EIF4EBP3	YWHAG	x
SUMO2	HSPH1	-
SRC	VCP	-
SUMO2	DRG1	-
SUMO2	HIST1H4C	-
UBE2K	UBC	-
WHSC1L1	UBC	-
SUMO2	ARHGDIA	x
HYOU1	H2AFX	-
MLF1IP	EIF4G1	x
SUMO1	TRA2A	-
CSNK2B	DNMT1	n
TSC1	YWHAG	x
ARRB2	RPL18	n
RBBP6	UBC	-
HDAC5	EFTUD2	n
SIRT7	RPL10	-
DPY30	UBC	n
HNRNPH2	HDAC5	x
SUMO2	SLC25A3	-
SALL1	SUMO2	-
TRIM63	USP13	-
INTS9	UBC	-
PRKRA	NKRF	-
PHF21A	SUMO2	x
SIRT7	PPM1G	-
APBB1	ENAH	-
MEPCE	RPL38	x
SUMO2	FUS	-
PNKP	UBC	-
TSR2	USP39	-
PINX1	DHX15	x
MAP3K1	UBC	n
C20ORF24	DDX3X	-
RAN	UBC	-
TFAP2C	SUMO2	-
PPME1	UBC	-
WIPF2	GRB2	-
NUP62CL	OGT	n
HDAC5	RPL7	n
TERF2	TLN1	n
NDRG1	RPL3	-
ADAR	HDAC5	x
POLR3A	UBC	x
LDOC1	UBC	n
SRBD1	SART3	x
SRPK1	SUMO2	-
SIRT7	SPTBN1	-
ATXN2L	G3BP2	-
HDAC5	IARS	n
SUMO2	NUP205	-
HDAC5	EIF3C	x
RPL15	UBC	n
SNCA	GAPDH	-
BPTF	SUMO2	-
RBM25	HDAC5	n
MAPK8IP2	CFL1	-
PCK1	RPL4	n
SUMO2	CTPS	-
CUL5	UBC	n
PFAS	TRAF6	n
PPFIA1	UBC	-
PSMB4	UBC	-
FAF1	RCC1	-
SUMO2	USP9X	-
USP45	YLPM1	-
ATF2	UBE2I	-
TRAF6	PAICS	-
ARHGEF2	UBC	-
RBBP6	YBX1	-
SIRT7	GEMIN4	-
SNAPIN	UBC	-
TARDBP	NSFL1C	-
RPAP1	HSPD1	n
USP42	AMOT	-
SIN3B	UBC	-
DDX56	FTSJ3	-
TOP3B	CHD8	-
CDKN2A	UBE4B	-
SMNDC1	TSR1	-
IRF3	RB1	-
PCK1	CPT1A	x
SAP18	EMD	-
NUP214	G3BP2	-
NEDD8	RPL7	x
RIPK1	UBC	-
BCS1L	DDX24	-
RPL7A	UBC	n
ROBO1	TUBB3	n
PRKCZ	HSP90AA1	n
ASCC2	FAF1	-
CREB1	CHD8	-
RNF5	UBE2K	-
DYNLRB1	HSPH1	-
NEDD8	RPL21	n
NDRG1	DLST	-
RXRB	SUMO2	-
RABAC1	TUBB2A	x
TRAF6	VDAC1	-
APBB1	SET	n
PPP2R2C	HSPD1	-
XAB2	UBC	x
TRAF4	FTH1	-
PWP2	TOM1L1	x
XRCC4	ACTN1	-
DDB2	TOPORS	x
RAP1A	RAF1	n
CEP78	SH3BP4	-
MARK4	USP9X	-
SHC1	UBC	-
TTC1	SH3BP4	-
APBB1	CYFIP1	x
USP36	PWP2	n
SIRT1	HSPD1	-
GIPC1	SLC2A1	x
NCOA2	WDHD1	n
ERCC5	BCL6	n
NKRF	BCL6	x
PHF8	RPAP1	x
PTK2	NEDD8	x
PAK7	ARRB2	-
WWOX	SYMPK	n
TUBA1B	RICTOR	-
E2F6	SMARCAD1	x
ATF4	PTCD3	x
RAD23A	UBR4	n
LONP1	UBC	-
SSSCA1	PRMT1	n
YOD1	VCP	-
RPS26	NEDD8	n
MAGEH1	HTT	-
RARS	UBC	-
NR2F2	SMARCAD1	x
ZMYND8	BCL6	n
UEVLD	TRAF6	-
CSNK2B	GADD45GIP1	n
DBN1	NUDT21	-
EDEM2	RPS3A	-
UBE2B	UBR1	n
FBXL5	CSNK2B	n
SMARCAD1	PRPF19	x
CEBPA	MRTO4	-
GTF2E2	TPR	-
NXF1	U2AF1	-
ELF4	KDM5B	-
BANF1	SNRPD3	-
NUDT21	SHC1	-
TCERG1	CYFIP1	n
PRPF40A	ABI1	-
MYH10	APC	-
OPTN	RAB8A	n
SUMO2	USP5	-
SUMO2	RNF219	-
SUMO2	EIF3J	-
MLH1	ZC3H11A	n
ARHGDIA	SDHC	-
BBS10	MAPK8IP2	-
FXYD6	TP53	-
CLN3	FANCI	-
PRPF31	EIF2C3	-
SSSCA1	CCT5	n
P4HA1	MYC	-
MAPK14	SNAPIN	-
PWP1	NOP56	-
TBC1D17	CCT5	x
TCEA2	SNW1	n
HDGF	HSD17B10	n
USP20	VAPA	-
TWF2	ARHGDIA	-
DDX6	BCL6	x
ANXA4	H2AFX	-
HDGF	MAP4	-
SRRM1	CSDA	n
USP4	TRIM21	x
CTNND1	ARRB2	n
PAK1	DYNLL1	n
ZFP36L1	MAPK14	-
USP45	FLNA	-
RCL1	HDGF	-
TAF1C	H2AFX	x
ARPC3	PRMT1	n
TH1L	RPS26	n
UBR4	FAF2	x
TK1	MSH2	-
ZNF638	FHL2	-
KLC1	YWHAB	n
SUMO2	MFAP1	-
PRIM2	SUMO2	-
SUMO2	RPS12	x
SUMO2	AHCTF1	-
RBM6	SUMO2	-
BCOR	BCL6	x
ZNF407	STAT6	-
ARRB2	PPP1R12A	n
DHX36	PRKAB1	-
KPNA3	UBC	-
APEX1	UBC	-
VAT1	H2AFX	-
TXNL1	UBC	-
MAPK8IP2	PRSS23	-
EIF2AK4	ARRB2	n
RGS2	EIF3E	-
BOLA2	ARRB2	x
ARL3	UBR1	n
MICALL1	YWHAB	-
NET1	USP11	x
DBNL	RB1CC1	x
SNRPF	UQCRC1	n
DBN1	UBC	-
DDX6	YWHAQ	-
RPL30	UBC	-
FAM82A2	YWHAB	x
OS9	SREBF2	x
MGMT	PRPF4	-
SSU72	UIMC1	n
TP53BP2	PLK1	-
CPNE3	QARS	n
RECQL5	POLR2A	n
TRIM37	PRC1	-
ERLIN1	AMFR	x
SPTA1	EZR	-
PPIE	MLL	-
FRYL	YWHAB	-
CRMP1	RPA2	x
PHLDB2	YWHAQ	-
GPAA1	EIF3E	-
GYS1	OTUD5	n
MGRN1	UBE2I	-
COX6B1	TH1L	x
PDCD4	UBC	-
TK1	USP4	-
UGP2	ARIH2	-
ASAP1	UBC	-
SUMO1	RALY	-
USP20	PLK1	-
SMTN	SUMO1	-
ZBED1	UBC	n
HIF1A	EP300	n
TAF5L	H2AFX	-
SMCR7L	YWHAG	n
TMEM102	YWHAG	n
NUDT3	RPL17	x
HIST1H1D	UBC	-
POLA2	ATP5C1	-
PQBP1	C14ORF1	n
C11ORF58	SF3B1	n
C3ORF26	SART3	-
MPP6	FTL	-
RGS2	BBS10	x
SUPT4H1	EWSR1	x
CDC25B	UBC	-
RFK	RAB1A	-
TTC28	BRE	n
POT1	DNAJB1	x
C14ORF1	TFG	n
STX18	SCFD1	-
CFLAR	SF3B3	-
TK1	THOC3	-
MCM10	UBC	-
RAB37	EWSR1	-
ITSN1	PFDN5	x
TANK	IRF7	x
UBE2J2	RNF10	-
PRKAA2	UBE2I	-
DDA1	FARSB	x
CA2	PCNA	-
GLRX3	NADK	x
ABCF2	SNW1	n
DNM2	TRIP10	-
TK1	SNX1	n
ITSN1	RABEP1	n
WIPI2	NUDC	x
FLG	USP1	-
TSG101	DMAP1	n
DNM2	WIPI2	-
NIPSNAP3A	IKBKAP	-
C11ORF58	MARK2	x
CRMP1	TRIP13	n
CTSB	DMWD	-
KDM6A	ZNF281	n
DNTT	PRPF19	n
TOM1L1	TOLLIP	n
TRIP4	EP300	n
FAS	C14ORF1	x
UBA5	COPB2	-
KRT14	APC	-
DRAP1	POLE3	x
UBE2W	AMFR	x
LLGL2	UBC	-
BNIP2	UBC	-
USP25	KRT4	-
DVL2	PCBD1	-
NDUFV2	CRMP1	n
RIC8A	GNAS	x
TERF2	AASS	n
DARS2	TERF2	n
ALDH7A1	DDA1	n
RYK	TRAP1	n
GIT1	WDR33	n
TCEA2	POLR2J	x
ZNF426	CALCOCO2	x
UBTF	TAF1	n
DUSP11	TERF2	x
USP22	SND1	-
SCAND1	UBC	-
IVD	TERF2	x
KLF6	EHMT2	-
HIF1AN	HIF1A	n
NEDD4L	TOLLIP	-
OSBPL8	SQSTM1	n
RAD21	FHL3	-
IFFO1	XRCC4	-
TMEM173	STT3A	-
PRKAA2	ACACA	-
NDEL1	CENPF	x
ARAP1	WAPAL	x
FNBP1	ITSN1	n
INPP1	DYNLL1	n
SH3GL3	ARHGDIA	n
PRKAR1A	CBS	-
DBN1	SNUPN	-
DST	NFYC	-
MRPL45	G3BP1	-
PTPN2	SFN	-
IFRD2	G3BP1	-
C8ORF33	ZC3H15	-
C4ORF43	G3BP1	-
GBAS	NPEPPS	-
XPO6	GSK3B	-
CLN3	XPOT	-
GAN	SFN	-
TERF2	ZC3H13	-
MDM2	USP2	x
CMTM6	UBC	x
PFDN6	UBC	x
FXR2	CBS	x
STX4	VAMP2	x
TNNT1	SEC31A	-
EP300	NAP1L4	n
DVL2	BAG3	-
MAPK1	RYK	n
IK	GRB2	-
WASH1	UBC	-
DMWD	HBB	-
PUM2	MED4	-
TNNT1	FYN	-
PDPK1	PKN2	-
DAXX	MCRS1	n
RGS2	GIT1	-
RNF167	UBE2N	x
NFYC	ADNP2	-
POU3F2	TBP	-
HYLS1	C14ORF1	x
NDC80	PFDN1	n
TOM1L1	NDC80	-
FHOD1	GRB2	-
SERPINH1	UBQLN4	n
PCBD1	RBL2	x
CCNE2	UBC	-
DR1	NFYC	-
KRR1	UBC	x
TOLLIP	PEG10	n
UBE2W	DZIP3	x
DRAP1	TTF2	n
RALA	UBC	-
UNC93B1	MBOAT7	-
PVRL2	ATP5J2	-
HMGA1	CREBBP	n
DAB2	GRB2	-
BYSL	UBC	-
SMCR7	RABAC1	x
TRIM63	SUMO2	-
EPHA4	RYK	-
KPNA4	UBC	n
PTTG1	UBC	-
GIT1	GRB2	-
NFYB	GRB2	-
WDR44	GRB2	-
STK32C	GRB2	-
TOLLIP	LDB1	x
XPO7	RAN	-
UBE2W	MIB1	n
RNF5	UBC	-
UBE2D1	TRIM26	-
CELSR2	RYK	-
USP46	IQGAP1	n
UBE2W	ZNRF1	x
IPO9	UBC	x
HIPK1	UBC	-
BICD2	DCTN2	n
ZAK	UBC	-
ELF1	UBC	-
NPM3	UBC	-
FOXP4	UBC	-
NOP14	UBC	n
EDC4	UBC	-
PDE6D	RAP1A	-
UBE2D1	XIAP	x
DNAJB1	UBC	-
SNCA	UBC	-
NSMAF	UBC	-
UBE2D1	DZIP3	n
PDLIM1	SUPT4H1	-
CLIP1	PAFAH1B1	n
PLSCR1	TFG	n
FZD7	UBQLN1	-
CNOT4	CNOT1	n
UBE2G2	TRIM43	-
AMIGO2	CACNA1A	-
CALM2	MRPL20	-
TNIK	ANK2	-
PAWR	PRKCZ	-
ALDH9A1	USP46	x
LDOC1	GNL3L	-
UBE2D1	ZNRF1	n
SYNE2	UBC	-
CBLC	UBE2R2	x
SRPRB	UBC	-
ZNF407	ZBTB9	-
ASXL1	UBC	-
UBE2D4	RNF166	-
SUV420H2	UBC	-
TXNL4A	UBC	-
RNF130	UBC	-
SYVN1	UBE2J1	-
IFT57	HIP1	x
NCOR2	AP2M1	x
WDR73	UBC	-
BFAR	UBE2D1	-
ANK2	NDEL1	x
DIP2C	PCBD1	x
ANKRD1	UBC	-
PIM1	SNX6	n
MAPK6	HSP90AB1	-
CALM2	UBC	-
UBE2L6	UBC	-
ASAP2	UBC	-
NIPSNAP3A	KIFAP3	n
UBE2D2	TRIM25	-
RPL34	UBC	-
PLSCR1	YIPF3	n
UBE2D2	TRAF7	-
TTYH3	MAPK3	x
DNMBP	WASF1	n
NRIP1	CTBP2	n
GOLM1	RPL13A	-
SRI	NRAS	-
ERCC1	UBL7	-
TWF2	ELOVL1	x
RNF38	UBC	-
PPID	UBC	-
NME7	UBC	n
BMPR2	MAPK8	x
PTP4A2	FNTA	-
FNTB	PTP4A2	-
DNAJB6	UBC	n
RBCK1	UBC	n
MSX1	DLX2	x
RBM42	UBC	-
HIST1H2BM	UBC	-
SEPT5	UBC	-
GOLM1	UBC	-
STYXL1	RPS29	-
AURKA	UBC	-
MAPK6	RPL10	-
IFIT5	USP33	-
UBE3C	UBC	-
ARHGAP10	UBC	-
SPR	UBC	-
RTCD1	UBC	-
OLA1	UBC	n
DKFZP761E198	PDLIM7	-
UBE2G2	CORO1A	-
RAB10	AURKA	-
PSMB8	PSMB9	x
UBE2R2	PNPLA2	x
RPP38	UBC	n
AGTPBP1	UBC	-
NKIRAS2	UBC	n
ISYNA1	UBC	-
FKBP1A	GLMN	-
HDAC5	TNPO1	n
AASDHPPT	UBC	n
TLK1	UBC	-
MAGEA1	SMCR7L	-
CCDC8	UBC	-
TM4SF1	UBC	-
FAM49B	UBC	-
XPO7	UBC	-
PITRM1	UBC	-
STAT5A	UBC	-
CCDC85B	CCNK	-
FOSL2	SUMO2	-
BAG1	UBC	-
NR1D1	UBC	n
UNC13B	SPTBN2	n
LTA4H	UBC	-
GAN	UBC	-
C10ORF88	UBC	-
RAD9A	UBC	-
STAT5A	MAGEA12	-
PCSK5	APPBP2	-
TP53I3	UBC	-
KRT35	UBC	n
KLF6	PNO1	-
IL7R	UBC	n
CCDC14	UBC	-
ATP2A1	UBC	n
DHX34	UBC	-
PTPRF	UBC	-
GAR1	UBC	x
FER	TMF1	x
TMEM33	UBC	-
C11ORF2	UBC	-
LETM1	UBC	-
CDKN2D	UBC	-
EPAS1	UBC	n
TCF25	UBC	-
DUSP1	UBC	-
SPAG1	UBC	-
IGHA1	UBC	n
SYDE1	UBC	-
ZFP36L1	UBC	-
SEC23IP	UBC	n
MAOA	UBC	-
DEFA1	UBC	-
SNUPN	UBC	x
PLSCR3	UBC	-
M6PR	UBC	-
WDR74	UBC	-
FGF2	UBC	-
RAB7L1	UBC	-
STX12	UBC	-
CSNK1G3	UBC	-
PMPCB	UBC	-
BTG3	UBC	-
TRIM65	UBC	-
DAAM1	UBC	-
RAB22A	EEA1	x
CECR2	UBC	-
SEC63	UBC	n
CBFA2T2	ID3	-
HM13	UBC	-
DDX11	UBC	n
TRMT1	UBC	n
BEX2	UBC	-
PIP	UBC	-
UBTD1	UBC	-
ARFGEF2	PRKAR2A	-
CWF19L1	UBC	-
RAB10	UBC	-
TMEM214	UBC	-
PLA2G16	UBC	-
ACVR2A	SYNJ2BP	-
ATP13A2	UBC	-
SLC12A3	UBC	-
DAPK1	UBC	-
EIF2B3	UBC	-
LPGAT1	UBC	-
NEO1	UBC	-
ACBD3	UBC	-
ABI3	RUNX1T1	n
MAGEA12	UBC	-
APAF1	UBC	-
MTMR8	UBC	-
ARHGAP26	UBC	-
TRIM63	TTN	-
QPRT	UBC	n
C20ORF4	UBC	n
KIAA1377	TTR	-
TARBP2	VAV2	-
COMMD3	UBC	-
BSCL2	USE1	-
BSCL2	USE1	-
