INO80B	INO80C	x
MCRS1	INO80	-
MED10	MED26	-
CTTNBP2NL	STRN4	x
TSEN2	CLP1	x
TSEN2	CLP1	x
STAG2	SMC3	x
RUVBL1	ACTL6A	n
PAAF1	PSMD6	n
SHFM1	PSMD13	-
SCMH1	CBX4	-
PDS5A	STAG1	-
MED28	MED25	n
MAP3K8	NFKB1	x
PSMD14	PSMD3	n
WDR20	USP12	n
STK24	PPP2R1A	-
EIF2C4	EIF2C3	n
COBRA1	TH1L	n
PSMC4	PSMC2	n
PRKAG2	PRKAB1	x
STAG2	SMC3	x
USP39	PRPF4	n
HDAC2	CHD4	-
PCGF2	RNF2	n
CRYGC	CRYAB	-
LSM7	LSM2	n
ASF1B	HAT1	-
PSMA1	PSMA4	n
EIF1B	EIF3F	x
KDM2B	BCOR	-
TFDP1	RBL2	-
PPP2R2D	TCP1	n
PSMD10	PSMD1	-
MED9	MED17	n
LLGL1	PARD6B	n
SETD1A	ASH2L	n
RAD51	BRCA1	-
PRKAA2	PRKAB1	n
IRAK4	IRAK3	n
PPP4C	PPP2CB	-
CTNNBL1	PLRG1	-
MNAT1	CDK7	x
USP3	EIF3F	n
ACP6	ILK	-
MED18	MED8	x
MARK3	MARK2	x
TNFAIP8	PTP4A1	-
NDNL2	SMC6	-
SHFM1	PSMC1	x
HAUS6	HAUS7	n
SCML1	PHC3	x
TRIP4	MED10	n
DDX5	HNRNPH1	-
PRKAG2	PRKAA2	x
INTS10	INTS8	-
PPP2CB	CCT5	-
PSMC6	PSMD6	n
AGFG1	EPS15L1	n
NFRKB	UCHL5	n
RIN1	MLLT4	n
YY1	UCHL5	n
SHFM1	PSMC2	n
TRIP4	MED15	n
ZNF513	ZFP64	-
MORF4L1	EPC1	n
SART3	PPIH	-
MED8	ZC3H13	n
QKI	MED4	-
NUDT21	CPSF6	-
BRCC3	TP53	n
PARD6A	PRKCI	n
UCHL5	PSMD12	x
POT1	TERF2IP	-
EZH2	SUZ12	n
YWHAQ	YWHAZ	x
DNMT3L	DNMT3B	n
UIMC1	BRCA1	-
HNRNPH1	HNRNPD	-
LSM7	SART3	n
PEX19	ABCD3	-
DYNLL1	DYNC1I2	-
WIPF1	PACSIN3	n
GOLGA2	GORASP1	n
PPP4C	CCT5	x
PACSIN2	WAS	-
NCOA6	WDR5	x
EIF3E	EIF3H	x
UBA2	SUMO3	x
MED23	SREBF1	x
CHMP4C	CHMP4A	x
SAP30	CHD4	-
INTS7	INTS5	-
RECQL5	NBN	n
SOX2	HDAC1	x
EPC2	ING3	x
PCGF1	SKP1	-
TRAF3IP3	CCT5	-
TAF12	TAF10	n
GOLGA2	GORASP1	n
SF3A2	SRRM2	x
CREB1	FHL3	n
INTS12	INTS3	x
ING3	TRRAP	n
RRP1B	NPM1	-
RPAP2	POLR2A	x
CHMP1A	VPS4A	n
HNRNPL	PCBP2	x
MAP1LC3B	STK3	n
MYOZ1	ACTN1	n
TAF6L	USP22	x
FKBP8	PSMD2	x
POT1	TERF2	-
BTG2	CNOT1	-
IGBP1	CCT8	n
DDB2	COPS6	-
SAP30	HDAC2	-
HES4	PCBD2	-
FAS	FADD	n
PRPF40A	SF3B1	-
UCHL5	PSMD4	x
STK16	EXT2	n
MEPCE	USP39	n
DDA1	COPS6	x
NR2E3	ELAVL2	-
DNM2	PACSIN3	x
PHF15	ING4	-
CDC7	MCM5	n
CUEDC2	CHUK	n
MED1	VDR	-
RCOR1	HDAC1	-
SF3A1	SNRPF	-
COPS6	NEDD8	-
FKBP8	PSMD12	n
HNRNPH1	HNRNPM	-
ASF1A	MCM4	x
TRADD	FADD	x
SNRPB	EFTUD2	x
BCL7C	BRD7	n
TERF2	TERF2IP	-
PSMD13	PSMA7	-
IRF7	IRAK1	-
UBASH3B	SAP30	-
RRP1B	NPM1	-
GGA3	RABEP1	-
PRPF40A	SRRM1	-
HDAC5	PPP2CB	-
NDEL1	CEP63	x
HAUS7	HAUS6	n
INTS10	POLR2D	-
C7ORF26	INTS1	n
USP21	MARK1	x
UBE2I	TP53	n
PRKAA2	GYG1	n
MED10	POLR2C	n
FKBP8	PSMB7	x
SMARCA4	KPNA2	-
RBPMS	DTX2	n
PSMB5	PSMD6	x
TCERG1	SF3A1	-
C7ORF26	INTS6	n
DYNC1I2	DYNLL1	-
NOP56	TOP1	n
SRRM2	SF3B2	n
HCFC1	RBBP7	n
GABARAP	IPO5	n
MED13L	MED10	n
SHFM1	PSMA7	-
STRN3	CCT4	n
ZMYM2	HDAC1	x
RELB	NFKB1	n
STRN	CCT4	-
USP21	MARK3	n
NR1I2	SRC	x
HNRNPH2	HNRNPH1	-
TCEAL1	USP7	-
STBD1	GABARAP	x
RAD23A	PSMB1	-
C12ORF44	CBR1	n
RRP1B	THOC4	x
SNRNP40	SNW1	-
LSM10	SNRPD1	x
CEP72	PPP1R12A	-
RARG	NR2F6	-
SMARCAD1	HDAC2	n
HIC1	CTBP1	-
DLGAP1	DLG3	n
NONO	TOP1	n
FUCA1	USP21	n
MEPCE	PPIH	-
SMARCAD1	HDAC1	-
FKBP8	PSMD4	n
LSM5	SNRPF	n
KRT31	TWF2	-
USHBP1	TUBGCP4	-
NACAD	NR4A1	-
KHDRBS2	HNRNPD	x
PLSCR4	PLSCR1	-
SMNDC1	SF3B3	n
NPM1	CSDA	x
NHP2L1	NOLC1	x
PBRM1	SMARCC2	-
THRA	RXRA	n
PSMB5	USP14	x
SRRM2	NONO	x
GABARAPL1	LLGL1	n
UHRF1	DNMT1	-
LIN7C	AMOT	n
PCK1	PSMA2	x
ITSN2	YLPM1	x
HIST1H3A	CDC73	-
MARK2	YWHAG	-
MED19	POLR2F	n
RARG	NCOR2	-
PPIE	CDC5L	x
RRP1B	THOC4	x
JUP	PTPN14	x
HDAC5	CCT5	-
H3F3A	CHD4	x
YOD1	NPLOC4	x
SF3B5	SF3A1	-
DVL2	TIFA	x
EIF2C3	EIF2C2	x
NCKAP1	RYK	n
MORF4L2	HDAC1	n
SRRM1	UBC	n
C14ORF1	ALDH2	n
SMARCAD1	HNRNPH1	-
FMR1	CYFIP1	-
PARD6G	MARK2	-
SMARCAD1	SMARCD2	x
RNPS1	YWHAG	n
TOPORS	DHX15	-
QARS	RARS	-
CHD3	HDAC2	-
PSTPIP1	WAS	-
PSMC4	UBC	x
NOP56	RPL3	n
ERBB2IP	ITGB4	-
MEF2C	MAPK14	-
LSM7	SNRPD3	x
STX8	NSF	n
EXOC4	CEP63	x
EIF3F	CSNK2A1	x
USP20	PSMD7	-
MGMT	EEF1B2	x
PRKCI	PNMA1	n
TRAF2	TRADD	x
C1ORF94	DAZAP2	-
CDC42SE2	CDC42	-
TOPORS	HNRNPM	-
PCGF2	RYBP	-
EIF2C4	EIF2C2	x
MCM4	EMD	x
SH3GL3	SH3KBP1	-
AR	UBE2I	x
UBASH3B	CHD4	-
RRP1B	IGKC	-
PIH1D1	RUVBL2	-
MORF4L1	TUBA1A	n
SRRM1	SNRPD3	-
RBM25	RBM39	-
DYNLL1	RCOR1	-
CDYL	HDAC2	x
PMS2	ATAD3A	n
PHYHIP	C14ORF1	-
PMS2	AIFM1	-
USP11	RAD50	-
RPAP2	CCT5	n
AZI2	MIB1	-
PMS2	PSD3	-
BMI1	RYBP	x
HDAC5	RBM39	-
SF3B1	HDAC5	-
TAF4	TAF13	x
TELO2	RUVBL2	x
HDAC5	HDAC1	-
BCL3	NFKB2	-
ARRB2	TUBA3C	-
SRRM1	YWHAG	x
H2AFX	PKM2	n
VHL	HNRNPC	-
IGKC	RRP1B	-
SPRY2	DNM2	x
HDAC5	YWHAB	-
SASS6	PPP1CB	x
RPAP1	POLR2B	n
RUNX1	HDAC2	-
CDC25A	YWHAE	-
RNPS1	SNRNP70	n
HIPK3	CREB1	n
ESRRA	EIF3I	-
PSMC1	UBC	n
SKP2	COPS5	x
PDCD5	EEF1G	-
NCOR2	SNW1	-
AXIN1	GSK3B	x
PRPF40A	YWHAG	-
KIF5B	APC	x
KRTAP4-12	SLC25A6	n
SUMO2	PDS5A	x
ARRB2	WDR77	-
EPB41L3	YWHAB	-
ARPC3	WAS	-
TOLLIP	IRAK2	-
PGR	SRC	n
CASP8AP2	UBE2I	x
ACTB	UBC	x
C14ORF1	HNRNPH3	x
NR4A1	NCOR2	-
ARRB1	HNRNPU	n
SUMO2	HIST1H1C	n
UBC	PSMC2	x
DDA1	COPA	n
HDGF	HDAC2	-
POT1	THRAP3	-
ARRB2	H1FX	-
TERF2	IRS4	-
PSMC5	RNF185	n
SUMO2	XRCC5	n
SUMO2	HIST1H4A	n
C20ORF20	KPNA2	-
YWHAB	DHX15	-
RHOXF2	POLR3D	-
APBB1	SF3A1	-
UCHL5	TXNL1	-
SFN	UBC	n
ATAD3B	PPP4C	-
SUMO2	NFRKB	x
SRRM2	EIF3F	x
SMARCA2	PRMT5	-
ARRB1	MPRIP	x
SUMO2	PSMD11	n
CDT1	BAZ1B	n
KHDRBS2	IGF2BP3	x
SF3A2	PRPF3	x
KHDRBS2	MRPS27	-
PHIP	CUL4A	n
KIF5B	CDC5L	x
H3F3A	SF3B2	x
WAS	PRPF40A	-
KRT15	APC	n
RB1	RAF1	-
TERF2	ZNF281	-
MED16	UBC	n
CSTF2	CPSF2	-
TERF2	GANAB	-
CENPF	NPM1	-
TERF2	PRDX4	-
ITSN1	HIP1	x
SMARCAD1	DDX5	-
H2AFZ	UBC	n
COPS3	HSP90AA1	-
DISC1	TUBB2A	-
TCERG1	PCBP1	-
USP11	EIF4B	n
EBNA1BP2	NOP56	n
BRCA1	KPNA2	-
TRAF6	MAVS	-
MYC	KPNB1	x
CCNT2	MLLT3	x
MAPK13	DDX1	x
DAXX	CREBBP	-
COPS2	UBC	x
JUP	APC	x
HTT	SUMO2	x
CHD1L	PARP1	-
SMARCAD1	HNRNPM	-
ARRB2	LIMA1	-
SMARCAD1	HNRNPD	-
LARP1	YWHAB	-
PLOD2	TERF2	-
HDAC5	NPM1	-
NOP56	RPS4X	n
RAI14	YWHAB	n
ARRB2	STK38	-
PRKAG2	MAP1B	n
NDEL1	YWHAG	-
OPTN	WDR20	-
ARID1A	UBC	x
SIRT7	PRPF8	x
ANXA1	CD4	n
PRKDC	UBC	n
HDAC5	PRPF19	-
PSMA1	UBC	x
EXOSC5	CDK9	x
SMARCAD1	CDC23	n
ZBTB16	PML	-
HDGF	DDX47	-
TSC22D4	CCNK	-
NOP56	SRP14	n
HDGF	HIST1H4K	-
SUMO2	TRRAP	x
SUMO2	PCBP1	n
DISC1	IMMT	-
TSC1	YWHAZ	x
FAF1	DNAJB11	n
CNOT7	CNOT3	n
RBM39	RPS13	-
ARRB1	SCYL2	x
AP3B1	ARRB1	x
MAPK8IP2	VCP	n
TBX1	TERF2	-
MCM3	YWHAQ	-
PIK3R1	NPM1	x
WWOX	POLR2A	-
DISC1	CEP170	n
SRRM1	DNAJA1	-
RNF2	UBE2K	x
ESR2	RBM39	-
SNRPE	UBC	x
BARD1	UBC	n
SUMO2	SMARCA5	x
H2AFX	SSRP1	n
IKBKG	POLR2E	n
TERF2	THRAP3	-
AKT1	DNAJB1	-
UCP2	YWHAB	n
SIRT7	MCM6	x
WDTC1	MED4	x
UBC	PSMA4	x
HDAC5	HNRNPD	-
APBB1	KHSRP	-
SP100	SUMO1	n
CBX4	CTBP1	-
DISC1	ACTG1	n
DYNLL1	DYNC1I2	-
ARID1B	UBC	x
DYNC1I1	RCC1	n
NCOA6	PRKDC	x
FBXO4	NEDD8	-
HDAC5	DHX15	-
UCP3	YWHAQ	n
CSNK2B	BRCA1	-
NOP10	ARRB2	-
RPL7L1	ARRB2	-
SIRT7	RBMX	x
SNW1	UBC	n
CUL3	UBC	n
GAPDH	UBC	n
USP7	HDAC5	-
SUMO2	TOP2B	n
SUMO2	EIF4A1	x
DYRK2	HNRNPU	x
INSIG2	VCP	n
RPA1	RCC1	n
SIRT7	EWSR1	x
NUDT21	UBC	x
UCP3	YWHAZ	x
YBX1	UBC	n
HAT1	UBC	-
TNFRSF8	TRAF2	x
HTT	CLK1	x
TRIM24	BRD7	n
SUMO2	NOLC1	n
UTP18	G3BP1	n
PRPF40A	ATAD3A	n
GNA12	HSP90AA1	-
SMAD3	SNW1	n
MED20	UBC	n
UNC119	RGL2	n
GRB2	HNRNPK	-
SYMPK	SMARCAD1	-
BAZ1A	SMARCAD1	-
NR4A1	RPS6KA6	-
SRRM1	CCT5	-
HDAC1	SMC4	x
ARRB1	CLTC	x
STAT1	PIAS1	n
KAT2A	ESR1	-
PCGF2	UBC	n
SMARCAD1	HNRNPR	-
SHFM1	BRCA1	-
POLR2J	ELAVL1	n
HDAC5	BCL6	-
NUP214	G3BP1	x
NEDD8	YWHAG	-
NFKB2	UBC	n
SUMO2	CUL3	-
SUMO2	ENO1	x
ZNF346	EIF2AK2	-
TOLLIP	EIF2AK2	-
USP22	UBC	x
MAPK14	UBC	x
CCDC53	PLDN	-
HDGF	EXOSC10	-
CREBBP	RBBP4	-
HDGF	SLC25A5	-
HDGF	RPS23	-
HP1BP3	HDGF	-
UBL4A	UBC	-
WDR26	RAE1	x
SUMO2	RPS16	n
SMEK1	PPP4C	-
TIPRL	PPP4C	-
RAD50	BRCA1	-
RBM28	NOP56	x
MAPK13	G3BP1	n
SUMO2	RPL6	-
SUMO2	COPG	n
FAF2	UBR5	-
ANKHD1-EIF4EBP3	YWHAG	-
SUMO2	HSPH1	n
SRC	VCP	n
SUMO2	DRG1	x
SUMO2	HIST1H4C	n
UBE2K	UBC	x
WHSC1L1	UBC	n
SUMO2	ARHGDIA	-
HYOU1	H2AFX	x
MLF1IP	EIF4G1	-
SUMO1	TRA2A	n
CSNK2B	DNMT1	-
TSC1	YWHAG	-
ARRB2	RPL18	-
RBBP6	UBC	x
HDAC5	EFTUD2	-
SIRT7	RPL10	x
DPY30	UBC	-
HNRNPH2	HDAC5	-
SUMO2	SLC25A3	x
SALL1	SUMO2	x
TRIM63	USP13	n
INTS9	UBC	n
PRKRA	NKRF	n
PHF21A	SUMO2	x
SIRT7	PPM1G	x
APBB1	ENAH	n
MEPCE	RPL38	-
SUMO2	FUS	x
PNKP	UBC	x
TSR2	USP39	n
PINX1	DHX15	-
MAP3K1	UBC	-
C20ORF24	DDX3X	n
RAN	UBC	n
TFAP2C	SUMO2	n
PPME1	UBC	x
WIPF2	GRB2	n
NUP62CL	OGT	n
HDAC5	RPL7	-
TERF2	TLN1	-
NDRG1	RPL3	x
ADAR	HDAC5	-
POLR3A	UBC	-
LDOC1	UBC	-
SRBD1	SART3	-
SRPK1	SUMO2	x
SIRT7	SPTBN1	x
ATXN2L	G3BP2	x
HDAC5	IARS	n
SUMO2	NUP205	n
HDAC5	EIF3C	-
RPL15	UBC	-
SNCA	GAPDH	n
BPTF	SUMO2	n
RBM25	HDAC5	-
MAPK8IP2	CFL1	n
PCK1	RPL4	-
SUMO2	CTPS	x
CUL5	UBC	-
PFAS	TRAF6	-
PPFIA1	UBC	x
PSMB4	UBC	x
FAF1	RCC1	n
SUMO2	USP9X	x
USP45	YLPM1	x
ATF2	UBE2I	x
TRAF6	PAICS	n
ARHGEF2	UBC	n
RBBP6	YBX1	x
SIRT7	GEMIN4	n
SNAPIN	UBC	n
TARDBP	NSFL1C	n
RPAP1	HSPD1	-
USP42	AMOT	n
SIN3B	UBC	n
DDX56	FTSJ3	x
TOP3B	CHD8	n
CDKN2A	UBE4B	x
SMNDC1	TSR1	x
IRF3	RB1	x
PCK1	CPT1A	x
SAP18	EMD	n
NUP214	G3BP2	n
NEDD8	RPL7	-
RIPK1	UBC	n
BCS1L	DDX24	n
RPL7A	UBC	n
ROBO1	TUBB3	x
PRKCZ	HSP90AA1	-
ASCC2	FAF1	n
CREB1	CHD8	n
RNF5	UBE2K	x
DYNLRB1	HSPH1	n
NEDD8	RPL21	-
NDRG1	DLST	n
RXRB	SUMO2	n
RABAC1	TUBB2A	-
TRAF6	VDAC1	n
APBB1	SET	-
PPP2R2C	HSPD1	x
XAB2	UBC	-
TRAF4	FTH1	x
PWP2	TOM1L1	-
XRCC4	ACTN1	n
DDB2	TOPORS	-
RAP1A	RAF1	-
CEP78	SH3BP4	x
MARK4	USP9X	n
SHC1	UBC	n
TTC1	SH3BP4	x
APBB1	CYFIP1	-
USP36	PWP2	-
SIRT1	HSPD1	n
GIPC1	SLC2A1	n
NCOA2	WDHD1	-
ERCC5	BCL6	-
NKRF	BCL6	-
PHF8	RPAP1	x
PTK2	NEDD8	-
PAK7	ARRB2	x
WWOX	SYMPK	-
TUBA1B	RICTOR	x
E2F6	SMARCAD1	-
ATF4	PTCD3	-
RAD23A	UBR4	-
LONP1	UBC	n
SSSCA1	PRMT1	-
YOD1	VCP	n
RPS26	NEDD8	-
MAGEH1	HTT	x
RARS	UBC	n
NR2F2	SMARCAD1	-
ZMYND8	BCL6	-
UEVLD	TRAF6	x
CSNK2B	GADD45GIP1	n
DBN1	NUDT21	n
EDEM2	RPS3A	n
UBE2B	UBR1	-
FBXL5	CSNK2B	-
SMARCAD1	PRPF19	-
CEBPA	MRTO4	x
GTF2E2	TPR	n
NXF1	U2AF1	x
ELF4	KDM5B	x
BANF1	SNRPD3	x
NUDT21	SHC1	x
TCERG1	CYFIP1	-
PRPF40A	ABI1	x
MYH10	APC	x
OPTN	RAB8A	-
SUMO2	USP5	x
SUMO2	RNF219	n
SUMO2	EIF3J	n
MLH1	ZC3H11A	-
ARHGDIA	SDHC	x
BBS10	MAPK8IP2	n
FXYD6	TP53	n
CLN3	FANCI	n
PRPF31	EIF2C3	x
SSSCA1	CCT5	-
P4HA1	MYC	x
MAPK14	SNAPIN	x
PWP1	NOP56	n
TBC1D17	CCT5	n
TCEA2	SNW1	-
HDGF	HSD17B10	-
USP20	VAPA	n
TWF2	ARHGDIA	x
DDX6	BCL6	-
ANXA4	H2AFX	n
HDGF	MAP4	n
SRRM1	CSDA	-
USP4	TRIM21	-
CTNND1	ARRB2	-
PAK1	DYNLL1	-
ZFP36L1	MAPK14	x
USP45	FLNA	n
RCL1	HDGF	n
TAF1C	H2AFX	x
ARPC3	PRMT1	-
TH1L	RPS26	-
UBR4	FAF2	-
TK1	MSH2	x
ZNF638	FHL2	n
KLC1	YWHAB	x
SUMO2	MFAP1	x
PRIM2	SUMO2	n
SUMO2	RPS12	-
SUMO2	AHCTF1	x
RBM6	SUMO2	x
BCOR	BCL6	-
ZNF407	STAT6	n
ARRB2	PPP1R12A	-
DHX36	PRKAB1	x
KPNA3	UBC	n
APEX1	UBC	x
VAT1	H2AFX	n
TXNL1	UBC	x
MAPK8IP2	PRSS23	x
EIF2AK4	ARRB2	-
RGS2	EIF3E	x
BOLA2	ARRB2	-
ARL3	UBR1	-
MICALL1	YWHAB	n
NET1	USP11	n
DBNL	RB1CC1	-
SNRPF	UQCRC1	-
DBN1	UBC	x
DDX6	YWHAQ	x
RPL30	UBC	x
FAM82A2	YWHAB	n
OS9	SREBF2	-
MGMT	PRPF4	n
SSU72	UIMC1	-
TP53BP2	PLK1	x
CPNE3	QARS	-
RECQL5	POLR2A	-
TRIM37	PRC1	n
ERLIN1	AMFR	-
SPTA1	EZR	n
PPIE	MLL	n
FRYL	YWHAB	n
CRMP1	RPA2	-
PHLDB2	YWHAQ	n
GPAA1	EIF3E	n
GYS1	OTUD5	-
MGRN1	UBE2I	x
COX6B1	TH1L	-
PDCD4	UBC	n
TK1	USP4	x
UGP2	ARIH2	n
ASAP1	UBC	n
SUMO1	RALY	x
USP20	PLK1	x
SMTN	SUMO1	n
ZBED1	UBC	-
HIF1A	EP300	-
TAF5L	H2AFX	x
SMCR7L	YWHAG	-
TMEM102	YWHAG	-
NUDT3	RPL17	-
HIST1H1D	UBC	n
POLA2	ATP5C1	n
PQBP1	C14ORF1	x
C11ORF58	SF3B1	-
C3ORF26	SART3	n
MPP6	FTL	n
RGS2	BBS10	-
SUPT4H1	EWSR1	-
CDC25B	UBC	x
RFK	RAB1A	n
TTC28	BRE	x
POT1	DNAJB1	-
C14ORF1	TFG	n
STX18	SCFD1	x
CFLAR	SF3B3	x
TK1	THOC3	n
MCM10	UBC	x
RAB37	EWSR1	x
ITSN1	PFDN5	-
TANK	IRF7	-
UBE2J2	RNF10	x
PRKAA2	UBE2I	x
DDA1	FARSB	-
CA2	PCNA	n
GLRX3	NADK	-
ABCF2	SNW1	-
DNM2	TRIP10	x
TK1	SNX1	-
ITSN1	RABEP1	-
WIPI2	NUDC	-
FLG	USP1	x
TSG101	DMAP1	-
DNM2	WIPI2	n
NIPSNAP3A	IKBKAP	n
C11ORF58	MARK2	-
CRMP1	TRIP13	-
CTSB	DMWD	n
KDM6A	ZNF281	-
DNTT	PRPF19	-
TOM1L1	TOLLIP	-
TRIP4	EP300	-
FAS	C14ORF1	-
UBA5	COPB2	x
KRT14	APC	x
DRAP1	POLE3	-
UBE2W	AMFR	-
LLGL2	UBC	x
BNIP2	UBC	n
USP25	KRT4	x
DVL2	PCBD1	n
NDUFV2	CRMP1	-
RIC8A	GNAS	-
TERF2	AASS	-
DARS2	TERF2	-
ALDH7A1	DDA1	n
RYK	TRAP1	-
GIT1	WDR33	-
TCEA2	POLR2J	-
ZNF426	CALCOCO2	x
UBTF	TAF1	-
DUSP11	TERF2	-
USP22	SND1	n
SCAND1	UBC	x
IVD	TERF2	-
KLF6	EHMT2	x
HIF1AN	HIF1A	-
NEDD4L	TOLLIP	x
OSBPL8	SQSTM1	-
RAD21	FHL3	n
IFFO1	XRCC4	x
TMEM173	STT3A	x
PRKAA2	ACACA	x
NDEL1	CENPF	-
ARAP1	WAPAL	x
FNBP1	ITSN1	-
INPP1	DYNLL1	-
SH3GL3	ARHGDIA	-
PRKAR1A	CBS	x
DBN1	SNUPN	x
DST	NFYC	n
MRPL45	G3BP1	n
PTPN2	SFN	x
IFRD2	G3BP1	x
C8ORF33	ZC3H15	n
C4ORF43	G3BP1	n
GBAS	NPEPPS	n
XPO6	GSK3B	n
CLN3	XPOT	n
GAN	SFN	n
TERF2	ZC3H13	x
MDM2	USP2	-
CMTM6	UBC	-
PFDN6	UBC	-
FXR2	CBS	-
STX4	VAMP2	x
TNNT1	SEC31A	n
EP300	NAP1L4	-
DVL2	BAG3	x
MAPK1	RYK	-
IK	GRB2	x
WASH1	UBC	x
DMWD	HBB	x
PUM2	MED4	n
TNNT1	FYN	n
PDPK1	PKN2	x
DAXX	MCRS1	-
RGS2	GIT1	x
RNF167	UBE2N	-
NFYC	ADNP2	x
POU3F2	TBP	x
HYLS1	C14ORF1	-
NDC80	PFDN1	n
TOM1L1	NDC80	x
FHOD1	GRB2	x
SERPINH1	UBQLN4	-
PCBD1	RBL2	-
CCNE2	UBC	x
DR1	NFYC	n
KRR1	UBC	-
TOLLIP	PEG10	-
UBE2W	DZIP3	-
DRAP1	TTF2	-
RALA	UBC	n
UNC93B1	MBOAT7	x
PVRL2	ATP5J2	x
HMGA1	CREBBP	-
DAB2	GRB2	x
BYSL	UBC	x
SMCR7	RABAC1	-
TRIM63	SUMO2	n
EPHA4	RYK	n
KPNA4	UBC	-
PTTG1	UBC	x
GIT1	GRB2	x
NFYB	GRB2	x
WDR44	GRB2	x
STK32C	GRB2	n
TOLLIP	LDB1	-
XPO7	RAN	x
UBE2W	MIB1	-
RNF5	UBC	n
UBE2D1	TRIM26	x
CELSR2	RYK	n
USP46	IQGAP1	-
UBE2W	ZNRF1	-
IPO9	UBC	-
HIPK1	UBC	n
BICD2	DCTN2	-
ZAK	UBC	x
ELF1	UBC	x
NPM3	UBC	n
FOXP4	UBC	n
NOP14	UBC	-
EDC4	UBC	x
PDE6D	RAP1A	n
UBE2D1	XIAP	-
DNAJB1	UBC	n
SNCA	UBC	n
NSMAF	UBC	n
UBE2D1	DZIP3	-
PDLIM1	SUPT4H1	n
CLIP1	PAFAH1B1	-
PLSCR1	TFG	-
FZD7	UBQLN1	x
CNOT4	CNOT1	-
UBE2G2	TRIM43	x
AMIGO2	CACNA1A	n
CALM2	MRPL20	x
TNIK	ANK2	n
PAWR	PRKCZ	n
ALDH9A1	USP46	-
LDOC1	GNL3L	n
UBE2D1	ZNRF1	-
SYNE2	UBC	x
CBLC	UBE2R2	-
SRPRB	UBC	n
ZNF407	ZBTB9	x
ASXL1	UBC	n
UBE2D4	RNF166	n
SUV420H2	UBC	n
TXNL4A	UBC	x
RNF130	UBC	x
SYVN1	UBE2J1	n
IFT57	HIP1	n
NCOR2	AP2M1	-
WDR73	UBC	x
BFAR	UBE2D1	n
ANK2	NDEL1	n
DIP2C	PCBD1	-
ANKRD1	UBC	n
PIM1	SNX6	-
MAPK6	HSP90AB1	n
CALM2	UBC	n
UBE2L6	UBC	x
ASAP2	UBC	n
NIPSNAP3A	KIFAP3	-
UBE2D2	TRIM25	x
RPL34	UBC	n
PLSCR1	YIPF3	-
UBE2D2	TRAF7	x
TTYH3	MAPK3	-
DNMBP	WASF1	-
NRIP1	CTBP2	-
GOLM1	RPL13A	x
SRI	NRAS	x
ERCC1	UBL7	x
TWF2	ELOVL1	-
RNF38	UBC	x
PPID	UBC	n
NME7	UBC	n
BMPR2	MAPK8	-
PTP4A2	FNTA	x
FNTB	PTP4A2	x
DNAJB6	UBC	n
RBCK1	UBC	-
MSX1	DLX2	-
RBM42	UBC	n
HIST1H2BM	UBC	n
SEPT5	UBC	n
GOLM1	UBC	n
STYXL1	RPS29	x
AURKA	UBC	n
MAPK6	RPL10	n
IFIT5	USP33	x
UBE3C	UBC	x
ARHGAP10	UBC	n
SPR	UBC	x
RTCD1	UBC	x
OLA1	UBC	-
DKFZP761E198	PDLIM7	n
UBE2G2	CORO1A	x
RAB10	AURKA	n
PSMB8	PSMB9	-
UBE2R2	PNPLA2	-
RPP38	UBC	n
AGTPBP1	UBC	n
NKIRAS2	UBC	-
ISYNA1	UBC	n
FKBP1A	GLMN	n
HDAC5	TNPO1	-
AASDHPPT	UBC	-
TLK1	UBC	x
MAGEA1	SMCR7L	n
CCDC8	UBC	n
TM4SF1	UBC	n
FAM49B	UBC	n
XPO7	UBC	x
PITRM1	UBC	n
STAT5A	UBC	x
CCDC85B	CCNK	n
FOSL2	SUMO2	n
BAG1	UBC	x
NR1D1	UBC	-
UNC13B	SPTBN2	-
LTA4H	UBC	n
GAN	UBC	n
C10ORF88	UBC	n
RAD9A	UBC	x
STAT5A	MAGEA12	n
PCSK5	APPBP2	x
TP53I3	UBC	n
KRT35	UBC	x
KLF6	PNO1	n
IL7R	UBC	-
CCDC14	UBC	x
ATP2A1	UBC	n
DHX34	UBC	n
PTPRF	UBC	x
GAR1	UBC	-
FER	TMF1	n
TMEM33	UBC	n
C11ORF2	UBC	n
LETM1	UBC	n
CDKN2D	UBC	n
EPAS1	UBC	-
TCF25	UBC	n
DUSP1	UBC	x
SPAG1	UBC	n
IGHA1	UBC	x
SYDE1	UBC	n
ZFP36L1	UBC	n
SEC23IP	UBC	-
MAOA	UBC	n
DEFA1	UBC	n
SNUPN	UBC	n
PLSCR3	UBC	n
M6PR	UBC	n
WDR74	UBC	n
FGF2	UBC	n
RAB7L1	UBC	x
STX12	UBC	n
CSNK1G3	UBC	n
PMPCB	UBC	x
BTG3	UBC	x
TRIM65	UBC	n
DAAM1	UBC	n
RAB22A	EEA1	-
CECR2	UBC	n
SEC63	UBC	x
CBFA2T2	ID3	x
HM13	UBC	x
DDX11	UBC	-
TRMT1	UBC	-
BEX2	UBC	n
PIP	UBC	n
UBTD1	UBC	n
ARFGEF2	PRKAR2A	n
CWF19L1	UBC	n
RAB10	UBC	n
TMEM214	UBC	x
PLA2G16	UBC	n
ACVR2A	SYNJ2BP	n
ATP13A2	UBC	n
SLC12A3	UBC	n
DAPK1	UBC	x
EIF2B3	UBC	n
LPGAT1	UBC	x
NEO1	UBC	n
ACBD3	UBC	x
ABI3	RUNX1T1	-
MAGEA12	UBC	x
APAF1	UBC	n
MTMR8	UBC	x
ARHGAP26	UBC	n
TRIM63	TTN	n
QPRT	UBC	-
C20ORF4	UBC	-
KIAA1377	TTR	x
TARBP2	VAV2	x
COMMD3	UBC	x
BSCL2	USE1	n
BSCL2	USE1	n
