number_of_components 835
Node_name	sat_assign.	component_no.
AASDHPPT	1	1
AASS	1	2
ABCD3	1	3
ABCF2	1	4
ABI1	1	5
ABI3	1	6
ACACA	1	7
ACBD3	1	8
ACP6	1	9
ACTB	1	10
ACTG1	1	11
ACTL6A	1	12
ACTN1	1	13
ACVR2A	1	14
ADAR	1	15
ADNP2	1	16
AGFG1	1	17
AGTPBP1	1	18
AHCTF1	1	19
AIFM1	1	20
AKT1	0	2
ALDH2	1	21
ALDH7A1	0	15
ALDH9A1	1	22
AMFR	1	23
AMIGO2	1	24
AMOT	1	25
ANK2	0	15
ANKHD1-EIF4EBP3	1	15
ANKRD1	1	26
ANXA1	1	27
ANXA4	1	28
AP2M1	0	4
AP3B1	1	29
APAF1	1	30
APBB1	1	31
APC	1	32
APEX1	1	33
APPBP2	1	34
AR	1	35
ARAP1	1	36
ARFGEF2	1	37
ARHGAP10	1	38
ARHGAP26	1	39
ARHGDIA	1	40
ARHGEF2	1	41
ARID1A	1	42
ARID1B	1	43
ARIH2	1	44
ARL3	1	45
ARPC3	1	15
ARRB1	1	46
ARRB2	1	47
ASAP1	1	48
ASAP2	1	49
ASCC2	1	50
ASF1A	1	51
ASF1B	1	1
ASH2L	1	52
ASXL1	1	53
ATAD3A	1	54
ATAD3B	1	15
ATF2	1	55
ATF4	1	56
ATP13A2	1	57
ATP2A1	1	1
ATP5C1	1	58
ATP5J2	1	59
ATXN2L	1	60
AURKA	1	61
AXIN1	1	62
AZI2	0	23
BAG1	1	63
BAG3	1	64
BANF1	1	65
BARD1	1	66
BAZ1A	1	15
BAZ1B	1	67
BBS10	1	68
BCL3	1	69
BCL6	1	15
BCL7C	1	70
BCOR	0	15
BCS1L	1	71
BEX2	1	72
BFAR	1	73
BICD2	1	74
BMI1	1	75
BMPR2	1	76
BNIP2	1	77
BOLA2	0	47
BPTF	1	78
BRCA1	1	79
BRCC3	1	80
BRD7	1	81
BRE	1	82
BSCL2	1	83
BTG2	1	84
BTG3	1	85
BYSL	1	86
C10ORF88	1	87
C11ORF2	1	88
C11ORF58	0	15
C12ORF44	1	89
C14ORF1	1	21
C1ORF94	1	90
C20ORF20	0	79
C20ORF24	1	91
C20ORF4	1	1
C3ORF26	1	92
C4ORF43	1	93
C7ORF26	1	94
C8ORF33	1	95
CA2	1	96
CACNA1A	1	97
CALCOCO2	1	98
CALM2	1	99
CASP8AP2	1	100
CBFA2T2	1	101
CBLC	1	102
CBR1	1	103
CBS	1	104
CBX4	1	105
CCDC14	1	106
CCDC53	1	107
CCDC8	1	108
CCDC85B	1	109
CCNE2	1	110
CCNK	1	111
CCNT2	1	112
CCT4	1	113
CCT5	1	15
CCT8	1	114
CD4	1	115
CDC23	1	116
CDC25A	1	117
CDC25B	1	118
CDC42	1	119
CDC42SE2	0	119
CDC5L	1	120
CDC7	1	121
CDC73	1	122
CDK7	1	123
CDK9	1	124
CDKN2A	1	125
CDKN2D	1	126
CDT1	1	127
CDYL	1	128
CEBPA	1	129
CECR2	1	130
CELSR2	1	131
CENPF	0	15
CEP170	0	11
CEP63	1	132
CEP72	1	47
CEP78	1	133
CFL1	1	134
CFLAR	1	135
CHD1L	1	136
CHD3	1	137
CHD4	1	137
CHD8	1	138
CHMP1A	1	139
CHMP4A	1	140
CHMP4C	1	141
CHUK	1	142
CLIP1	1	143
CLK1	1	144
CLN3	1	145
CLP1	1	146
CLTC	1	147
CMTM6	0	1
CNOT1	0	84
CNOT3	1	148
CNOT4	0	84
CNOT7	1	149
COBRA1	1	15
COMMD3	1	150
COPA	1	151
COPB2	1	152
COPG	1	153
COPS2	1	154
COPS3	1	155
COPS5	1	156
COPS6	0	15
CORO1A	1	157
COX6B1	0	15
CPNE3	1	158
CPSF2	1	159
CPSF6	1	160
CPT1A	1	161
CREB1	1	162
CREBBP	1	163
CRMP1	1	164
CRYAB	1	165
CRYGC	0	165
CSDA	1	15
CSNK1G3	1	166
CSNK2A1	1	167
CSNK2B	0	79
CSTF2	0	159
CTBP1	1	105
CTBP2	1	168
CTNNBL1	1	169
CTNND1	1	47
CTPS	1	170
CTSB	1	171
CTTNBP2NL	1	172
CUEDC2	1	142
CUL3	0	40
CUL4A	1	173
CUL5	1	1
CWF19L1	1	174
CYFIP1	0	31
DAAM1	1	175
DAB2	1	176
DAPK1	1	177
DARS2	1	2
DAXX	0	163
DAZAP2	1	90
DBN1	1	178
DBNL	1	179
DCTN2	1	74
DDA1	0	15
DDB2	1	15
DDX1	1	180
DDX11	1	1
DDX24	1	181
DDX3X	1	182
DDX47	1	137
DDX5	0	15
DDX56	1	183
DDX6	0	15
DEFA1	1	184
DHX15	0	15
DHX34	1	185
DHX36	1	186
DIP2C	1	187
DISC1	0	11
DKFZP761E198	1	188
DLG3	1	189
DLGAP1	1	190
DLST	1	191
DLX2	1	192
DMAP1	1	193
DMWD	1	194
DNAJA1	1	15
DNAJB1	0	2
DNAJB11	1	195
DNAJB6	1	1
DNM2	1	196
DNMBP	1	197
DNMT1	0	79
DNMT3B	1	198
DNMT3L	1	199
DNTT	1	15
DPY30	1	1
DR1	1	200
DRAP1	1	201
DRG1	1	202
DST	1	203
DTX2	1	204
DUSP1	1	205
DUSP11	0	2
DVL2	1	206
DYNC1I1	1	207
DYNC1I2	1	15
DYNLL1	0	15
DYNLRB1	1	208
DYRK2	1	209
DZIP3	1	23
E2F6	1	15
EBNA1BP2	1	210
EDC4	1	211
EDEM2	1	212
EEA1	1	213
EEF1B2	1	214
EEF1G	1	215
EFTUD2	0	15
EHMT2	1	216
EIF1B	1	217
EIF2AK2	1	218
EIF2AK4	1	47
EIF2B3	1	219
EIF2C2	1	220
EIF2C3	1	221
EIF2C4	1	222
EIF3C	1	15
EIF3E	1	223
EIF3F	1	224
EIF3H	1	225
EIF3I	1	226
EIF3J	1	227
EIF4A1	1	228
EIF4B	1	229
EIF4G1	1	230
ELAVL1	1	4
ELAVL2	1	231
ELF1	1	232
ELF4	1	233
ELOVL1	1	234
EMD	1	235
ENAH	1	236
ENO1	1	237
EP300	1	238
EPAS1	1	1
EPB41L3	1	15
EPC1	1	239
EPC2	1	240
EPHA4	1	241
EPS15L1	1	242
ERBB2IP	1	243
ERCC1	1	244
ERCC5	1	15
ERLIN1	0	23
ESR1	1	245
ESR2	1	15
ESRRA	1	226
EWSR1	1	246
EXOC4	1	247
EXOSC10	1	137
EXOSC5	1	248
EXT2	1	249
EZH2	1	250
EZR	1	251
FADD	1	252
FAF1	1	253
FAF2	1	254
FAM49B	1	255
FAM82A2	1	15
FANCI	1	256
FARSB	1	15
FAS	0	21
FBXL5	0	79
FBXO4	0	15
FER	1	257
FGF2	1	258
FHL2	1	259
FHL3	1	260
FHOD1	1	261
FKBP1A	1	262
FKBP8	1	263
FLG	1	264
FLNA	1	265
FMR1	0	31
FNBP1	1	266
FNTA	1	267
FNTB	1	268
FOSL2	1	269
FOXP4	1	270
FRYL	1	271
FTH1	1	272
FTL	1	273
FTSJ3	1	274
FUCA1	1	275
FUS	1	276
FXR2	0	104
FXYD6	1	277
FYN	1	278
FZD7	1	279
G3BP1	1	280
G3BP2	1	281
GABARAP	1	282
GABARAPL1	1	283
GADD45GIP1	0	79
GAN	1	284
GANAB	1	2
GAPDH	1	285
GAR1	0	1
GBAS	1	286
GEMIN4	1	287
GGA3	1	266
GIPC1	1	288
GIT1	1	289
GLMN	1	290
GLRX3	1	291
GNA12	0	155
GNAS	1	292
GNL3L	1	293
GOLGA2	1	294
GOLM1	1	295
GORASP1	1	296
GPAA1	1	297
GRB2	1	298
GSK3B	1	299
GTF2E2	1	300
GYG1	1	301
GYS1	1	302
H1FX	1	47
H2AFX	1	303
H2AFZ	1	304
H3F3A	1	305
HAT1	0	1
HAUS6	1	306
HAUS7	1	307
HBB	1	308
HCFC1	1	309
HDAC1	1	15
HDAC2	0	137
HDAC5	0	15
HDGF	0	137
HES4	1	310
HIC1	0	105
HIF1A	1	238
HIF1AN	1	238
HIP1	0	266
HIPK1	1	311
HIPK3	1	312
HIST1H1C	1	313
HIST1H1D	1	314
HIST1H2BM	1	315
HIST1H3A	0	122
HIST1H4A	1	316
HIST1H4C	1	317
HIST1H4K	1	137
HM13	1	318
HMGA1	1	163
HNRNPC	1	319
HNRNPD	1	15
HNRNPH1	1	15
HNRNPH2	1	15
HNRNPH3	1	320
HNRNPK	1	298
HNRNPL	1	321
HNRNPM	0	15
HNRNPR	1	15
HNRNPU	1	322
HP1BP3	0	137
HSD17B10	0	137
HSP90AA1	1	155
HSP90AB1	1	323
HSPD1	1	324
HSPH1	1	325
HTT	1	326
HYLS1	0	21
HYOU1	1	327
IARS	0	15
ID3	1	328
IFFO1	1	329
IFIT5	1	330
IFRD2	1	331
IFT57	1	266
IGBP1	1	332
IGF2BP3	1	333
IGHA1	1	1
IGKC	0	15
IK	1	334
IKBKAP	1	335
IKBKG	1	336
IL7R	1	1
ILK	0	9
IMMT	1	11
ING3	1	337
ING4	1	338
INO80	1	163
INO80B	1	339
INO80C	1	340
INPP1	0	15
INSIG2	1	341
INTS1	1	342
INTS10	1	343
INTS12	1	344
INTS3	1	345
INTS5	1	346
INTS6	1	347
INTS7	1	346
INTS8	1	343
INTS9	1	348
IPO5	1	349
IPO9	0	1
IQGAP1	0	22
IRAK1	1	350
IRAK2	1	218
IRAK3	1	351
IRAK4	1	352
IRF3	1	353
IRF7	0	350
IRS4	0	2
ISYNA1	1	354
ITGB4	1	243
ITSN1	1	266
ITSN2	1	355
IVD	0	2
JUP	1	356
KAT2A	1	245
KDM2B	0	15
KDM5B	1	357
KDM6A	0	2
KHDRBS2	1	358
KHSRP	0	31
KIAA1377	1	359
KIF5B	1	360
KIFAP3	1	361
KLC1	0	15
KLF6	1	362
KPNA2	1	79
KPNA3	1	363
KPNA4	1	1
KPNB1	1	364
KRR1	0	1
KRT14	1	365
KRT15	1	366
KRT31	0	234
KRT35	1	1
KRT4	1	367
KRTAP4-12	1	368
LARP1	1	15
LDB1	0	218
LDOC1	1	1
LETM1	1	369
LIMA1	1	47
LIN7C	1	370
LLGL1	1	371
LLGL2	1	372
LONP1	1	373
LPGAT1	1	374
LSM10	1	375
LSM2	1	376
LSM5	1	377
LSM7	1	378
LTA4H	1	379
M6PR	1	380
MAGEA1	1	381
MAGEA12	1	382
MAGEH1	1	383
MAOA	1	384
MAP1B	1	385
MAP1LC3B	1	386
MAP3K1	1	1
MAP3K8	1	387
MAP4	1	388
MAPK1	1	389
MAPK13	1	390
MAPK14	1	391
MAPK3	1	392
MAPK6	1	393
MAPK8	0	76
MAPK8IP2	1	394
MARK1	1	395
MARK2	1	15
MARK3	1	396
MARK4	1	397
MAVS	1	398
MBOAT7	1	399
MCM10	1	400
MCM3	1	401
MCM4	1	402
MCM5	1	403
MCM6	1	404
MCRS1	0	163
MDM2	1	405
MED1	1	406
MED10	1	407
MED13L	1	408
MED15	1	409
MED16	1	410
MED17	1	411
MED18	1	412
MED19	1	413
MED20	1	414
MED23	1	415
MED25	1	416
MED26	0	407
MED28	1	417
MED4	1	418
MED8	1	419
MED9	1	420
MEF2C	1	391
MEPCE	1	421
MFAP1	1	422
MGMT	1	423
MGRN1	1	424
MIB1	0	23
MICALL1	1	425
MLF1IP	0	230
MLH1	1	426
MLL	1	427
MLLT3	1	428
MLLT4	1	429
MNAT1	1	430
MORF4L1	1	431
MORF4L2	1	432
MPP6	1	433
MPRIP	1	434
MRPL20	1	435
MRPL45	1	436
MRPS27	1	358
MRTO4	1	437
MSH2	1	438
MSX1	0	192
MTMR8	1	439
MYC	1	440
MYH10	1	441
MYOZ1	1	442
NACAD	1	4
NADK	0	291
NAP1L4	1	238
NBN	1	443
NCKAP1	1	444
NCOA2	1	445
NCOA6	1	446
NCOR2	1	4
NDC80	1	447
NDEL1	1	15
NDNL2	1	448
NDRG1	1	449
NDUFV2	1	164
NEDD4L	1	450
NEDD8	1	15
NEO1	1	451
NET1	0	79
NFKB1	1	452
NFKB2	0	69
NFRKB	1	453
NFYB	1	454
NFYC	1	455
NHP2L1	1	456
NIPSNAP3A	1	361
NKIRAS2	1	1
NKRF	0	15
NME7	1	1
NOLC1	1	457
NONO	1	458
NOP10	1	47
NOP14	1	1
NOP56	1	459
NPEPPS	1	460
NPLOC4	1	461
NPM1	1	15
NPM3	1	462
NR1D1	1	1
NR1I2	1	463
NR2E3	0	231
NR2F2	1	15
NR2F6	0	4
NR4A1	1	4
NRAS	1	464
NRIP1	1	168
NSF	1	465
NSFL1C	1	466
NSMAF	1	467
NUDC	1	468
NUDT21	0	160
NUDT3	1	469
NUP205	1	470
NUP214	1	471
NUP62CL	1	472
NXF1	1	473
OGT	1	472
OLA1	1	1
OPTN	1	474
OS9	1	475
OSBPL8	1	476
OTUD5	1	302
P4HA1	1	477
PAAF1	1	478
PACSIN2	0	15
PACSIN3	1	479
PAFAH1B1	1	143
PAICS	1	480
PAK1	0	15
PAK7	1	481
PARD6A	1	482
PARD6B	1	483
PARD6G	1	15
PARP1	1	136
PAWR	1	484
PBRM1	1	485
PCBD1	0	187
PCBD2	1	310
PCBP1	0	31
PCBP2	1	486
PCGF1	1	487
PCGF2	1	488
PCK1	0	161
PCNA	1	489
PCSK5	1	490
PDCD4	1	491
PDCD5	0	215
PDE6D	1	492
PDLIM1	1	493
PDLIM7	1	494
PDPK1	1	495
PDS5A	1	496
PEG10	1	218
PEX19	0	3
PFAS	1	398
PFDN1	1	447
PFDN5	0	266
PFDN6	0	1
PGR	1	497
PHC3	1	498
PHF15	0	338
PHF21A	1	40
PHF8	0	324
PHIP	1	499
PHLDB2	1	500
PHYHIP	1	21
PIAS1	1	501
PIH1D1	1	502
PIK3R1	1	503
PIM1	1	504
PINX1	1	15
PIP	1	505
PITRM1	1	506
PKM2	1	507
PKN2	1	508
PLA2G16	1	509
PLDN	0	107
PLK1	1	510
PLOD2	1	2
PLRG1	1	169
PLSCR1	1	21
PLSCR3	1	511
PLSCR4	1	21
PML	1	512
PMPCB	1	513
PMS2	0	20
PNKP	1	514
PNMA1	1	515
PNO1	1	516
PNPLA2	1	102
POLA2	1	517
POLE3	0	201
POLR2A	1	15
POLR2B	1	518
POLR2C	1	519
POLR2D	1	343
POLR2E	1	520
POLR2F	1	521
POLR2J	0	4
POLR3A	0	1
POLR3D	1	522
POT1	1	2
POU3F2	1	523
PPFIA1	1	524
PPID	1	525
PPIE	1	526
PPIH	1	421
PPM1G	1	527
PPME1	1	528
PPP1CB	1	529
PPP1R12A	1	47
PPP2CB	1	15
PPP2R1A	1	530
PPP2R2C	1	531
PPP2R2D	1	532
PPP4C	0	15
PQBP1	1	21
PRC1	1	533
PRDX4	1	2
PRIM2	1	534
PRKAA2	1	535
PRKAB1	1	536
PRKAG2	1	537
PRKAR1A	1	538
PRKAR2A	1	539
PRKCI	1	540
PRKCZ	1	155
PRKDC	1	541
PRKRA	1	542
PRMT1	1	15
PRMT5	1	543
PRPF19	1	15
PRPF3	1	544
PRPF31	1	545
PRPF4	1	546
PRPF40A	1	15
PRPF8	1	547
PRSS23	1	548
PSD3	0	20
PSMA1	1	549
PSMA2	0	161
PSMA4	1	550
PSMA7	0	79
PSMB1	0	254
PSMB4	1	551
PSMB5	1	552
PSMB7	1	553
PSMB8	1	554
PSMB9	0	554
PSMC1	1	555
PSMC2	1	556
PSMC4	1	557
PSMC5	1	558
PSMC6	1	559
PSMD1	1	560
PSMD10	1	560
PSMD11	1	561
PSMD12	1	562
PSMD13	1	79
PSMD14	1	563
PSMD2	1	564
PSMD3	1	565
PSMD4	1	566
PSMD6	1	567
PSMD7	1	568
PSTPIP1	1	15
PTCD3	0	56
PTK2	0	15
PTP4A1	1	569
PTP4A2	1	570
PTPN14	1	571
PTPN2	1	572
PTPRF	1	573
PTTG1	1	574
PUM2	1	575
PVRL2	1	576
PWP1	1	577
PWP2	0	218
QARS	1	158
QKI	1	418
QPRT	1	1
RAB10	1	578
RAB1A	1	579
RAB22A	0	213
RAB37	1	580
RAB7L1	1	581
RAB8A	1	474
RABAC1	1	11
RABEP1	1	266
RAD21	1	582
RAD23A	0	254
RAD50	1	79
RAD51	0	79
RAD9A	1	583
RAE1	1	584
RAF1	1	585
RAI14	1	586
RALA	1	587
RALY	1	588
RAN	1	589
RAP1A	1	585
RARG	1	4
RARS	1	158
RB1	0	585
RB1CC1	0	179
RBBP4	1	163
RBBP6	1	590
RBBP7	1	591
RBCK1	1	1
RBL2	1	187
RBM25	0	15
RBM28	1	592
RBM39	0	15
RBM42	1	593
RBM6	1	594
RBMX	1	595
RBPMS	1	204
RCC1	1	596
RCL1	1	597
RCOR1	0	15
RECQL5	1	15
RELB	1	598
RFK	1	599
RGL2	1	600
RGS2	0	68
RHOXF2	1	522
RIC8A	0	292
RICTOR	1	601
RIN1	1	602
RIPK1	1	603
RNF10	1	604
RNF130	1	605
RNF166	1	606
RNF167	1	607
RNF185	1	608
RNF2	1	609
RNF219	1	610
RNF38	1	611
RNF5	1	612
RNPS1	1	613
ROBO1	1	614
RPA1	1	615
RPA2	0	164
RPAP1	1	324
RPAP2	1	616
RPL10	1	617
RPL13A	1	618
RPL15	1	1
RPL17	0	469
RPL18	1	47
RPL21	1	15
RPL3	1	619
RPL30	1	620
RPL34	1	621
RPL38	0	421
RPL4	0	161
RPL6	0	40
RPL7	0	15
RPL7A	1	1
RPL7L1	1	47
RPP38	1	1
RPS12	1	40
RPS13	1	15
RPS16	1	622
RPS23	1	137
RPS26	1	15
RPS29	1	623
RPS3A	1	624
RPS4X	1	625
RPS6KA6	1	4
RRP1B	1	15
RTCD1	1	626
RUNX1	0	137
RUNX1T1	1	6
RUVBL1	1	627
RUVBL2	1	502
RXRA	1	628
RXRB	1	629
RYBP	0	488
RYK	1	389
SALL1	1	630
SAP18	1	631
SAP30	1	137
SART3	1	421
SASS6	1	632
SCAND1	1	633
SCFD1	1	634
SCMH1	0	105
SCML1	1	635
SCYL2	1	636
SDHC	1	637
SEC23IP	1	1
SEC31A	1	638
SEC63	1	1
SEPT5	1	639
SERPINH1	1	640
SET	1	31
SETD1A	1	641
SF3A1	1	31
SF3A2	1	642
SF3B1	0	15
SF3B2	1	643
SF3B3	1	644
SF3B5	0	31
SFN	1	645
SH3BP4	1	646
SH3GL3	1	40
SH3KBP1	1	40
SHC1	1	647
SHFM1	1	79
SIN3B	1	648
SIRT1	1	649
SIRT7	1	650
SKP1	1	487
SKP2	1	651
SLC12A3	1	652
SLC25A3	1	653
SLC25A5	0	137
SLC25A6	1	654
SLC2A1	0	288
SMAD3	1	655
SMARCA2	0	543
SMARCA4	0	79
SMARCA5	1	656
SMARCAD1	0	15
SMARCC2	0	485
SMARCD2	1	657
SMC3	1	658
SMC4	0	15
SMC6	0	448
SMCR7	0	11
SMCR7L	0	15
SMEK1	0	15
SMNDC1	1	659
SMTN	1	660
SNAPIN	1	661
SNCA	1	662
SND1	1	663
SNRNP40	1	4
SNRNP70	1	664
SNRPB	1	665
SNRPD1	1	666
SNRPD3	1	15
SNRPE	1	667
SNRPF	1	31
SNUPN	0	1
SNW1	1	4
SNX1	1	668
SNX6	1	504
SOX2	1	669
SP100	1	670
SPAG1	1	671
SPR	1	672
SPRY2	1	673
SPTA1	1	674
SPTBN1	1	675
SPTBN2	1	676
SQSTM1	1	476
SRBD1	0	421
SRC	1	677
SREBF1	1	678
SREBF2	0	475
SRI	1	679
SRP14	1	680
SRPK1	1	681
SRPRB	1	682
SRRM1	1	15
SRRM2	1	224
SSRP1	1	683
SSSCA1	1	15
SSU72	1	79
STAG1	1	496
STAG2	1	684
STAT1	1	685
STAT5A	1	686
STAT6	1	687
STBD1	1	688
STK16	1	689
STK24	0	530
STK3	1	690
STK32C	1	691
STK38	1	47
STRN	1	113
STRN3	1	692
STRN4	1	693
STT3A	1	694
STX12	1	695
STX18	1	696
STX4	1	697
STX8	1	698
STYXL1	1	699
SUMO1	1	700
SUMO2	0	40
SUMO3	1	701
SUPT4H1	0	246
SUV420H2	1	702
SUZ12	1	703
SYDE1	1	704
SYMPK	0	15
SYNE2	1	705
SYNJ2BP	1	706
SYVN1	1	707
TAF1	1	708
TAF10	1	709
TAF12	1	710
TAF13	1	711
TAF1C	0	303
TAF4	1	712
TAF5L	1	713
TAF6L	1	714
TANK	1	350
TARBP2	1	715
TARDBP	1	716
TBC1D17	0	15
TBP	1	717
TBX1	0	2
TCEA2	1	4
TCEAL1	0	15
TCERG1	0	31
TCF25	1	718
TCP1	1	719
TELO2	1	720
TERF2	1	2
TERF2IP	1	2
TFAP2C	1	721
TFDP1	1	187
TFG	1	21
TH1L	1	15
THOC3	1	722
THOC4	1	723
THRA	1	724
THRAP3	0	2
TIFA	1	725
TIPRL	0	15
TK1	1	668
TLK1	1	726
TLN1	1	2
TM4SF1	1	727
TMEM102	0	15
TMEM173	1	728
TMEM214	1	729
TMEM33	1	730
TMF1	0	257
TNFAIP8	0	569
TNFRSF8	1	731
TNIK	1	732
TNNT1	1	733
TNPO1	0	15
TOLLIP	1	218
TOM1L1	1	218
TOP1	1	734
TOP2B	1	40
TOP3B	1	735
TOPORS	0	15
TP53	1	736
TP53BP2	1	737
TP53I3	1	738
TPR	1	739
TRA2A	1	740
TRADD	1	741
TRAF2	1	742
TRAF3IP3	0	15
TRAF4	1	743
TRAF6	1	398
TRAF7	1	744
TRAP1	1	389
TRIM21	1	745
TRIM24	1	746
TRIM25	1	747
TRIM26	1	748
TRIM37	1	749
TRIM43	1	750
TRIM63	1	751
TRIM65	1	752
TRIP10	1	753
TRIP13	1	164
TRIP4	1	238
TRMT1	1	1
TRRAP	1	754
TSC1	1	15
TSC22D4	1	111
TSEN2	1	755
TSG101	1	193
TSR1	1	756
TSR2	1	757
TTC1	1	758
TTC28	1	82
TTF2	1	201
TTN	1	759
TTR	1	760
TTYH3	0	392
TUBA1A	1	761
TUBA1B	1	762
TUBA3C	1	47
TUBB2A	0	11
TUBB3	1	614
TUBGCP4	1	763
TWF2	0	234
TXNL1	1	764
TXNL4A	1	765
U2AF1	1	766
UBA2	1	767
UBA5	1	768
UBASH3B	0	137
UBC	1	1
UBE2B	1	45
UBE2D1	1	23
UBE2D2	1	769
UBE2D4	1	770
UBE2G2	1	771
UBE2I	1	772
UBE2J1	1	773
UBE2J2	1	774
UBE2K	1	775
UBE2L6	1	776
UBE2N	0	607
UBE2R2	0	102
UBE2W	0	23
UBE3C	1	777
UBE4B	1	778
UBL4A	1	1
UBL7	1	779
UBQLN1	1	780
UBQLN4	1	640
UBR1	1	45
UBR4	0	254
UBR5	0	254
UBTD1	1	781
UBTF	1	708
UCHL5	1	764
UCP2	1	782
UCP3	1	783
UEVLD	1	784
UGP2	1	785
UHRF1	0	79
UIMC1	1	79
UNC119	1	786
UNC13B	1	676
UNC93B1	1	787
UQCRC1	1	31
USE1	1	788
USHBP1	1	763
USP1	1	789
USP11	1	79
USP12	1	790
USP13	1	791
USP14	1	792
USP2	0	405
USP20	1	568
USP21	1	793
USP22	1	794
USP25	1	795
USP3	1	796
USP33	1	797
USP36	0	218
USP39	1	798
USP4	0	745
USP42	1	799
USP45	1	800
USP46	0	22
USP5	1	801
USP7	1	15
USP9X	1	802
UTP18	1	803
VAMP2	0	697
VAPA	1	804
VAT1	1	805
VAV2	1	806
VCP	1	807
VDAC1	1	808
VDR	0	406
VHL	1	319
VPS4A	1	139
WAPAL	0	36
WAS	0	15
WASF1	1	197
WASH1	1	809
WDHD1	1	445
WDR20	1	474
WDR26	1	810
WDR33	1	289
WDR44	1	811
WDR5	1	812
WDR73	1	813
WDR74	1	814
WDR77	1	47
WDTC1	1	815
WHSC1L1	1	816
WIPF1	1	817
WIPF2	1	818
WIPI2	0	468
WWOX	0	15
XAB2	0	1
XIAP	0	23
XPO6	1	819
XPO7	1	820
XPOT	1	821
XRCC4	1	822
XRCC5	1	823
YBX1	1	1
YIPF3	1	21
YLPM1	1	824
YOD1	1	825
YWHAB	0	15
YWHAE	1	117
YWHAG	0	15
YWHAQ	1	401
YWHAZ	1	826
YY1	1	827
ZAK	1	828
ZBED1	1	1
ZBTB16	1	512
ZBTB9	1	829
ZC3H11A	1	426
ZC3H13	1	419
ZC3H15	1	830
ZFP36L1	1	831
ZFP64	1	832
ZMYM2	1	833
ZMYND8	1	15
ZNF281	0	2
ZNF346	1	218
ZNF407	1	834
ZNF426	0	98
ZNF513	0	832
ZNF638	1	835
ZNRF1	1	23
